2025-05-05 14:48:42,177 - workflows.workflow_base - INFO - Created workflow folder: T:/Clients/M-O/NewAmsterdam Pharma B.V.,/Projects/2025149_NonGMP_Otra_Comprehensive screen/Data/SEM/SEM1-457\MagGridWorkflow
2025-05-05 14:48:42,193 - workflows.workflow_base - INFO - Saved collection: T:/Clients/M-O/NewAmsterdam Pharma B.V.,/Projects/2025149_NonGMP_Otra_Comprehensive screen/Data/SEM/SEM1-457\MagGridWorkflow\collection_568b745f-b161-4890-92c4-3ae59ef00e3b.json
2025-05-05 14:48:43,693 - workflows.workflow_base - INFO - Saved collection: T:/Clients/M-O/NewAmsterdam Pharma B.V.,/Projects/2025149_NonGMP_Otra_Comprehensive screen/Data/SEM/SEM1-457\MagGridWorkflow\collection_26a9c6d8-48c8-4c8d-848e-ac4e6490b3d9.json
2025-05-05 14:48:44,010 - workflows.workflow_base - INFO - Saved collection: T:/Clients/M-O/NewAmsterdam Pharma B.V.,/Projects/2025149_NonGMP_Otra_Comprehensive screen/Data/SEM/SEM1-457\MagGridWorkflow\collection_8c7447cd-0549-49e2-98ab-071feff909b6.json
2025-05-05 14:48:44,610 - workflows.workflow_base - INFO - Saved collection: T:/Clients/M-O/NewAmsterdam Pharma B.V.,/Projects/2025149_NonGMP_Otra_Comprehensive screen/Data/SEM/SEM1-457\MagGridWorkflow\collection_63c7222e-ba69-4640-8aa1-c65a3dbe5f64.json
2025-05-05 14:48:44,860 - workflows.workflow_base - INFO - Saved collection: T:/Clients/M-O/NewAmsterdam Pharma B.V.,/Projects/2025149_NonGMP_Otra_Comprehensive screen/Data/SEM/SEM1-457\MagGridWorkflow\collection_bbe9ad7c-ff2a-4915-9078-44d110965240.json
2025-05-05 14:48:45,343 - workflows.workflow_base - INFO - Saved collection: T:/Clients/M-O/NewAmsterdam Pharma B.V.,/Projects/2025149_NonGMP_Otra_Comprehensive screen/Data/SEM/SEM1-457\MagGridWorkflow\collection_c63a61f4-e486-47d2-9ccb-f991b7fea2f1.json
2025-05-05 14:48:45,543 - workflows.workflow_base - INFO - Saved collection: T:/Clients/M-O/NewAmsterdam Pharma B.V.,/Projects/2025149_NonGMP_Otra_Comprehensive screen/Data/SEM/SEM1-457\MagGridWorkflow\collection_878aaf8c-bd62-44a5-ac21-caf9b87b8d1b.json
2025-05-05 14:48:45,909 - workflows.workflow_base - INFO - Saved collection: T:/Clients/M-O/NewAmsterdam Pharma B.V.,/Projects/2025149_NonGMP_Otra_Comprehensive screen/Data/SEM/SEM1-457\MagGridWorkflow\collection_36ac3773-61b9-4078-b0c6-c1ede4522ca6.json
2025-05-05 14:48:46,060 - workflows.workflow_base - INFO - Saved collection: T:/Clients/M-O/NewAmsterdam Pharma B.V.,/Projects/2025149_NonGMP_Otra_Comprehensive screen/Data/SEM/SEM1-457\MagGridWorkflow\collection_f80d80f0-8bfe-40a0-8ce6-7d7df6579674.json
2025-05-05 14:48:46,293 - workflows.workflow_base - INFO - Saved collection: T:/Clients/M-O/NewAmsterdam Pharma B.V.,/Projects/2025149_NonGMP_Otra_Comprehensive screen/Data/SEM/SEM1-457\MagGridWorkflow\collection_588c2dc4-4d86-4e27-8a8d-aaa54bf40ca2.json
2025-05-05 14:48:46,377 - workflows.workflow_base - INFO - Saved collection: T:/Clients/M-O/NewAmsterdam Pharma B.V.,/Projects/2025149_NonGMP_Otra_Comprehensive screen/Data/SEM/SEM1-457\MagGridWorkflow\collection_c45e38b6-3fa1-4c65-8bcc-be40ca77c456.json
2025-05-05 14:48:46,527 - workflows.workflow_base - INFO - Saved collection: T:/Clients/M-O/NewAmsterdam Pharma B.V.,/Projects/2025149_NonGMP_Otra_Comprehensive screen/Data/SEM/SEM1-457\MagGridWorkflow\collection_fb70e796-04fc-4eec-ab55-011557f74cce.json
2025-05-05 14:48:46,729 - workflows.workflow_base - INFO - Saved collection: T:/Clients/M-O/NewAmsterdam Pharma B.V.,/Projects/2025149_NonGMP_Otra_Comprehensive screen/Data/SEM/SEM1-457\MagGridWorkflow\collection_d71d4864-9126-455e-ad3f-8c27b086c362.json
2025-05-05 14:49:28,510 - workflows.workflow_base - INFO - Saving grid image to: T:/Clients/M-O/NewAmsterdam Pharma B.V.,/Projects/2025149_NonGMP_Otra_Comprehensive screen/Data/SEM\Grids\SEM1-457_1636-64-04_OTRA-11 PVP K-30_MagGrid-1.png
2025-05-05 14:49:30,327 - workflows.workflow_base - INFO - Saving caption to: T:/Clients/M-O/NewAmsterdam Pharma B.V.,/Projects/2025149_NonGMP_Otra_Comprehensive screen/Data/SEM\Grids\SEM1-457_1636-64-04_OTRA-11 PVP K-30_MagGrid-1.txt
2025-05-05 14:49:30,361 - workflows.workflow_base - INFO - Saving collection data to: T:/Clients/M-O/NewAmsterdam Pharma B.V.,/Projects/2025149_NonGMP_Otra_Comprehensive screen/Data/SEM\Grids\SEM1-457_1636-64-04_OTRA-11 PVP K-30_MagGrid-1.json
2025-05-05 14:49:30,377 - workflows.workflow_base - INFO - Export completed successfully
2025-05-05 14:49:36,261 - workflows.workflow_base - INFO - Saving grid image to: T:/Clients/M-O/NewAmsterdam Pharma B.V.,/Projects/2025149_NonGMP_Otra_Comprehensive screen/Data/SEM\Grids\SEM1-457_1636-64-04_OTRA-11 PVP K-30_MagGrid-2.png
2025-05-05 14:49:38,010 - workflows.workflow_base - INFO - Saving caption to: T:/Clients/M-O/NewAmsterdam Pharma B.V.,/Projects/2025149_NonGMP_Otra_Comprehensive screen/Data/SEM\Grids\SEM1-457_1636-64-04_OTRA-11 PVP K-30_MagGrid-2.txt
2025-05-05 14:49:38,027 - workflows.workflow_base - INFO - Saving collection data to: T:/Clients/M-O/NewAmsterdam Pharma B.V.,/Projects/2025149_NonGMP_Otra_Comprehensive screen/Data/SEM\Grids\SEM1-457_1636-64-04_OTRA-11 PVP K-30_MagGrid-2.json
2025-05-05 14:49:38,044 - workflows.workflow_base - INFO - Export completed successfully
2025-05-05 14:49:44,894 - workflows.workflow_base - INFO - Saving grid image to: T:/Clients/M-O/NewAmsterdam Pharma B.V.,/Projects/2025149_NonGMP_Otra_Comprehensive screen/Data/SEM\Grids\SEM1-457_1636-64-04_OTRA-11 PVP K-30_MagGrid-3.png
2025-05-05 14:49:46,061 - workflows.workflow_base - INFO - Saving caption to: T:/Clients/M-O/NewAmsterdam Pharma B.V.,/Projects/2025149_NonGMP_Otra_Comprehensive screen/Data/SEM\Grids\SEM1-457_1636-64-04_OTRA-11 PVP K-30_MagGrid-3.txt
2025-05-05 14:49:46,077 - workflows.workflow_base - INFO - Saving collection data to: T:/Clients/M-O/NewAmsterdam Pharma B.V.,/Projects/2025149_NonGMP_Otra_Comprehensive screen/Data/SEM\Grids\SEM1-457_1636-64-04_OTRA-11 PVP K-30_MagGrid-3.json
2025-05-05 14:49:46,094 - workflows.workflow_base - INFO - Export completed successfully
2025-05-05 14:49:49,627 - workflows.workflow_base - INFO - Saving grid image to: T:/Clients/M-O/NewAmsterdam Pharma B.V.,/Projects/2025149_NonGMP_Otra_Comprehensive screen/Data/SEM\Grids\SEM1-457_1636-64-04_OTRA-11 PVP K-30_MagGrid-4.png
2025-05-05 14:49:50,794 - workflows.workflow_base - INFO - Saving caption to: T:/Clients/M-O/NewAmsterdam Pharma B.V.,/Projects/2025149_NonGMP_Otra_Comprehensive screen/Data/SEM\Grids\SEM1-457_1636-64-04_OTRA-11 PVP K-30_MagGrid-4.txt
2025-05-05 14:49:50,810 - workflows.workflow_base - INFO - Saving collection data to: T:/Clients/M-O/NewAmsterdam Pharma B.V.,/Projects/2025149_NonGMP_Otra_Comprehensive screen/Data/SEM\Grids\SEM1-457_1636-64-04_OTRA-11 PVP K-30_MagGrid-4.json
2025-05-05 14:49:50,827 - workflows.workflow_base - INFO - Export completed successfully
2025-05-05 14:50:12,126 - workflows.workflow_base - INFO - Saved collection: T:/Clients/M-O/NewAmsterdam Pharma B.V.,/Projects/2025149_NonGMP_Otra_Comprehensive screen/Data/SEM/SEM1-457\CompareGridWorkflow\collection_compare_sed_95_10.0.json
2025-05-05 14:50:12,143 - workflows.workflow_base - INFO - Saved collection: T:/Clients/M-O/NewAmsterdam Pharma B.V.,/Projects/2025149_NonGMP_Otra_Comprehensive screen/Data/SEM/SEM1-457\CompareGridWorkflow\collection_compare_sed_250_10.0.json
2025-05-05 14:50:12,176 - workflows.workflow_base - INFO - Saved collection: T:/Clients/M-O/NewAmsterdam Pharma B.V.,/Projects/2025149_NonGMP_Otra_Comprehensive screen/Data/SEM/SEM1-457\CompareGridWorkflow\collection_compare_sed_499_10.0.json
2025-05-05 14:50:12,194 - workflows.workflow_base - INFO - Saved collection: T:/Clients/M-O/NewAmsterdam Pharma B.V.,/Projects/2025149_NonGMP_Otra_Comprehensive screen/Data/SEM/SEM1-457\CompareGridWorkflow\collection_compare_sed_1000_10.0.json
2025-05-05 14:50:12,227 - workflows.workflow_base - INFO - Saved collection: T:/Clients/M-O/NewAmsterdam Pharma B.V.,/Projects/2025149_NonGMP_Otra_Comprehensive screen/Data/SEM/SEM1-457\CompareGridWorkflow\collection_compare_sed_2000_10.0.json
2025-05-05 14:50:12,261 - workflows.workflow_base - INFO - Saved collection: T:/Clients/M-O/NewAmsterdam Pharma B.V.,/Projects/2025149_NonGMP_Otra_Comprehensive screen/Data/SEM/SEM1-457\CompareGridWorkflow\collection_compare_sed_3999_10.0.json
2025-05-05 14:50:12,277 - workflows.workflow_base - INFO - Saved collection: T:/Clients/M-O/NewAmsterdam Pharma B.V.,/Projects/2025149_NonGMP_Otra_Comprehensive screen/Data/SEM/SEM1-457\CompareGridWorkflow\collection_compare_sed_7999_10.0.json
2025-05-05 14:50:12,294 - workflows.workflow_base - INFO - Saved collection: T:/Clients/M-O/NewAmsterdam Pharma B.V.,/Projects/2025149_NonGMP_Otra_Comprehensive screen/Data/SEM/SEM1-457\CompareGridWorkflow\collection_compare_sed_10707_10.0.json
2025-05-05 14:50:12,310 - workflows.workflow_base - INFO - Saved collection: T:/Clients/M-O/NewAmsterdam Pharma B.V.,/Projects/2025149_NonGMP_Otra_Comprehensive screen/Data/SEM/SEM1-457\CompareGridWorkflow\collection_compare_sed_12563_10.0.json
2025-05-05 14:50:12,327 - workflows.workflow_base - INFO - Saved collection: T:/Clients/M-O/NewAmsterdam Pharma B.V.,/Projects/2025149_NonGMP_Otra_Comprehensive screen/Data/SEM/SEM1-457\CompareGridWorkflow\collection_compare_sed_52018_10.0.json
