2025-03-18 09:46:25,253 - models.session - INFO - SessionManager initialized
2025-03-18 09:46:34,537 - models.session - INFO - Creating new session info for: C:\Users\bmibeck
2025-03-18 09:46:34,542 - models.session - INFO - Metadata CSV file not found: C:\Users\bmibeck\metadata.csv
2025-03-18 09:46:34,543 - models.session - INFO - Opened session with 0 image files: C:\Users\bmibeck
2025-03-18 09:46:40,277 - models.session - INFO - Creating new session info for: C:\Users\bmibeck
2025-03-18 09:46:40,281 - models.session - INFO - Metadata CSV file not found: C:\Users\bmibeck\metadata.csv
2025-03-18 09:46:40,282 - models.session - INFO - Opened session with 0 image files: C:\Users\bmibeck
2025-03-18 09:46:52,402 - models.session - INFO - Loaded session info: C:/Z/_Blaise_Tools/_Notes/SEM1-436\session_info.json
2025-03-18 09:46:52,407 - models.session - INFO - Loaded metadata for 53 images from CSV file
2025-03-18 09:46:52,407 - models.session - INFO - Opened session with 53 image files: C:/Z/_Blaise_Tools/_Notes/SEM1-436
2025-03-18 09:50:19,849 - models.session - INFO - SessionManager initialized
2025-03-18 09:50:29,055 - models.session - INFO - Loaded session info: C:/Z/_Blaise_Tools/_Notes/SEM1-436\session_info.json
2025-03-18 09:50:29,060 - models.session - INFO - Loaded metadata for 53 images from CSV file
2025-03-18 09:50:29,061 - models.session - INFO - Opened session with 53 image files: C:/Z/_Blaise_Tools/_Notes/SEM1-436
2025-03-18 09:52:41,441 - models.session - INFO - SessionManager initialized
2025-03-18 09:52:51,180 - models.session - INFO - Loaded session info: C:/Z/_Blaise_Tools/_Notes/SEM1-436\session_info.json
2025-03-18 09:52:51,185 - models.session - INFO - Loaded metadata for 53 images from CSV file
2025-03-18 09:52:51,185 - models.session - INFO - Opened session with 53 image files: C:/Z/_Blaise_Tools/_Notes/SEM1-436
2025-03-18 09:53:29,969 - models.session - INFO - SessionManager initialized
2025-03-18 09:53:41,862 - models.session - INFO - Loaded session info: C:/Z/_Blaise_Tools/_Notes/SEM1-436\session_info.json
2025-03-18 09:53:41,870 - models.session - INFO - Loaded metadata for 53 images from CSV file
2025-03-18 09:53:41,871 - models.session - INFO - Opened session with 53 image files: C:/Z/_Blaise_Tools/_Notes/SEM1-436
2025-03-18 10:15:19,093 - models.session - INFO - SessionManager initialized
2025-03-18 10:15:27,852 - models.session - INFO - Loaded session info: C:/Z/_Blaise_Tools/_Notes/SEM1-436\session_info.json
2025-03-18 10:15:27,856 - models.session - INFO - Loaded metadata for 53 images from CSV file
2025-03-18 10:15:27,856 - models.session - INFO - Opened session with 53 image files: C:/Z/_Blaise_Tools/_Notes/SEM1-436
2025-03-18 10:21:12,246 - models.session - INFO - SessionManager initialized
2025-03-18 10:21:22,940 - models.session - INFO - Loaded session info: C:/Z/_Blaise_Tools/_Notes/SEM1-436\session_info.json
2025-03-18 10:21:22,945 - models.session - INFO - Loaded metadata for 53 images from CSV file
2025-03-18 10:21:22,946 - models.session - INFO - Opened session with 53 image files: C:/Z/_Blaise_Tools/_Notes/SEM1-436
2025-03-18 10:26:31,369 - models.session - INFO - SessionManager initialized
2025-03-18 10:26:53,927 - models.session - INFO - Loaded session info: C:/Z/_Blaise_Tools/_Notes/SEM1-436\session_info.json
2025-03-18 10:26:53,936 - models.session - INFO - Loaded metadata for 53 images from CSV file
2025-03-18 10:26:53,936 - models.session - INFO - Opened session with 53 image files: C:/Z/_Blaise_Tools/_Notes/SEM1-436
2025-03-18 11:27:34,317 - models.session - INFO - SessionManager initialized
2025-03-18 11:27:46,081 - models.session - INFO - Loaded session info: C:/Z/_Blaise_Tools/_Notes/SEM1-436\session_info.json
2025-03-18 11:27:46,087 - models.session - INFO - Loaded metadata for 53 images from CSV file
2025-03-18 11:27:46,088 - models.session - INFO - Opened session with 53 image files: C:/Z/_Blaise_Tools/_Notes/SEM1-436
2025-03-18 11:27:49,514 - models.session - INFO - Saved metadata to: C:/Z/_Blaise_Tools/_Notes/SEM1-436\SEM1-436_metadata.csv
2025-03-18 11:39:23,855 - models.session - INFO - Saved metadata to: C:/Z/_Blaise_Tools/_Notes/SEM1-436\SEM1-436_metadata.csv
2025-03-18 11:53:35,740 - models.session - INFO - SessionManager initialized
2025-03-18 11:53:46,900 - models.session - INFO - Loaded session info: C:/Z/_Blaise_Tools/_Notes/SEM1-436\session_info.json
2025-03-18 11:53:46,909 - models.session - INFO - Loaded metadata for 53 images from CSV file
2025-03-18 11:53:46,909 - models.session - INFO - Opened session with 53 image files: C:/Z/_Blaise_Tools/_Notes/SEM1-436
2025-03-18 12:03:29,433 - models.session - INFO - SessionManager initialized
2025-03-18 12:03:40,815 - models.session - INFO - Loaded session info: C:/Z/_Blaise_Tools/_Notes/SEM1-436\session_info.json
2025-03-18 12:03:40,820 - models.session - INFO - Loaded metadata for 53 images from CSV file
2025-03-18 12:03:40,821 - models.session - INFO - Opened session with 53 image files: C:/Z/_Blaise_Tools/_Notes/SEM1-436
2025-03-18 12:05:53,423 - models.session - INFO - SessionManager initialized
2025-03-18 12:05:59,230 - models.session - INFO - Loaded session info: C:/Z/_Blaise_Tools/_Notes/SEM1-436\session_info.json
2025-03-18 12:05:59,234 - models.session - INFO - Loaded metadata for 53 images from CSV file
2025-03-18 12:05:59,235 - models.session - INFO - Opened session with 53 image files: C:/Z/_Blaise_Tools/_Notes/SEM1-436
2025-03-18 12:23:14,004 - models.session - INFO - SessionManager initialized
2025-03-18 12:23:17,865 - models.session - INFO - Loaded session info: C:/Z/_Blaise_Tools/_Notes/SEM1-436\session_info.json
2025-03-18 12:23:17,872 - models.session - INFO - Loaded metadata for 53 images from CSV file
2025-03-18 12:23:17,872 - models.session - INFO - Opened session with 53 image files: C:/Z/_Blaise_Tools/_Notes/SEM1-436
2025-03-18 12:26:33,523 - models.session - INFO - SessionManager initialized
2025-03-18 12:26:37,078 - models.session - INFO - Loaded session info: C:/Z/_Blaise_Tools/_Notes/SEM1-436\session_info.json
2025-03-18 12:26:37,083 - models.session - INFO - Loaded metadata for 53 images from CSV file
2025-03-18 12:26:37,083 - models.session - INFO - Opened session with 53 image files: C:/Z/_Blaise_Tools/_Notes/SEM1-436
2025-03-18 12:26:41,453 - models.session - ERROR - Error saving metadata CSV: [Errno 13] Permission denied: 'C:/Z/_Blaise_Tools/_Notes/SEM1-436\\SEM1-436_metadata.csv'
