2025-03-18 09:46:25,605 - ui.main_window - INFO - Main window initialized
2025-03-18 09:46:34,545 - ui.main_window - INFO - Session opened signal received: C:\Users\bmibeck
2025-03-18 09:46:40,283 - ui.main_window - INFO - Session opened signal received: C:\Users\bmibeck
2025-03-18 09:46:52,409 - ui.main_window - INFO - Session opened signal received: C:/Z/_Blaise_Tools/_Notes/SEM1-436
2025-03-18 09:50:20,006 - ui.main_window - INFO - Main window initialized
2025-03-18 09:50:29,063 - ui.main_window - INFO - Session opened signal received: C:/Z/_Blaise_Tools/_Notes/SEM1-436
2025-03-18 09:52:41,599 - ui.main_window - INFO - Main window initialized
2025-03-18 09:52:51,186 - ui.main_window - INFO - Session opened signal received: C:/Z/_Blaise_Tools/_Notes/SEM1-436
2025-03-18 09:53:30,126 - ui.main_window - INFO - Main window initialized
2025-03-18 09:53:41,871 - ui.main_window - INFO - Session opened signal received: C:/Z/_Blaise_Tools/_Notes/SEM1-436
2025-03-18 10:15:19,257 - ui.main_window - INFO - Main window initialized
2025-03-18 10:15:27,857 - ui.main_window - INFO - Session opened signal received: C:/Z/_Blaise_Tools/_Notes/SEM1-436
2025-03-18 10:21:12,410 - ui.main_window - INFO - Main window initialized
2025-03-18 10:21:22,947 - ui.main_window - INFO - Session opened signal received: C:/Z/_Blaise_Tools/_Notes/SEM1-436
2025-03-18 10:23:14,755 - ui.main_window - INFO - Collection selected signal received: 4611799b-9624-4a48-bdeb-eccc5aec56b9
2025-03-18 10:23:28,993 - ui.main_window - INFO - Create grid requested signal received: 4611799b-9624-4a48-bdeb-eccc5aec56b9
2025-03-18 10:23:37,299 - ui.main_window - INFO - Collection selected signal received: a960b2d4-5856-4c44-8036-73093accd23f
2025-03-18 10:23:41,445 - ui.main_window - INFO - Collection selected signal received: 14f1d6f2-fac0-4a53-be44-50d69af590df
2025-03-18 10:23:44,775 - ui.main_window - INFO - Collection selected signal received: dd9fbf3e-ad2c-4853-9189-96c9632ad0e6
2025-03-18 10:26:31,524 - ui.main_window - INFO - Main window initialized
2025-03-18 10:26:53,938 - ui.main_window - INFO - Session opened signal received: C:/Z/_Blaise_Tools/_Notes/SEM1-436
2025-03-18 10:27:50,194 - ui.main_window - INFO - Collection selected signal received: 2725d419-6710-4683-b1b3-bf8cdc11ce71
2025-03-18 10:28:01,444 - ui.main_window - INFO - Create grid requested signal received: 2725d419-6710-4683-b1b3-bf8cdc11ce71
2025-03-18 10:28:27,010 - ui.main_window - INFO - Collection selected signal received: 2b23f304-43cb-41fd-a68c-24714fb49763
2025-03-18 10:28:31,124 - ui.main_window - INFO - Create grid requested signal received: 2b23f304-43cb-41fd-a68c-24714fb49763
2025-03-18 10:28:58,590 - ui.main_window - INFO - Export requested signal received: 2b23f304-43cb-41fd-a68c-24714fb49763
2025-03-18 10:29:13,180 - ui.main_window - INFO - Create grid requested signal received: 2b23f304-43cb-41fd-a68c-24714fb49763
2025-03-18 10:29:18,499 - ui.main_window - INFO - Create grid requested signal received: 2b23f304-43cb-41fd-a68c-24714fb49763
2025-03-18 10:33:01,891 - ui.main_window - INFO - Collection selected signal received: c4633a8c-b018-4fad-8b91-fabf4b3eb01a
2025-03-18 10:33:06,577 - ui.main_window - INFO - Create grid requested signal received: c4633a8c-b018-4fad-8b91-fabf4b3eb01a
2025-03-18 11:22:26,494 - ui.main_window - INFO - Collection selected signal received: 7a48c723-e71e-44a5-95d0-c3b781da661b
2025-03-18 11:23:39,520 - ui.main_window - INFO - Collection selected signal received: d291a746-a5d2-4248-9945-50df001fc924
2025-03-18 11:23:40,337 - ui.main_window - INFO - Collection selected signal received: 60610dea-4175-471d-b318-fd494b502ea7
2025-03-18 11:23:41,293 - ui.main_window - INFO - Collection selected signal received: e3cdd406-d750-40f0-8452-c37b54f81da7
2025-03-18 11:23:42,270 - ui.main_window - INFO - Collection selected signal received: d291a746-a5d2-4248-9945-50df001fc924
2025-03-18 11:27:34,655 - ui.main_window - INFO - Main window initialized
2025-03-18 11:27:46,089 - ui.main_window - INFO - Session opened signal received: C:/Z/_Blaise_Tools/_Notes/SEM1-436
2025-03-18 11:28:00,001 - ui.main_window - INFO - Discovered 31 collections for MagGrid
2025-03-18 11:28:02,479 - ui.main_window - INFO - Discovered 0 collections for CompareGrid
2025-03-18 11:28:02,516 - ui.main_window - INFO - Discovered 4 collections for ModeGrid
2025-03-18 11:28:06,405 - ui.main_window - INFO - Collection selected signal received: 7c5948d0-6ba0-47ad-bef7-65555a0e100e
2025-03-18 11:28:15,491 - ui.main_window - INFO - Collection selected signal received: f5b4c2f2-5c61-4803-ab90-25735d978993
2025-03-18 11:28:17,761 - ui.main_window - INFO - Collection selected signal received: 0f5dfc6f-3c06-4816-9bec-e1f80a7600ac
2025-03-18 11:28:18,922 - ui.main_window - INFO - Collection selected signal received: dbaccc78-9f3a-4e82-a34c-e9db27e93e65
2025-03-18 11:37:15,021 - ui.main_window - INFO - Collection selected signal received: 31f12151-3d7d-40df-86f3-868a5c5b099c
2025-03-18 11:37:15,921 - ui.main_window - INFO - Collection selected signal received: 0f5dfc6f-3c06-4816-9bec-e1f80a7600ac
2025-03-18 11:37:19,831 - ui.main_window - INFO - Create grid requested signal received: 0f5dfc6f-3c06-4816-9bec-e1f80a7600ac
2025-03-18 11:37:23,980 - ui.main_window - INFO - Collection selected signal received: 0c2e09f8-90ed-4ffd-a61e-ff42afedde68
2025-03-18 11:37:26,652 - ui.main_window - INFO - Collection selected signal received: 0f5dfc6f-3c06-4816-9bec-e1f80a7600ac
2025-03-18 11:37:28,665 - ui.main_window - INFO - Collection selected signal received: f5b4c2f2-5c61-4803-ab90-25735d978993
2025-03-18 11:39:34,268 - ui.main_window - INFO - Discovered 31 collections for MagGrid
2025-03-18 11:52:59,118 - ui.main_window - INFO - Discovered 0 collections for CompareGrid
2025-03-18 11:52:59,149 - ui.main_window - INFO - Discovered 4 collections for ModeGrid
2025-03-18 11:53:35,894 - ui.main_window - INFO - Main window initialized
2025-03-18 11:53:46,911 - ui.main_window - INFO - Session opened signal received: C:/Z/_Blaise_Tools/_Notes/SEM1-436
2025-03-18 12:03:29,811 - ui.main_window - INFO - Main window initialized
2025-03-18 12:03:40,823 - ui.main_window - INFO - Session opened signal received: C:/Z/_Blaise_Tools/_Notes/SEM1-436
2025-03-18 12:05:53,590 - ui.main_window - INFO - Main window initialized
2025-03-18 12:05:59,236 - ui.main_window - INFO - Session opened signal received: C:/Z/_Blaise_Tools/_Notes/SEM1-436
2025-03-18 12:06:34,786 - ui.main_window - INFO - Export requested signal received: mode_grid_-0.000342155_0.0141753
2025-03-18 12:06:35,218 - ui.main_window - ERROR - Error exporting grid: Failed to export grid: 'charmap' codec can't encode character '\u03bc' in position 71: character maps to <undefined>
2025-03-18 12:06:43,457 - ui.main_window - INFO - Export requested signal received: mode_grid_-0.00111016_0.0148667
2025-03-18 12:06:43,924 - ui.main_window - ERROR - Error exporting grid: Failed to export grid: 'charmap' codec can't encode character '\u03bc' in position 74: character maps to <undefined>
2025-03-18 12:06:55,291 - ui.main_window - INFO - Export requested signal received: mode_grid_-0.00236599_0.0154019
2025-03-18 12:06:55,559 - ui.main_window - ERROR - Error exporting grid: Failed to export grid: 'charmap' codec can't encode character '\u03bc' in position 73: character maps to <undefined>
2025-03-18 12:07:01,518 - ui.main_window - INFO - Export requested signal received: mode_grid_-0.00233817_0.0153873
2025-03-18 12:07:01,895 - ui.main_window - ERROR - Error exporting grid: Failed to export grid: 'charmap' codec can't encode character '\u03bc' in position 71: character maps to <undefined>
2025-03-18 12:07:27,531 - ui.main_window - INFO - Collection selected signal received: 534d15e2-bcd3-4ecb-8202-fe9ea9afbcc5
2025-03-18 12:07:33,679 - ui.main_window - INFO - Create grid requested signal received: 534d15e2-bcd3-4ecb-8202-fe9ea9afbcc5
2025-03-18 12:07:39,001 - ui.main_window - INFO - Collection selected signal received: 8f0747c5-eb77-4bb6-bfcf-4d056c1ca896
2025-03-18 12:07:43,120 - ui.main_window - INFO - Export requested signal received: 8f0747c5-eb77-4bb6-bfcf-4d056c1ca896
2025-03-18 12:07:59,860 - ui.main_window - INFO - Collection selected signal received: 534d15e2-bcd3-4ecb-8202-fe9ea9afbcc5
2025-03-18 12:08:02,209 - ui.main_window - INFO - Export requested signal received: 534d15e2-bcd3-4ecb-8202-fe9ea9afbcc5
2025-03-18 12:08:05,379 - ui.main_window - INFO - Collection selected signal received: 75a9ce6e-d70f-44c3-8614-cdd9f1e4f97a
2025-03-18 12:08:08,026 - ui.main_window - INFO - Collection selected signal received: 5e668710-da6b-4737-af41-18d66b1d0f6e
2025-03-18 12:08:14,739 - ui.main_window - INFO - Export requested signal received: 5e668710-da6b-4737-af41-18d66b1d0f6e
2025-03-18 12:08:16,941 - ui.main_window - INFO - Collection selected signal received: 77337a4b-1fa1-4ab3-af98-a269ea1ee970
2025-03-18 12:08:20,801 - ui.main_window - INFO - Export requested signal received: 77337a4b-1fa1-4ab3-af98-a269ea1ee970
2025-03-18 12:08:24,743 - ui.main_window - INFO - Collection selected signal received: 54147162-2d20-4240-9d33-770ed727682e
2025-03-18 12:08:27,670 - ui.main_window - INFO - Collection selected signal received: 406041e8-6065-4079-962d-0bd1b5ee7865
2025-03-18 12:08:28,312 - ui.main_window - INFO - Collection selected signal received: 92c32650-644d-4b7d-8929-17ff46ff8c1e
2025-03-18 12:08:30,264 - ui.main_window - INFO - Collection selected signal received: 43a9b3e7-f616-4387-97c5-6e4026d22919
2025-03-18 12:08:31,893 - ui.main_window - INFO - Collection selected signal received: 8e3e33d9-c2e6-4b36-95d1-c351ec409478
2025-03-18 12:08:35,196 - ui.main_window - INFO - Export requested signal received: 8e3e33d9-c2e6-4b36-95d1-c351ec409478
2025-03-18 12:08:38,393 - ui.main_window - INFO - Collection selected signal received: c6c4ae62-6c8d-4178-8eed-ef4dd1252daf
2025-03-18 12:08:41,876 - ui.main_window - INFO - Export requested signal received: c6c4ae62-6c8d-4178-8eed-ef4dd1252daf
2025-03-18 12:08:43,907 - ui.main_window - INFO - Collection selected signal received: d5f9a510-1f4f-481d-8184-4e933b2eac55
2025-03-18 12:08:45,723 - ui.main_window - INFO - Export requested signal received: d5f9a510-1f4f-481d-8184-4e933b2eac55
2025-03-18 12:08:49,091 - ui.main_window - INFO - Create grid requested signal received: d5f9a510-1f4f-481d-8184-4e933b2eac55
2025-03-18 12:08:55,905 - ui.main_window - INFO - Collection selected signal received: c6c4ae62-6c8d-4178-8eed-ef4dd1252daf
2025-03-18 12:08:58,011 - ui.main_window - INFO - Collection selected signal received: c8034434-53c7-4925-ad83-8f38650aa028
2025-03-18 12:09:03,729 - ui.main_window - INFO - Export requested signal received: c8034434-53c7-4925-ad83-8f38650aa028
2025-03-18 12:09:07,011 - ui.main_window - INFO - Collection selected signal received: 8e3e33d9-c2e6-4b36-95d1-c351ec409478
2025-03-18 12:09:08,554 - ui.main_window - INFO - Create grid requested signal received: 8e3e33d9-c2e6-4b36-95d1-c351ec409478
2025-03-18 12:09:09,564 - ui.main_window - INFO - Collection selected signal received: e6fbbe79-9b9e-4e24-a4ff-e1529dd13b6e
2025-03-18 12:09:11,710 - ui.main_window - INFO - Create grid requested signal received: e6fbbe79-9b9e-4e24-a4ff-e1529dd13b6e
2025-03-18 12:09:13,332 - ui.main_window - INFO - Collection selected signal received: fe95d9ec-c449-4b3f-a980-91c216606b17
2025-03-18 12:09:14,780 - ui.main_window - INFO - Create grid requested signal received: fe95d9ec-c449-4b3f-a980-91c216606b17
2025-03-18 12:09:16,067 - ui.main_window - INFO - Collection selected signal received: 92416851-f505-4e4f-83da-d54384d9dd80
2025-03-18 12:09:18,586 - ui.main_window - INFO - Create grid requested signal received: 92416851-f505-4e4f-83da-d54384d9dd80
2025-03-18 12:09:22,330 - ui.main_window - INFO - Export requested signal received: 92416851-f505-4e4f-83da-d54384d9dd80
2025-03-18 12:09:25,817 - ui.main_window - INFO - Collection selected signal received: 58427b72-cbfb-43e0-948c-1ec660e884b8
2025-03-18 12:09:30,672 - ui.main_window - INFO - Collection selected signal received: d5f9a510-1f4f-481d-8184-4e933b2eac55
2025-03-18 12:09:31,486 - ui.main_window - INFO - Collection selected signal received: c6c4ae62-6c8d-4178-8eed-ef4dd1252daf
2025-03-18 12:09:32,247 - ui.main_window - INFO - Collection selected signal received: c8034434-53c7-4925-ad83-8f38650aa028
2025-03-18 12:09:32,733 - ui.main_window - INFO - Collection selected signal received: fe95d9ec-c449-4b3f-a980-91c216606b17
2025-03-18 12:09:33,861 - ui.main_window - INFO - Collection selected signal received: 92416851-f505-4e4f-83da-d54384d9dd80
2025-03-18 12:09:34,284 - ui.main_window - INFO - Collection selected signal received: 045bf8c6-fde7-4080-868f-0765bc08809c
2025-03-18 12:09:35,379 - ui.main_window - INFO - Collection selected signal received: 74251a97-3baf-4e39-b2c3-7618fe12b663
2025-03-18 12:09:40,595 - ui.main_window - INFO - Export requested signal received: 74251a97-3baf-4e39-b2c3-7618fe12b663
2025-03-18 12:09:45,201 - ui.main_window - INFO - Collection selected signal received: 045bf8c6-fde7-4080-868f-0765bc08809c
2025-03-18 12:09:48,545 - ui.main_window - INFO - Collection selected signal received: 534d15e2-bcd3-4ecb-8202-fe9ea9afbcc5
2025-03-18 12:09:55,376 - ui.main_window - INFO - Collection selected signal received: 764baa6b-e495-481f-9016-f44d7aa8760e
2025-03-18 12:10:03,529 - ui.main_window - INFO - Collection selected signal received: 2264f204-78f7-4dfc-ba17-faf30e3b9858
2025-03-18 12:10:06,506 - ui.main_window - INFO - Collection selected signal received: 75a9ce6e-d70f-44c3-8614-cdd9f1e4f97a
2025-03-18 12:23:14,161 - ui.main_window - INFO - Main window initialized
2025-03-18 12:23:17,873 - ui.main_window - INFO - Session opened signal received: C:/Z/_Blaise_Tools/_Notes/SEM1-436
2025-03-18 12:26:33,698 - ui.main_window - INFO - Main window initialized
2025-03-18 12:26:37,085 - ui.main_window - INFO - Session opened signal received: C:/Z/_Blaise_Tools/_Notes/SEM1-436
2025-03-18 12:26:51,163 - ui.main_window - INFO - Discovered 31 collections for MagGrid
2025-03-18 12:26:59,351 - ui.main_window - INFO - Discovered 0 collections for CompareGrid
2025-03-18 12:26:59,389 - ui.main_window - INFO - Discovered 6 collections for ModeGrid
2025-03-18 12:27:26,201 - ui.main_window - INFO - Export requested signal received: mode_grid_-0.000342155_0.0141753
2025-03-18 12:27:26,780 - ui.main_window - ERROR - Error exporting grid: Failed to export grid: 'charmap' codec can't encode character '\u03bc' in position 71: character maps to <undefined>
2025-03-18 12:30:06,068 - ui.main_window - INFO - Main window initialized
2025-03-18 12:30:10,226 - ui.main_window - INFO - Session opened signal received: C:/Z/_Blaise_Tools/_Notes/SEM1-436
2025-03-18 12:30:24,409 - ui.main_window - INFO - Discovered 31 collections for MagGrid
2025-03-18 12:30:44,740 - ui.main_window - INFO - Discovered 0 collections for CompareGrid
2025-03-18 12:30:44,780 - ui.main_window - INFO - Discovered 6 collections for ModeGrid
2025-03-18 12:31:03,246 - ui.main_window - INFO - Export requested signal received: mode_grid_-0.000342155_0.0141753
2025-03-18 12:31:11,650 - ui.main_window - INFO - Export requested signal received: mode_grid_-0.00111016_0.0148667
2025-03-18 12:31:20,100 - ui.main_window - INFO - Export requested signal received: mode_grid_-0.00236599_0.0154019
2025-03-18 12:31:27,941 - ui.main_window - INFO - Export requested signal received: mode_grid_-0.00233817_0.0153873
2025-03-18 12:31:37,072 - ui.main_window - INFO - Collection selected signal received: 9efa2374-4cb0-43cc-99f8-ddbd23cf139a
2025-03-18 12:31:40,963 - ui.main_window - INFO - Create grid requested signal received: 9efa2374-4cb0-43cc-99f8-ddbd23cf139a
2025-03-18 12:31:42,255 - ui.main_window - INFO - Export requested signal received: 9efa2374-4cb0-43cc-99f8-ddbd23cf139a
2025-03-18 12:31:45,543 - ui.main_window - INFO - Collection selected signal received: ce1bbefd-c341-4f4d-8266-03b041e7ffde
2025-03-18 12:31:50,237 - ui.main_window - INFO - Collection selected signal received: 2a818da9-0bac-44a5-b71f-ad596239c42b
2025-03-18 12:31:53,327 - ui.main_window - INFO - Export requested signal received: 2a818da9-0bac-44a5-b71f-ad596239c42b
2025-03-18 12:32:03,628 - ui.main_window - INFO - Collection selected signal received: 006f2eba-9b9f-4ca4-ac76-4e6be5561ce5
2025-03-18 12:32:07,888 - ui.main_window - INFO - Export requested signal received: 006f2eba-9b9f-4ca4-ac76-4e6be5561ce5
2025-03-18 12:32:10,802 - ui.main_window - INFO - Collection selected signal received: 72c1237b-6cb5-4aba-815d-50333c1e8968
2025-03-18 12:32:12,290 - ui.main_window - INFO - Collection selected signal received: ee7c0710-431f-44e3-8094-6897425b7978
2025-03-18 12:32:13,583 - ui.main_window - INFO - Collection selected signal received: b65976f1-3b28-44b4-98c5-078b7ea587d9
2025-03-18 12:32:19,182 - ui.main_window - INFO - Collection selected signal received: f4078337-152c-4f86-91a4-b4c4ff569457
2025-03-18 12:32:26,787 - ui.main_window - INFO - Export requested signal received: f4078337-152c-4f86-91a4-b4c4ff569457
2025-03-18 12:32:29,207 - ui.main_window - INFO - Collection selected signal received: b65976f1-3b28-44b4-98c5-078b7ea587d9
2025-03-18 12:32:31,181 - ui.main_window - INFO - Export requested signal received: b65976f1-3b28-44b4-98c5-078b7ea587d9
2025-03-18 12:32:33,185 - ui.main_window - INFO - Collection selected signal received: 4c9662a0-be92-4f1b-adfc-5ce6b13fe86d
2025-03-18 12:32:34,289 - ui.main_window - INFO - Collection selected signal received: 41bf8fcc-4854-4457-a6e3-2c9344db5f8a
2025-03-18 12:32:37,618 - ui.main_window - INFO - Collection selected signal received: a0509394-7d64-4182-a700-321000097e2d
2025-03-18 12:32:39,192 - ui.main_window - INFO - Collection selected signal received: 37f7ba59-0703-4ad2-8929-630dd7672e80
2025-03-18 12:32:41,603 - ui.main_window - INFO - Collection selected signal received: 92355322-42e6-4514-8570-a6bb9442bc3a
2025-03-18 12:32:42,420 - ui.main_window - INFO - Collection selected signal received: a0509394-7d64-4182-a700-321000097e2d
2025-03-18 12:32:43,689 - ui.main_window - INFO - Collection selected signal received: 006f2eba-9b9f-4ca4-ac76-4e6be5561ce5
2025-03-18 12:32:46,312 - ui.main_window - INFO - Collection selected signal received: ce1bbefd-c341-4f4d-8266-03b041e7ffde
2025-03-18 12:32:46,962 - ui.main_window - INFO - Collection selected signal received: 839eed30-5dd7-46b7-9777-c68fd1b88b39
2025-03-18 12:32:48,348 - ui.main_window - INFO - Collection selected signal received: a4ad6d25-7296-419c-8e25-1f5e4d1d0aea
2025-03-18 12:32:51,026 - ui.main_window - INFO - Collection selected signal received: bda94d27-9720-4b38-ad7b-981ce2b27d1b
2025-03-18 12:32:55,114 - ui.main_window - INFO - Export requested signal received: bda94d27-9720-4b38-ad7b-981ce2b27d1b
2025-03-18 14:43:30,252 - ui.main_window - INFO - Main window initialized
2025-03-18 14:43:49,498 - ui.main_window - INFO - Session opened signal received: C:/Z/_Blaise_Tools/_Notes/SEM1-436
2025-03-18 14:46:15,871 - ui.main_window - INFO - Collection selected signal received: 719f7792-e7de-4398-a2fb-f124ff6ecd20
2025-03-18 14:46:20,635 - ui.main_window - INFO - Create grid requested signal received: 719f7792-e7de-4398-a2fb-f124ff6ecd20
2025-03-18 14:46:23,287 - ui.main_window - INFO - Collection selected signal received: 9877eb8b-9ed2-4cc8-a532-ab85a09f775a
2025-03-18 14:46:24,000 - ui.main_window - INFO - Collection selected signal received: a5f3962f-8b7b-4313-a6f0-e76f927e9063
2025-03-18 14:46:25,377 - ui.main_window - INFO - Collection selected signal received: d67d3b95-75c9-45f6-83bb-580e8d2f5005
2025-03-18 14:46:26,488 - ui.main_window - INFO - Collection selected signal received: 9877eb8b-9ed2-4cc8-a532-ab85a09f775a
2025-03-18 14:46:33,513 - ui.main_window - INFO - Collection selected signal received: 5e677e58-266c-4871-99ac-4f3fcf1e21e0
2025-03-18 14:46:34,194 - ui.main_window - INFO - Collection selected signal received: e1cfac8f-0712-4732-a5dd-6e3675f758a2
2025-03-18 14:46:35,384 - ui.main_window - INFO - Collection selected signal received: a765ed7a-3e6e-48af-ac6d-d64e09c609bc
2025-03-18 14:46:36,017 - ui.main_window - INFO - Collection selected signal received: 223b48a1-c5ac-4500-b2da-25e1f5596940
2025-03-18 14:46:38,490 - ui.main_window - INFO - Collection selected signal received: b3c60c50-4c4d-4041-91bb-6417e96bb74d
2025-03-18 14:46:39,835 - ui.main_window - INFO - Collection selected signal received: 3f4ccc2e-52dc-4308-93b8-b31ab3d78b3e
2025-03-18 14:46:40,477 - ui.main_window - INFO - Collection selected signal received: f6923027-3a64-403e-b3e3-8642a089b36e
2025-03-18 14:47:32,616 - ui.main_window - INFO - Collection selected signal received: a765ed7a-3e6e-48af-ac6d-d64e09c609bc
2025-03-18 14:47:33,305 - ui.main_window - INFO - Collection selected signal received: b57f7a06-57e2-4799-9283-18ddcf02dd3c
2025-03-18 14:47:34,839 - ui.main_window - INFO - Collection selected signal received: d173310e-603e-4c06-9f6b-4494aa899da4
2025-03-18 14:47:38,093 - ui.main_window - INFO - Collection selected signal received: b57f7a06-57e2-4799-9283-18ddcf02dd3c
2025-03-18 14:47:39,306 - ui.main_window - INFO - Collection selected signal received: 486e4bcf-3dde-4b99-afff-98bd61b88f1e
2025-03-18 14:47:39,948 - ui.main_window - INFO - Collection selected signal received: 612c1d29-9fc4-4800-8409-2c6d91bc2240
2025-03-18 14:47:41,324 - ui.main_window - INFO - Collection selected signal received: a5f3962f-8b7b-4313-a6f0-e76f927e9063
2025-03-18 14:47:42,701 - ui.main_window - INFO - Collection selected signal received: 0c987e47-f9cf-4e4f-956b-899b3979c5af
2025-03-18 14:47:45,039 - ui.main_window - INFO - Collection selected signal received: d67d3b95-75c9-45f6-83bb-580e8d2f5005
2025-03-18 14:47:45,611 - ui.main_window - INFO - Collection selected signal received: 5e677e58-266c-4871-99ac-4f3fcf1e21e0
2025-03-18 14:47:46,824 - ui.main_window - INFO - Collection selected signal received: e1cfac8f-0712-4732-a5dd-6e3675f758a2
2025-03-18 14:47:48,224 - ui.main_window - INFO - Collection selected signal received: 719f7792-e7de-4398-a2fb-f124ff6ecd20
2025-03-18 14:48:38,921 - ui.main_window - INFO - Export requested signal received: mode_grid_-0.00236599_0.0154019
