2025-03-18 09:46:58,360 - workflows.workflow_base - INFO - Saved collection: C:/Z/_Blaise_Tools/_Notes/SEM1-436\ModeGridWorkflow\collection_mode_grid_-0.000346_0.014172.json
2025-03-18 09:50:32,530 - workflows.workflow_base - INFO - Saved collection: C:/Z/_Blaise_Tools/_Notes/SEM1-436\ModeGridWorkflow\collection_mode_grid_-0.000346_0.014172.json
2025-03-18 09:52:53,472 - workflows.workflow_base - INFO - Saved collection: C:/Z/_Blaise_Tools/_Notes/SEM1-436\ModeGridWorkflow\collection_mode_grid_-0.000346_0.014172.json
2025-03-18 09:53:45,031 - workflows.workflow_base - INFO - Saved collection: C:/Z/_Blaise_Tools/_Notes/SEM1-436\ModeGridWorkflow\collection_mode_grid_-0.000346_0.014172.json
2025-03-18 10:15:29,806 - workflows.workflow_base - INFO - Saved collection: C:/Z/_Blaise_Tools/_Notes/SEM1-436\ModeGridWorkflow\collection_mode_grid_-0.000346_0.014172.json
2025-03-18 10:21:24,901 - workflows.workflow_base - INFO - Saved collection: C:/Z/_Blaise_Tools/_Notes/SEM1-436\ModeGridWorkflow\collection_mode_grid_-0.000342155_0.0141753.json
2025-03-18 10:21:24,905 - workflows.workflow_base - INFO - Saved collection: C:/Z/_Blaise_Tools/_Notes/SEM1-436\ModeGridWorkflow\collection_mode_grid_-0.00111016_0.0148667.json
2025-03-18 10:21:24,910 - workflows.workflow_base - INFO - Saved collection: C:/Z/_Blaise_Tools/_Notes/SEM1-436\ModeGridWorkflow\collection_mode_grid_-0.00233817_0.0153873.json
2025-03-18 10:21:24,914 - workflows.workflow_base - INFO - Saved collection: C:/Z/_Blaise_Tools/_Notes/SEM1-436\ModeGridWorkflow\collection_mode_grid_-0.00281709_0.015758.json
2025-03-18 10:23:05,121 - workflows.workflow_base - INFO - Saved collection: C:/Z/_Blaise_Tools/_Notes/SEM1-436\MagGridWorkflow\collection_4611799b-9624-4a48-bdeb-eccc5aec56b9.json
2025-03-18 10:23:05,467 - workflows.workflow_base - INFO - Saved collection: C:/Z/_Blaise_Tools/_Notes/SEM1-436\MagGridWorkflow\collection_15fedeeb-b45a-42a5-8956-6cd5c0b5285b.json
2025-03-18 10:23:05,751 - workflows.workflow_base - INFO - Saved collection: C:/Z/_Blaise_Tools/_Notes/SEM1-436\MagGridWorkflow\collection_83a150db-aeb6-4253-aaaa-8a9de2afb31a.json
2025-03-18 10:23:05,958 - workflows.workflow_base - INFO - Saved collection: C:/Z/_Blaise_Tools/_Notes/SEM1-436\MagGridWorkflow\collection_db1a3d26-8185-4960-9c18-2b7c93111e37.json
2025-03-18 10:23:06,140 - workflows.workflow_base - INFO - Saved collection: C:/Z/_Blaise_Tools/_Notes/SEM1-436\MagGridWorkflow\collection_ea70a0b9-bb0d-4ed5-97cc-28c15d6db9b7.json
2025-03-18 10:23:06,255 - workflows.workflow_base - INFO - Saved collection: C:/Z/_Blaise_Tools/_Notes/SEM1-436\MagGridWorkflow\collection_3d172ad4-863d-4296-a1ea-7e6ee5eb47bb.json
2025-03-18 10:23:06,319 - workflows.workflow_base - INFO - Saved collection: C:/Z/_Blaise_Tools/_Notes/SEM1-436\MagGridWorkflow\collection_a960b2d4-5856-4c44-8036-73093accd23f.json
2025-03-18 10:23:06,750 - workflows.workflow_base - INFO - Saved collection: C:/Z/_Blaise_Tools/_Notes/SEM1-436\MagGridWorkflow\collection_14f1d6f2-fac0-4a53-be44-50d69af590df.json
2025-03-18 10:23:07,358 - workflows.workflow_base - INFO - Saved collection: C:/Z/_Blaise_Tools/_Notes/SEM1-436\MagGridWorkflow\collection_dd9fbf3e-ad2c-4853-9189-96c9632ad0e6.json
2025-03-18 10:23:07,827 - workflows.workflow_base - INFO - Saved collection: C:/Z/_Blaise_Tools/_Notes/SEM1-436\MagGridWorkflow\collection_1a428dce-0202-40d4-8cc6-2b8f2d0197ad.json
2025-03-18 10:23:08,297 - workflows.workflow_base - INFO - Saved collection: C:/Z/_Blaise_Tools/_Notes/SEM1-436\MagGridWorkflow\collection_630de2f0-60ba-4e00-9e43-05e4c2c6de0f.json
2025-03-18 10:23:08,765 - workflows.workflow_base - INFO - Saved collection: C:/Z/_Blaise_Tools/_Notes/SEM1-436\MagGridWorkflow\collection_92bcdcf7-6024-4efb-9eb7-59e9142ded15.json
2025-03-18 10:23:09,243 - workflows.workflow_base - INFO - Saved collection: C:/Z/_Blaise_Tools/_Notes/SEM1-436\MagGridWorkflow\collection_3145bde8-652b-410f-9a7c-a04087c2de36.json
2025-03-18 10:23:09,700 - workflows.workflow_base - INFO - Saved collection: C:/Z/_Blaise_Tools/_Notes/SEM1-436\MagGridWorkflow\collection_3ba541c3-c6c2-4f36-b30c-14729cb5e335.json
2025-03-18 10:23:10,164 - workflows.workflow_base - INFO - Saved collection: C:/Z/_Blaise_Tools/_Notes/SEM1-436\MagGridWorkflow\collection_bfe52da7-3d70-4c3f-8c18-5a6f5ef132a4.json
2025-03-18 10:23:10,616 - workflows.workflow_base - INFO - Saved collection: C:/Z/_Blaise_Tools/_Notes/SEM1-436\MagGridWorkflow\collection_0bfbfc56-8194-4e43-b649-fa982dc0a404.json
2025-03-18 10:23:11,057 - workflows.workflow_base - INFO - Saved collection: C:/Z/_Blaise_Tools/_Notes/SEM1-436\MagGridWorkflow\collection_aea5a245-a54a-44a2-a60d-b2ad83722cc8.json
2025-03-18 10:23:11,395 - workflows.workflow_base - INFO - Saved collection: C:/Z/_Blaise_Tools/_Notes/SEM1-436\MagGridWorkflow\collection_dd61c5b9-bb97-409c-8c1a-5dcb0f681db2.json
2025-03-18 10:23:11,719 - workflows.workflow_base - INFO - Saved collection: C:/Z/_Blaise_Tools/_Notes/SEM1-436\MagGridWorkflow\collection_f95381d1-e66e-4968-b597-0a745accb0b3.json
2025-03-18 10:23:11,986 - workflows.workflow_base - INFO - Saved collection: C:/Z/_Blaise_Tools/_Notes/SEM1-436\MagGridWorkflow\collection_f67b80ee-4047-42a2-94c7-85ca51d4a82b.json
2025-03-18 10:23:12,191 - workflows.workflow_base - INFO - Saved collection: C:/Z/_Blaise_Tools/_Notes/SEM1-436\MagGridWorkflow\collection_c7fbbb8d-371e-4d9d-a5d1-2cf451bef63d.json
2025-03-18 10:23:12,333 - workflows.workflow_base - INFO - Saved collection: C:/Z/_Blaise_Tools/_Notes/SEM1-436\MagGridWorkflow\collection_db50bad0-f470-48ec-af66-b086c819c3e3.json
2025-03-18 10:23:12,407 - workflows.workflow_base - INFO - Saved collection: C:/Z/_Blaise_Tools/_Notes/SEM1-436\MagGridWorkflow\collection_a3dde297-325b-4618-b5b1-b9e6360f33b5.json
2025-03-18 10:23:12,976 - workflows.workflow_base - INFO - Saved collection: C:/Z/_Blaise_Tools/_Notes/SEM1-436\MagGridWorkflow\collection_62b7d869-7838-4242-85c4-3eed1cf973c0.json
2025-03-18 10:23:13,047 - workflows.workflow_base - INFO - Saved collection: C:/Z/_Blaise_Tools/_Notes/SEM1-436\MagGridWorkflow\collection_849e9277-d4d7-464d-a399-f665ce144f17.json
2025-03-18 10:23:13,116 - workflows.workflow_base - INFO - Saved collection: C:/Z/_Blaise_Tools/_Notes/SEM1-436\MagGridWorkflow\collection_bf543393-0469-4f9b-951a-3268174526d9.json
2025-03-18 10:23:13,188 - workflows.workflow_base - INFO - Saved collection: C:/Z/_Blaise_Tools/_Notes/SEM1-436\MagGridWorkflow\collection_df1b6fc1-f340-4137-b71f-5a7c68642560.json
2025-03-18 10:23:13,261 - workflows.workflow_base - INFO - Saved collection: C:/Z/_Blaise_Tools/_Notes/SEM1-436\MagGridWorkflow\collection_27621699-0769-4f16-ac28-8e88ed67fb5e.json
2025-03-18 10:23:13,350 - workflows.workflow_base - INFO - Saved collection: C:/Z/_Blaise_Tools/_Notes/SEM1-436\MagGridWorkflow\collection_126260df-a1ab-41d9-a11f-ddc3495ecbc1.json
2025-03-18 10:23:13,438 - workflows.workflow_base - INFO - Saved collection: C:/Z/_Blaise_Tools/_Notes/SEM1-436\MagGridWorkflow\collection_8fe2a193-5478-4050-9b5b-abf15d5cf1fb.json
2025-03-18 10:23:13,525 - workflows.workflow_base - INFO - Saved collection: C:/Z/_Blaise_Tools/_Notes/SEM1-436\MagGridWorkflow\collection_44e03ffb-06b7-4130-8bfa-9c93f314f0d0.json
2025-03-18 10:27:25,992 - workflows.workflow_base - INFO - Saved collection: C:/Z/_Blaise_Tools/_Notes/SEM1-436\MagGridWorkflow\collection_2725d419-6710-4683-b1b3-bf8cdc11ce71.json
2025-03-18 10:27:26,333 - workflows.workflow_base - INFO - Saved collection: C:/Z/_Blaise_Tools/_Notes/SEM1-436\MagGridWorkflow\collection_2b23f304-43cb-41fd-a68c-24714fb49763.json
2025-03-18 10:27:26,624 - workflows.workflow_base - INFO - Saved collection: C:/Z/_Blaise_Tools/_Notes/SEM1-436\MagGridWorkflow\collection_ddf9368c-5a34-4649-a102-d84a08b26285.json
2025-03-18 10:27:26,831 - workflows.workflow_base - INFO - Saved collection: C:/Z/_Blaise_Tools/_Notes/SEM1-436\MagGridWorkflow\collection_c4633a8c-b018-4fad-8b91-fabf4b3eb01a.json
2025-03-18 10:27:27,015 - workflows.workflow_base - INFO - Saved collection: C:/Z/_Blaise_Tools/_Notes/SEM1-436\MagGridWorkflow\collection_634b0222-cc46-40fe-af04-6cd87efc6267.json
2025-03-18 10:27:27,129 - workflows.workflow_base - INFO - Saved collection: C:/Z/_Blaise_Tools/_Notes/SEM1-436\MagGridWorkflow\collection_9e07223b-1841-4301-a315-f11b3f508089.json
2025-03-18 10:27:27,188 - workflows.workflow_base - INFO - Saved collection: C:/Z/_Blaise_Tools/_Notes/SEM1-436\MagGridWorkflow\collection_e3cdd406-d750-40f0-8452-c37b54f81da7.json
2025-03-18 10:27:27,617 - workflows.workflow_base - INFO - Saved collection: C:/Z/_Blaise_Tools/_Notes/SEM1-436\MagGridWorkflow\collection_c61406be-f1ce-414d-9bd8-f84358b0a963.json
2025-03-18 10:27:28,193 - workflows.workflow_base - INFO - Saved collection: C:/Z/_Blaise_Tools/_Notes/SEM1-436\MagGridWorkflow\collection_7a48c723-e71e-44a5-95d0-c3b781da661b.json
2025-03-18 10:27:28,662 - workflows.workflow_base - INFO - Saved collection: C:/Z/_Blaise_Tools/_Notes/SEM1-436\MagGridWorkflow\collection_d291a746-a5d2-4248-9945-50df001fc924.json
2025-03-18 10:27:29,122 - workflows.workflow_base - INFO - Saved collection: C:/Z/_Blaise_Tools/_Notes/SEM1-436\MagGridWorkflow\collection_60610dea-4175-471d-b318-fd494b502ea7.json
2025-03-18 10:27:29,596 - workflows.workflow_base - INFO - Saved collection: C:/Z/_Blaise_Tools/_Notes/SEM1-436\MagGridWorkflow\collection_f10208cf-79fc-43b5-b5f8-46ad92deb787.json
2025-03-18 10:27:30,051 - workflows.workflow_base - INFO - Saved collection: C:/Z/_Blaise_Tools/_Notes/SEM1-436\MagGridWorkflow\collection_8e1be167-ecda-4777-bf9b-1c0f03f682dc.json
2025-03-18 10:27:30,505 - workflows.workflow_base - INFO - Saved collection: C:/Z/_Blaise_Tools/_Notes/SEM1-436\MagGridWorkflow\collection_f27113f4-539e-40c7-a8b5-30a6d2cdf6aa.json
2025-03-18 10:27:30,968 - workflows.workflow_base - INFO - Saved collection: C:/Z/_Blaise_Tools/_Notes/SEM1-436\MagGridWorkflow\collection_3417f805-4c97-4b69-84b6-b939f0e7b9a0.json
2025-03-18 10:27:31,418 - workflows.workflow_base - INFO - Saved collection: C:/Z/_Blaise_Tools/_Notes/SEM1-436\MagGridWorkflow\collection_4f2d3a76-1b0a-4049-b3a5-7063d1da732a.json
2025-03-18 10:27:31,870 - workflows.workflow_base - INFO - Saved collection: C:/Z/_Blaise_Tools/_Notes/SEM1-436\MagGridWorkflow\collection_eac668ef-d3f2-4ed4-bfa7-313a874c20fb.json
2025-03-18 10:27:32,195 - workflows.workflow_base - INFO - Saved collection: C:/Z/_Blaise_Tools/_Notes/SEM1-436\MagGridWorkflow\collection_b7eee771-08e9-4c4d-b2b7-0ed6fbf2d931.json
2025-03-18 10:27:32,526 - workflows.workflow_base - INFO - Saved collection: C:/Z/_Blaise_Tools/_Notes/SEM1-436\MagGridWorkflow\collection_ba98b568-cf0f-4d4f-b5d8-843018d1e801.json
2025-03-18 10:27:32,786 - workflows.workflow_base - INFO - Saved collection: C:/Z/_Blaise_Tools/_Notes/SEM1-436\MagGridWorkflow\collection_c19cfc8c-89b3-4555-b1a6-84010bc0fdba.json
2025-03-18 10:27:32,981 - workflows.workflow_base - INFO - Saved collection: C:/Z/_Blaise_Tools/_Notes/SEM1-436\MagGridWorkflow\collection_662bfe80-b0d4-4f76-9b84-f08c545b378a.json
2025-03-18 10:27:33,121 - workflows.workflow_base - INFO - Saved collection: C:/Z/_Blaise_Tools/_Notes/SEM1-436\MagGridWorkflow\collection_3a4763c0-c18a-4e0e-9892-7cbc1850ab61.json
2025-03-18 10:27:33,196 - workflows.workflow_base - INFO - Saved collection: C:/Z/_Blaise_Tools/_Notes/SEM1-436\MagGridWorkflow\collection_b67618d5-ff1b-4267-b31c-c177a3d9f9b2.json
2025-03-18 10:27:33,765 - workflows.workflow_base - INFO - Saved collection: C:/Z/_Blaise_Tools/_Notes/SEM1-436\MagGridWorkflow\collection_5cf64881-5c9b-4833-b6ec-68fe773b3774.json
2025-03-18 10:27:33,838 - workflows.workflow_base - INFO - Saved collection: C:/Z/_Blaise_Tools/_Notes/SEM1-436\MagGridWorkflow\collection_944c6484-2045-45fd-a24f-d95c59da121c.json
2025-03-18 10:27:33,913 - workflows.workflow_base - INFO - Saved collection: C:/Z/_Blaise_Tools/_Notes/SEM1-436\MagGridWorkflow\collection_97b3be3c-df6f-4627-acf2-98a8c68e3aa8.json
2025-03-18 10:27:33,981 - workflows.workflow_base - INFO - Saved collection: C:/Z/_Blaise_Tools/_Notes/SEM1-436\MagGridWorkflow\collection_38fb3885-53de-4453-aba8-5333e25cdcf5.json
2025-03-18 10:27:34,051 - workflows.workflow_base - INFO - Saved collection: C:/Z/_Blaise_Tools/_Notes/SEM1-436\MagGridWorkflow\collection_280fbcf0-542c-46e4-8b7a-343d04f8c199.json
2025-03-18 10:27:34,136 - workflows.workflow_base - INFO - Saved collection: C:/Z/_Blaise_Tools/_Notes/SEM1-436\MagGridWorkflow\collection_54b58f70-47e7-4398-9806-f70edd11dbf5.json
2025-03-18 10:27:34,220 - workflows.workflow_base - INFO - Saved collection: C:/Z/_Blaise_Tools/_Notes/SEM1-436\MagGridWorkflow\collection_9ffa4f1b-e28a-4eb6-93a8-13a3e6698b41.json
2025-03-18 10:27:34,287 - workflows.workflow_base - INFO - Saved collection: C:/Z/_Blaise_Tools/_Notes/SEM1-436\MagGridWorkflow\collection_7c3c5d6e-d760-4e2c-9379-1253af59bb99.json
2025-03-18 10:28:58,591 - workflows.workflow_base - INFO - Saving grid image to: C:/Z/_Blaise_Tools/_Notes\Grids\MagGridWorkflow_Solder_20250318-102858.png
2025-03-18 10:28:58,964 - workflows.workflow_base - INFO - Saving caption to: C:/Z/_Blaise_Tools/_Notes\Grids\MagGridWorkflow_Solder_20250318-102858.txt
2025-03-18 10:28:58,966 - workflows.workflow_base - INFO - Saving collection data to: C:/Z/_Blaise_Tools/_Notes\Grids\MagGridWorkflow_Solder_20250318-102858.json
2025-03-18 10:28:58,969 - workflows.workflow_base - INFO - Export completed successfully
2025-03-18 10:29:36,660 - workflows.workflow_base - INFO - Saved collection: C:/Z/_Blaise_Tools/_Notes/SEM1-436\ModeGridWorkflow\collection_mode_grid_-0.000342155_0.0141753.json
2025-03-18 10:29:36,663 - workflows.workflow_base - INFO - Saved collection: C:/Z/_Blaise_Tools/_Notes/SEM1-436\ModeGridWorkflow\collection_mode_grid_-0.00111016_0.0148667.json
2025-03-18 10:29:36,667 - workflows.workflow_base - INFO - Saved collection: C:/Z/_Blaise_Tools/_Notes/SEM1-436\ModeGridWorkflow\collection_mode_grid_-0.00233817_0.0153873.json
2025-03-18 10:29:36,671 - workflows.workflow_base - INFO - Saved collection: C:/Z/_Blaise_Tools/_Notes/SEM1-436\ModeGridWorkflow\collection_mode_grid_-0.00281709_0.015758.json
2025-03-18 11:27:51,543 - workflows.workflow_base - INFO - Saved collection: C:/Z/_Blaise_Tools/_Notes/SEM1-436\MagGridWorkflow\collection_f5b4c2f2-5c61-4803-ab90-25735d978993.json
2025-03-18 11:27:51,890 - workflows.workflow_base - INFO - Saved collection: C:/Z/_Blaise_Tools/_Notes/SEM1-436\MagGridWorkflow\collection_0f5dfc6f-3c06-4816-9bec-e1f80a7600ac.json
2025-03-18 11:27:52,187 - workflows.workflow_base - INFO - Saved collection: C:/Z/_Blaise_Tools/_Notes/SEM1-436\MagGridWorkflow\collection_dbaccc78-9f3a-4e82-a34c-e9db27e93e65.json
2025-03-18 11:27:52,404 - workflows.workflow_base - INFO - Saved collection: C:/Z/_Blaise_Tools/_Notes/SEM1-436\MagGridWorkflow\collection_31f12151-3d7d-40df-86f3-868a5c5b099c.json
2025-03-18 11:27:52,613 - workflows.workflow_base - INFO - Saved collection: C:/Z/_Blaise_Tools/_Notes/SEM1-436\MagGridWorkflow\collection_3a423053-de1c-44da-9915-fbc639ccad88.json
2025-03-18 11:27:52,732 - workflows.workflow_base - INFO - Saved collection: C:/Z/_Blaise_Tools/_Notes/SEM1-436\MagGridWorkflow\collection_7c5948d0-6ba0-47ad-bef7-65555a0e100e.json
2025-03-18 11:27:52,793 - workflows.workflow_base - INFO - Saved collection: C:/Z/_Blaise_Tools/_Notes/SEM1-436\MagGridWorkflow\collection_0c2e09f8-90ed-4ffd-a61e-ff42afedde68.json
2025-03-18 11:27:53,244 - workflows.workflow_base - INFO - Saved collection: C:/Z/_Blaise_Tools/_Notes/SEM1-436\MagGridWorkflow\collection_4e69f3c6-bd4c-4e0f-b4b8-3b0b0e41acb2.json
2025-03-18 11:27:53,818 - workflows.workflow_base - INFO - Saved collection: C:/Z/_Blaise_Tools/_Notes/SEM1-436\MagGridWorkflow\collection_d1040b58-da6f-4bdf-bf37-9ef8febd6e94.json
2025-03-18 11:27:54,292 - workflows.workflow_base - INFO - Saved collection: C:/Z/_Blaise_Tools/_Notes/SEM1-436\MagGridWorkflow\collection_bd62f11b-d7d9-49e5-9294-83be0afe4e67.json
2025-03-18 11:27:54,771 - workflows.workflow_base - INFO - Saved collection: C:/Z/_Blaise_Tools/_Notes/SEM1-436\MagGridWorkflow\collection_f20833c6-1698-43f6-9a48-121352af8da3.json
2025-03-18 11:27:55,256 - workflows.workflow_base - INFO - Saved collection: C:/Z/_Blaise_Tools/_Notes/SEM1-436\MagGridWorkflow\collection_9e4027e9-5a47-458c-8110-8146450ba5e5.json
2025-03-18 11:27:55,723 - workflows.workflow_base - INFO - Saved collection: C:/Z/_Blaise_Tools/_Notes/SEM1-436\MagGridWorkflow\collection_f8bf9a27-e86d-461d-aee3-f7af7e3be3c6.json
2025-03-18 11:27:56,189 - workflows.workflow_base - INFO - Saved collection: C:/Z/_Blaise_Tools/_Notes/SEM1-436\MagGridWorkflow\collection_eb2e0cfe-f2e3-4663-9e45-56ab6a50db69.json
2025-03-18 11:27:56,657 - workflows.workflow_base - INFO - Saved collection: C:/Z/_Blaise_Tools/_Notes/SEM1-436\MagGridWorkflow\collection_6b4a7ca5-f6cc-4284-9b41-f8a21e94a544.json
2025-03-18 11:27:57,123 - workflows.workflow_base - INFO - Saved collection: C:/Z/_Blaise_Tools/_Notes/SEM1-436\MagGridWorkflow\collection_3d28a641-7493-4cfd-84b6-60624936e5a4.json
2025-03-18 11:27:57,563 - workflows.workflow_base - INFO - Saved collection: C:/Z/_Blaise_Tools/_Notes/SEM1-436\MagGridWorkflow\collection_537f6e54-002c-4415-8185-fad1e566c960.json
2025-03-18 11:27:57,892 - workflows.workflow_base - INFO - Saved collection: C:/Z/_Blaise_Tools/_Notes/SEM1-436\MagGridWorkflow\collection_fa5f35bd-a1ff-40e4-a647-ce386c91d462.json
2025-03-18 11:27:58,221 - workflows.workflow_base - INFO - Saved collection: C:/Z/_Blaise_Tools/_Notes/SEM1-436\MagGridWorkflow\collection_fdb621c6-d2bb-4d58-b141-308f5b3630bb.json
2025-03-18 11:27:58,480 - workflows.workflow_base - INFO - Saved collection: C:/Z/_Blaise_Tools/_Notes/SEM1-436\MagGridWorkflow\collection_2b5fd39f-b7a3-4e59-ae41-e01e9bdf3f54.json
2025-03-18 11:27:58,683 - workflows.workflow_base - INFO - Saved collection: C:/Z/_Blaise_Tools/_Notes/SEM1-436\MagGridWorkflow\collection_a2545653-d387-434c-bd30-d39fa3762c72.json
2025-03-18 11:27:58,838 - workflows.workflow_base - INFO - Saved collection: C:/Z/_Blaise_Tools/_Notes/SEM1-436\MagGridWorkflow\collection_cd23dc88-ddce-4dda-a669-8ed594e5d1f0.json
2025-03-18 11:27:58,913 - workflows.workflow_base - INFO - Saved collection: C:/Z/_Blaise_Tools/_Notes/SEM1-436\MagGridWorkflow\collection_1969f0ef-73cc-4ca9-be38-ca7b5cf29e13.json
2025-03-18 11:27:59,486 - workflows.workflow_base - INFO - Saved collection: C:/Z/_Blaise_Tools/_Notes/SEM1-436\MagGridWorkflow\collection_8cb5c9a5-be5f-4047-adae-8e6956c807cb.json
2025-03-18 11:27:59,556 - workflows.workflow_base - INFO - Saved collection: C:/Z/_Blaise_Tools/_Notes/SEM1-436\MagGridWorkflow\collection_2fd70c10-3846-4907-a5a5-6d3a0ca42862.json
2025-03-18 11:27:59,625 - workflows.workflow_base - INFO - Saved collection: C:/Z/_Blaise_Tools/_Notes/SEM1-436\MagGridWorkflow\collection_f789efcf-e99c-441f-8a51-4b7337956635.json
2025-03-18 11:27:59,693 - workflows.workflow_base - INFO - Saved collection: C:/Z/_Blaise_Tools/_Notes/SEM1-436\MagGridWorkflow\collection_1c363962-2884-46e0-b24a-b7e5e8a4aa98.json
2025-03-18 11:27:59,763 - workflows.workflow_base - INFO - Saved collection: C:/Z/_Blaise_Tools/_Notes/SEM1-436\MagGridWorkflow\collection_f0dfd739-95d2-468c-8481-14ca88feaaa9.json
2025-03-18 11:27:59,850 - workflows.workflow_base - INFO - Saved collection: C:/Z/_Blaise_Tools/_Notes/SEM1-436\MagGridWorkflow\collection_ce3f175f-59cc-4ae3-adfb-478c5aad8f4b.json
2025-03-18 11:27:59,933 - workflows.workflow_base - INFO - Saved collection: C:/Z/_Blaise_Tools/_Notes/SEM1-436\MagGridWorkflow\collection_0e33a151-adba-4d30-83e2-ba8e69fedeb4.json
2025-03-18 11:28:00,000 - workflows.workflow_base - INFO - Saved collection: C:/Z/_Blaise_Tools/_Notes/SEM1-436\MagGridWorkflow\collection_777dd3da-e089-4658-a0a7-785f4eba1e14.json
2025-03-18 11:28:02,500 - workflows.workflow_base - INFO - Saved collection: C:/Z/_Blaise_Tools/_Notes/SEM1-436\ModeGridWorkflow\collection_mode_grid_-0.000342155_0.0141753.json
2025-03-18 11:28:02,504 - workflows.workflow_base - INFO - Saved collection: C:/Z/_Blaise_Tools/_Notes/SEM1-436\ModeGridWorkflow\collection_mode_grid_-0.00111016_0.0148667.json
2025-03-18 11:28:02,509 - workflows.workflow_base - INFO - Saved collection: C:/Z/_Blaise_Tools/_Notes/SEM1-436\ModeGridWorkflow\collection_mode_grid_-0.00233817_0.0153873.json
2025-03-18 11:28:02,514 - workflows.workflow_base - INFO - Saved collection: C:/Z/_Blaise_Tools/_Notes/SEM1-436\ModeGridWorkflow\collection_mode_grid_-0.00281709_0.015758.json
2025-03-18 11:39:25,735 - workflows.workflow_base - INFO - Saved collection: C:/Z/_Blaise_Tools/_Notes/SEM1-436\MagGridWorkflow\collection_583f78e6-c974-4c52-a888-349c85af758b.json
2025-03-18 11:39:26,073 - workflows.workflow_base - INFO - Saved collection: C:/Z/_Blaise_Tools/_Notes/SEM1-436\MagGridWorkflow\collection_4e300f22-2e0f-4de6-9493-59d6d889f07c.json
2025-03-18 11:39:26,364 - workflows.workflow_base - INFO - Saved collection: C:/Z/_Blaise_Tools/_Notes/SEM1-436\MagGridWorkflow\collection_c3056d11-a840-4286-84eb-f411eeb6c680.json
2025-03-18 11:39:26,581 - workflows.workflow_base - INFO - Saved collection: C:/Z/_Blaise_Tools/_Notes/SEM1-436\MagGridWorkflow\collection_b784c064-810e-48e3-9cdc-7c19fa6e3a32.json
2025-03-18 11:39:26,766 - workflows.workflow_base - INFO - Saved collection: C:/Z/_Blaise_Tools/_Notes/SEM1-436\MagGridWorkflow\collection_2165493f-243e-4a87-9995-ce1bf000aced.json
2025-03-18 11:39:26,888 - workflows.workflow_base - INFO - Saved collection: C:/Z/_Blaise_Tools/_Notes/SEM1-436\MagGridWorkflow\collection_2501005d-babb-4c06-96d7-a0e54711502c.json
2025-03-18 11:39:26,947 - workflows.workflow_base - INFO - Saved collection: C:/Z/_Blaise_Tools/_Notes/SEM1-436\MagGridWorkflow\collection_96db0b1b-e723-4a91-aef4-4dbf02a32cfc.json
2025-03-18 11:39:27,378 - workflows.workflow_base - INFO - Saved collection: C:/Z/_Blaise_Tools/_Notes/SEM1-436\MagGridWorkflow\collection_633fe113-f3e5-4871-bba0-996a3537e08b.json
2025-03-18 11:39:27,953 - workflows.workflow_base - INFO - Saved collection: C:/Z/_Blaise_Tools/_Notes/SEM1-436\MagGridWorkflow\collection_120f500c-8f19-4612-a727-d73b00551347.json
2025-03-18 11:39:28,464 - workflows.workflow_base - INFO - Saved collection: C:/Z/_Blaise_Tools/_Notes/SEM1-436\MagGridWorkflow\collection_cf4eb444-dc83-42ae-aa5e-2d12616c5590.json
2025-03-18 11:39:28,950 - workflows.workflow_base - INFO - Saved collection: C:/Z/_Blaise_Tools/_Notes/SEM1-436\MagGridWorkflow\collection_1d58d3f0-1a5f-494f-acc4-8a8b4a257ce2.json
2025-03-18 11:39:29,419 - workflows.workflow_base - INFO - Saved collection: C:/Z/_Blaise_Tools/_Notes/SEM1-436\MagGridWorkflow\collection_ab902f58-bda0-4d0c-a970-a6863f78e414.json
2025-03-18 11:39:29,887 - workflows.workflow_base - INFO - Saved collection: C:/Z/_Blaise_Tools/_Notes/SEM1-436\MagGridWorkflow\collection_e558b2ce-19d4-429e-9b04-a5f52ab2c533.json
2025-03-18 11:39:30,379 - workflows.workflow_base - INFO - Saved collection: C:/Z/_Blaise_Tools/_Notes/SEM1-436\MagGridWorkflow\collection_45fcbfed-8559-4fe2-90a1-84e387dea8e7.json
2025-03-18 11:39:30,873 - workflows.workflow_base - INFO - Saved collection: C:/Z/_Blaise_Tools/_Notes/SEM1-436\MagGridWorkflow\collection_c858e296-8147-4b5b-8a4d-90494e8f6c0f.json
2025-03-18 11:39:31,342 - workflows.workflow_base - INFO - Saved collection: C:/Z/_Blaise_Tools/_Notes/SEM1-436\MagGridWorkflow\collection_8e1a53f5-9b79-40de-9f1d-43cb10778d31.json
2025-03-18 11:39:31,797 - workflows.workflow_base - INFO - Saved collection: C:/Z/_Blaise_Tools/_Notes/SEM1-436\MagGridWorkflow\collection_25756328-cb78-4a4e-9cd7-076e65c666e8.json
2025-03-18 11:39:32,135 - workflows.workflow_base - INFO - Saved collection: C:/Z/_Blaise_Tools/_Notes/SEM1-436\MagGridWorkflow\collection_4c95bfdc-abc8-49b2-b1d3-1a2d88847aaa.json
2025-03-18 11:39:32,483 - workflows.workflow_base - INFO - Saved collection: C:/Z/_Blaise_Tools/_Notes/SEM1-436\MagGridWorkflow\collection_87341224-c90c-4b0b-92cf-b6ee6d66a33c.json
2025-03-18 11:39:32,749 - workflows.workflow_base - INFO - Saved collection: C:/Z/_Blaise_Tools/_Notes/SEM1-436\MagGridWorkflow\collection_02b0e749-344f-4560-825a-7846a2cffb9c.json
2025-03-18 11:39:32,954 - workflows.workflow_base - INFO - Saved collection: C:/Z/_Blaise_Tools/_Notes/SEM1-436\MagGridWorkflow\collection_157e8287-8f5f-48fb-8aee-323d72394b80.json
2025-03-18 11:39:33,103 - workflows.workflow_base - INFO - Saved collection: C:/Z/_Blaise_Tools/_Notes/SEM1-436\MagGridWorkflow\collection_7ea1abc7-7ec7-4ed6-87c0-620965b8d129.json
2025-03-18 11:39:33,180 - workflows.workflow_base - INFO - Saved collection: C:/Z/_Blaise_Tools/_Notes/SEM1-436\MagGridWorkflow\collection_7f787df7-85ee-4639-a92a-91f239ac15ac.json
2025-03-18 11:39:33,748 - workflows.workflow_base - INFO - Saved collection: C:/Z/_Blaise_Tools/_Notes/SEM1-436\MagGridWorkflow\collection_03ec1e54-d10c-4a32-b324-e3d87a925a54.json
2025-03-18 11:39:33,819 - workflows.workflow_base - INFO - Saved collection: C:/Z/_Blaise_Tools/_Notes/SEM1-436\MagGridWorkflow\collection_c2620766-bf95-48f9-a368-a6a120bba321.json
2025-03-18 11:39:33,893 - workflows.workflow_base - INFO - Saved collection: C:/Z/_Blaise_Tools/_Notes/SEM1-436\MagGridWorkflow\collection_6355b55f-c5c7-4af6-92e5-e1ecdd1805b5.json
2025-03-18 11:39:33,963 - workflows.workflow_base - INFO - Saved collection: C:/Z/_Blaise_Tools/_Notes/SEM1-436\MagGridWorkflow\collection_514bcd46-e6d0-41bc-8d48-8d15cdbe1db1.json
2025-03-18 11:39:34,033 - workflows.workflow_base - INFO - Saved collection: C:/Z/_Blaise_Tools/_Notes/SEM1-436\MagGridWorkflow\collection_a3b924a5-9863-40aa-b687-a0f6c093d2be.json
2025-03-18 11:39:34,117 - workflows.workflow_base - INFO - Saved collection: C:/Z/_Blaise_Tools/_Notes/SEM1-436\MagGridWorkflow\collection_7331dbfe-00de-46a0-9a72-f7d667723e4f.json
2025-03-18 11:39:34,200 - workflows.workflow_base - INFO - Saved collection: C:/Z/_Blaise_Tools/_Notes/SEM1-436\MagGridWorkflow\collection_33b13658-1e42-4475-98da-92399cdbbe8a.json
2025-03-18 11:39:34,267 - workflows.workflow_base - INFO - Saved collection: C:/Z/_Blaise_Tools/_Notes/SEM1-436\MagGridWorkflow\collection_810ee97b-d9f3-44b4-997e-a4ec56d96ad9.json
2025-03-18 11:52:59,132 - workflows.workflow_base - INFO - Saved collection: C:/Z/_Blaise_Tools/_Notes/SEM1-436\ModeGridWorkflow\collection_mode_grid_-0.000342155_0.0141753.json
2025-03-18 11:52:59,136 - workflows.workflow_base - INFO - Saved collection: C:/Z/_Blaise_Tools/_Notes/SEM1-436\ModeGridWorkflow\collection_mode_grid_-0.00111016_0.0148667.json
2025-03-18 11:52:59,144 - workflows.workflow_base - INFO - Saved collection: C:/Z/_Blaise_Tools/_Notes/SEM1-436\ModeGridWorkflow\collection_mode_grid_-0.00233817_0.0153873.json
2025-03-18 11:52:59,148 - workflows.workflow_base - INFO - Saved collection: C:/Z/_Blaise_Tools/_Notes/SEM1-436\ModeGridWorkflow\collection_mode_grid_-0.00281709_0.015758.json
2025-03-18 11:53:02,003 - workflows.workflow_base - INFO - Saved collection: C:/Z/_Blaise_Tools/_Notes/SEM1-436\ModeGridWorkflow\collection_mode_grid_-0.000342155_0.0141753.json
2025-03-18 11:53:02,006 - workflows.workflow_base - INFO - Saved collection: C:/Z/_Blaise_Tools/_Notes/SEM1-436\ModeGridWorkflow\collection_mode_grid_-0.00111016_0.0148667.json
2025-03-18 11:53:02,012 - workflows.workflow_base - INFO - Saved collection: C:/Z/_Blaise_Tools/_Notes/SEM1-436\ModeGridWorkflow\collection_mode_grid_-0.00233817_0.0153873.json
2025-03-18 11:53:02,016 - workflows.workflow_base - INFO - Saved collection: C:/Z/_Blaise_Tools/_Notes/SEM1-436\ModeGridWorkflow\collection_mode_grid_-0.00281709_0.015758.json
2025-03-18 11:53:49,483 - workflows.workflow_base - INFO - Saved collection: C:/Z/_Blaise_Tools/_Notes/SEM1-436\ModeGridWorkflow\collection_mode_grid_-0.000342155_0.0141753.json
2025-03-18 11:53:49,486 - workflows.workflow_base - INFO - Saved collection: C:/Z/_Blaise_Tools/_Notes/SEM1-436\ModeGridWorkflow\collection_mode_grid_-0.00111016_0.0148667.json
2025-03-18 11:53:49,489 - workflows.workflow_base - INFO - Saved collection: C:/Z/_Blaise_Tools/_Notes/SEM1-436\ModeGridWorkflow\collection_mode_grid_-0.00236123_0.0154065.json
2025-03-18 11:53:49,493 - workflows.workflow_base - INFO - Saved collection: C:/Z/_Blaise_Tools/_Notes/SEM1-436\ModeGridWorkflow\collection_mode_grid_-0.00236599_0.0154019.json
2025-03-18 11:53:49,496 - workflows.workflow_base - INFO - Saved collection: C:/Z/_Blaise_Tools/_Notes/SEM1-436\ModeGridWorkflow\collection_mode_grid_-0.00233817_0.0153873.json
2025-03-18 11:53:49,500 - workflows.workflow_base - INFO - Saved collection: C:/Z/_Blaise_Tools/_Notes/SEM1-436\ModeGridWorkflow\collection_mode_grid_-0.00281709_0.015758.json
2025-03-18 12:03:42,738 - workflows.workflow_base - INFO - Saved collection: C:/Z/_Blaise_Tools/_Notes/SEM1-436\ModeGridWorkflow\collection_mode_grid_-0.000342155_0.0141753.json
2025-03-18 12:03:42,741 - workflows.workflow_base - INFO - Saved collection: C:/Z/_Blaise_Tools/_Notes/SEM1-436\ModeGridWorkflow\collection_mode_grid_-0.00111016_0.0148667.json
2025-03-18 12:03:42,744 - workflows.workflow_base - INFO - Saved collection: C:/Z/_Blaise_Tools/_Notes/SEM1-436\ModeGridWorkflow\collection_mode_grid_-0.00236123_0.0154065.json
2025-03-18 12:03:42,748 - workflows.workflow_base - INFO - Saved collection: C:/Z/_Blaise_Tools/_Notes/SEM1-436\ModeGridWorkflow\collection_mode_grid_-0.00236599_0.0154019.json
2025-03-18 12:03:42,752 - workflows.workflow_base - INFO - Saved collection: C:/Z/_Blaise_Tools/_Notes/SEM1-436\ModeGridWorkflow\collection_mode_grid_-0.00233817_0.0153873.json
2025-03-18 12:03:42,755 - workflows.workflow_base - INFO - Saved collection: C:/Z/_Blaise_Tools/_Notes/SEM1-436\ModeGridWorkflow\collection_mode_grid_-0.00281709_0.015758.json
2025-03-18 12:06:02,299 - workflows.workflow_base - INFO - Saved collection: C:/Z/_Blaise_Tools/_Notes/SEM1-436\ModeGridWorkflow\collection_mode_grid_-0.000342155_0.0141753.json
2025-03-18 12:06:02,302 - workflows.workflow_base - INFO - Saved collection: C:/Z/_Blaise_Tools/_Notes/SEM1-436\ModeGridWorkflow\collection_mode_grid_-0.00111016_0.0148667.json
2025-03-18 12:06:02,306 - workflows.workflow_base - INFO - Saved collection: C:/Z/_Blaise_Tools/_Notes/SEM1-436\ModeGridWorkflow\collection_mode_grid_-0.00236123_0.0154065.json
2025-03-18 12:06:02,309 - workflows.workflow_base - INFO - Saved collection: C:/Z/_Blaise_Tools/_Notes/SEM1-436\ModeGridWorkflow\collection_mode_grid_-0.00236599_0.0154019.json
2025-03-18 12:06:02,312 - workflows.workflow_base - INFO - Saved collection: C:/Z/_Blaise_Tools/_Notes/SEM1-436\ModeGridWorkflow\collection_mode_grid_-0.00233817_0.0153873.json
2025-03-18 12:06:02,315 - workflows.workflow_base - INFO - Saved collection: C:/Z/_Blaise_Tools/_Notes/SEM1-436\ModeGridWorkflow\collection_mode_grid_-0.00281709_0.015758.json
2025-03-18 12:06:34,787 - workflows.workflow_base - INFO - Saving grid image to: C:/Z/_Blaise_Tools/_Notes\Grids\ModeGridWorkflow_Solder_20250318-120634.png
2025-03-18 12:06:35,212 - workflows.workflow_base - INFO - Saving caption to: C:/Z/_Blaise_Tools/_Notes\Grids\ModeGridWorkflow_Solder_20250318-120634.txt
2025-03-18 12:06:35,213 - workflows.workflow_base - ERROR - Error during export: 'charmap' codec can't encode character '\u03bc' in position 71: character maps to <undefined>
Traceback (most recent call last):
  File "c:\Z\_Blaise_Tools\SEM_Workflow_Manager\workflows\workflow_base.py", line 319, in export_grid
    f.write(self._generate_caption(collection))
    ~~~~~~~^^^^^^^^^^^^^^^^^^^^^^^^^^^^^^^^^^^^
  File "C:\Users\bmibeck\AppData\Local\Programs\Python\Python313\Lib\encodings\cp1252.py", line 19, in encode
    return codecs.charmap_encode(input,self.errors,encoding_table)[0]
           ~~~~~~~~~~~~~~~~~~~~~^^^^^^^^^^^^^^^^^^^^^^^^^^^^^^^^^^
UnicodeEncodeError: 'charmap' codec can't encode character '\u03bc' in position 71: character maps to <undefined>
2025-03-18 12:06:43,458 - workflows.workflow_base - INFO - Saving grid image to: C:/Z/_Blaise_Tools/_Notes\Grids\ModeGridWorkflow_Solder_20250318-120643.png
2025-03-18 12:06:43,921 - workflows.workflow_base - INFO - Saving caption to: C:/Z/_Blaise_Tools/_Notes\Grids\ModeGridWorkflow_Solder_20250318-120643.txt
2025-03-18 12:06:43,922 - workflows.workflow_base - ERROR - Error during export: 'charmap' codec can't encode character '\u03bc' in position 74: character maps to <undefined>
Traceback (most recent call last):
  File "c:\Z\_Blaise_Tools\SEM_Workflow_Manager\workflows\workflow_base.py", line 319, in export_grid
    f.write(self._generate_caption(collection))
    ~~~~~~~^^^^^^^^^^^^^^^^^^^^^^^^^^^^^^^^^^^^
  File "C:\Users\bmibeck\AppData\Local\Programs\Python\Python313\Lib\encodings\cp1252.py", line 19, in encode
    return codecs.charmap_encode(input,self.errors,encoding_table)[0]
           ~~~~~~~~~~~~~~~~~~~~~^^^^^^^^^^^^^^^^^^^^^^^^^^^^^^^^^^
UnicodeEncodeError: 'charmap' codec can't encode character '\u03bc' in position 74: character maps to <undefined>
2025-03-18 12:06:55,291 - workflows.workflow_base - INFO - Saving grid image to: C:/Z/_Blaise_Tools/_Notes\Grids\ModeGridWorkflow_Solder_20250318-120655.png
2025-03-18 12:06:55,556 - workflows.workflow_base - INFO - Saving caption to: C:/Z/_Blaise_Tools/_Notes\Grids\ModeGridWorkflow_Solder_20250318-120655.txt
2025-03-18 12:06:55,557 - workflows.workflow_base - ERROR - Error during export: 'charmap' codec can't encode character '\u03bc' in position 73: character maps to <undefined>
Traceback (most recent call last):
  File "c:\Z\_Blaise_Tools\SEM_Workflow_Manager\workflows\workflow_base.py", line 319, in export_grid
    f.write(self._generate_caption(collection))
    ~~~~~~~^^^^^^^^^^^^^^^^^^^^^^^^^^^^^^^^^^^^
  File "C:\Users\bmibeck\AppData\Local\Programs\Python\Python313\Lib\encodings\cp1252.py", line 19, in encode
    return codecs.charmap_encode(input,self.errors,encoding_table)[0]
           ~~~~~~~~~~~~~~~~~~~~~^^^^^^^^^^^^^^^^^^^^^^^^^^^^^^^^^^
UnicodeEncodeError: 'charmap' codec can't encode character '\u03bc' in position 73: character maps to <undefined>
2025-03-18 12:07:01,518 - workflows.workflow_base - INFO - Saving grid image to: C:/Z/_Blaise_Tools/_Notes\Grids\ModeGridWorkflow_Solder_20250318-120701.png
2025-03-18 12:07:01,894 - workflows.workflow_base - INFO - Saving caption to: C:/Z/_Blaise_Tools/_Notes\Grids\ModeGridWorkflow_Solder_20250318-120701.txt
2025-03-18 12:07:01,894 - workflows.workflow_base - ERROR - Error during export: 'charmap' codec can't encode character '\u03bc' in position 71: character maps to <undefined>
Traceback (most recent call last):
  File "c:\Z\_Blaise_Tools\SEM_Workflow_Manager\workflows\workflow_base.py", line 319, in export_grid
    f.write(self._generate_caption(collection))
    ~~~~~~~^^^^^^^^^^^^^^^^^^^^^^^^^^^^^^^^^^^^
  File "C:\Users\bmibeck\AppData\Local\Programs\Python\Python313\Lib\encodings\cp1252.py", line 19, in encode
    return codecs.charmap_encode(input,self.errors,encoding_table)[0]
           ~~~~~~~~~~~~~~~~~~~~~^^^^^^^^^^^^^^^^^^^^^^^^^^^^^^^^^^
UnicodeEncodeError: 'charmap' codec can't encode character '\u03bc' in position 71: character maps to <undefined>
2025-03-18 12:07:16,152 - workflows.workflow_base - INFO - Saved collection: C:/Z/_Blaise_Tools/_Notes/SEM1-436\MagGridWorkflow\collection_534d15e2-bcd3-4ecb-8202-fe9ea9afbcc5.json
2025-03-18 12:07:16,499 - workflows.workflow_base - INFO - Saved collection: C:/Z/_Blaise_Tools/_Notes/SEM1-436\MagGridWorkflow\collection_764baa6b-e495-481f-9016-f44d7aa8760e.json
2025-03-18 12:07:16,796 - workflows.workflow_base - INFO - Saved collection: C:/Z/_Blaise_Tools/_Notes/SEM1-436\MagGridWorkflow\collection_2264f204-78f7-4dfc-ba17-faf30e3b9858.json
2025-03-18 12:07:17,001 - workflows.workflow_base - INFO - Saved collection: C:/Z/_Blaise_Tools/_Notes/SEM1-436\MagGridWorkflow\collection_75a9ce6e-d70f-44c3-8614-cdd9f1e4f97a.json
2025-03-18 12:07:17,178 - workflows.workflow_base - INFO - Saved collection: C:/Z/_Blaise_Tools/_Notes/SEM1-436\MagGridWorkflow\collection_5e668710-da6b-4737-af41-18d66b1d0f6e.json
2025-03-18 12:07:17,298 - workflows.workflow_base - INFO - Saved collection: C:/Z/_Blaise_Tools/_Notes/SEM1-436\MagGridWorkflow\collection_3247057b-fab5-47d5-a37a-8e62b985bbaf.json
2025-03-18 12:07:17,359 - workflows.workflow_base - INFO - Saved collection: C:/Z/_Blaise_Tools/_Notes/SEM1-436\MagGridWorkflow\collection_9f7cd982-2200-4d91-ad5a-85bff613e614.json
2025-03-18 12:07:17,796 - workflows.workflow_base - INFO - Saved collection: C:/Z/_Blaise_Tools/_Notes/SEM1-436\MagGridWorkflow\collection_3d12a6e7-33e5-4aad-92de-ab6e08405e3c.json
2025-03-18 12:07:18,393 - workflows.workflow_base - INFO - Saved collection: C:/Z/_Blaise_Tools/_Notes/SEM1-436\MagGridWorkflow\collection_8f0747c5-eb77-4bb6-bfcf-4d056c1ca896.json
2025-03-18 12:07:18,872 - workflows.workflow_base - INFO - Saved collection: C:/Z/_Blaise_Tools/_Notes/SEM1-436\MagGridWorkflow\collection_77337a4b-1fa1-4ab3-af98-a269ea1ee970.json
2025-03-18 12:07:19,363 - workflows.workflow_base - INFO - Saved collection: C:/Z/_Blaise_Tools/_Notes/SEM1-436\MagGridWorkflow\collection_de1e9a0a-4921-43b1-9318-15f9d0697ff0.json
2025-03-18 12:07:19,848 - workflows.workflow_base - INFO - Saved collection: C:/Z/_Blaise_Tools/_Notes/SEM1-436\MagGridWorkflow\collection_538f628e-97ac-4bb8-bfca-bca7ca8dba80.json
2025-03-18 12:07:20,320 - workflows.workflow_base - INFO - Saved collection: C:/Z/_Blaise_Tools/_Notes/SEM1-436\MagGridWorkflow\collection_43a9b3e7-f616-4387-97c5-6e4026d22919.json
2025-03-18 12:07:20,788 - workflows.workflow_base - INFO - Saved collection: C:/Z/_Blaise_Tools/_Notes/SEM1-436\MagGridWorkflow\collection_92c32650-644d-4b7d-8929-17ff46ff8c1e.json
2025-03-18 12:07:21,254 - workflows.workflow_base - INFO - Saved collection: C:/Z/_Blaise_Tools/_Notes/SEM1-436\MagGridWorkflow\collection_406041e8-6065-4079-962d-0bd1b5ee7865.json
2025-03-18 12:07:21,728 - workflows.workflow_base - INFO - Saved collection: C:/Z/_Blaise_Tools/_Notes/SEM1-436\MagGridWorkflow\collection_54147162-2d20-4240-9d33-770ed727682e.json
2025-03-18 12:07:22,187 - workflows.workflow_base - INFO - Saved collection: C:/Z/_Blaise_Tools/_Notes/SEM1-436\MagGridWorkflow\collection_131274a4-0b99-4252-b7e6-583bff52880b.json
2025-03-18 12:07:22,517 - workflows.workflow_base - INFO - Saved collection: C:/Z/_Blaise_Tools/_Notes/SEM1-436\MagGridWorkflow\collection_31116520-32bf-4274-aaa5-2afbb4700ea8.json
2025-03-18 12:07:22,850 - workflows.workflow_base - INFO - Saved collection: C:/Z/_Blaise_Tools/_Notes/SEM1-436\MagGridWorkflow\collection_0796c8a9-14d7-45a2-91f5-0f35423047b8.json
2025-03-18 12:07:23,108 - workflows.workflow_base - INFO - Saved collection: C:/Z/_Blaise_Tools/_Notes/SEM1-436\MagGridWorkflow\collection_e6abc679-1484-42bf-9fe6-df9090e955d3.json
2025-03-18 12:07:23,313 - workflows.workflow_base - INFO - Saved collection: C:/Z/_Blaise_Tools/_Notes/SEM1-436\MagGridWorkflow\collection_74251a97-3baf-4e39-b2c3-7618fe12b663.json
2025-03-18 12:07:23,454 - workflows.workflow_base - INFO - Saved collection: C:/Z/_Blaise_Tools/_Notes/SEM1-436\MagGridWorkflow\collection_045bf8c6-fde7-4080-868f-0765bc08809c.json
2025-03-18 12:07:23,528 - workflows.workflow_base - INFO - Saved collection: C:/Z/_Blaise_Tools/_Notes/SEM1-436\MagGridWorkflow\collection_8ae635c3-3cf6-45a9-9bfc-7afdf6232117.json
2025-03-18 12:07:24,086 - workflows.workflow_base - INFO - Saved collection: C:/Z/_Blaise_Tools/_Notes/SEM1-436\MagGridWorkflow\collection_92416851-f505-4e4f-83da-d54384d9dd80.json
2025-03-18 12:07:24,155 - workflows.workflow_base - INFO - Saved collection: C:/Z/_Blaise_Tools/_Notes/SEM1-436\MagGridWorkflow\collection_fe95d9ec-c449-4b3f-a980-91c216606b17.json
2025-03-18 12:07:24,227 - workflows.workflow_base - INFO - Saved collection: C:/Z/_Blaise_Tools/_Notes/SEM1-436\MagGridWorkflow\collection_e6fbbe79-9b9e-4e24-a4ff-e1529dd13b6e.json
2025-03-18 12:07:24,298 - workflows.workflow_base - INFO - Saved collection: C:/Z/_Blaise_Tools/_Notes/SEM1-436\MagGridWorkflow\collection_8e3e33d9-c2e6-4b36-95d1-c351ec409478.json
2025-03-18 12:07:24,370 - workflows.workflow_base - INFO - Saved collection: C:/Z/_Blaise_Tools/_Notes/SEM1-436\MagGridWorkflow\collection_c8034434-53c7-4925-ad83-8f38650aa028.json
2025-03-18 12:07:24,454 - workflows.workflow_base - INFO - Saved collection: C:/Z/_Blaise_Tools/_Notes/SEM1-436\MagGridWorkflow\collection_c6c4ae62-6c8d-4178-8eed-ef4dd1252daf.json
2025-03-18 12:07:24,537 - workflows.workflow_base - INFO - Saved collection: C:/Z/_Blaise_Tools/_Notes/SEM1-436\MagGridWorkflow\collection_d5f9a510-1f4f-481d-8184-4e933b2eac55.json
2025-03-18 12:07:24,605 - workflows.workflow_base - INFO - Saved collection: C:/Z/_Blaise_Tools/_Notes/SEM1-436\MagGridWorkflow\collection_58427b72-cbfb-43e0-948c-1ec660e884b8.json
2025-03-18 12:07:43,121 - workflows.workflow_base - INFO - Saving grid image to: C:/Z/_Blaise_Tools/_Notes\Grids\MagGridWorkflow_Solder_20250318-120743.png
2025-03-18 12:07:43,888 - workflows.workflow_base - INFO - Saving caption to: C:/Z/_Blaise_Tools/_Notes\Grids\MagGridWorkflow_Solder_20250318-120743.txt
2025-03-18 12:07:43,890 - workflows.workflow_base - INFO - Saving collection data to: C:/Z/_Blaise_Tools/_Notes\Grids\MagGridWorkflow_Solder_20250318-120743.json
2025-03-18 12:07:43,893 - workflows.workflow_base - INFO - Export completed successfully
2025-03-18 12:08:02,209 - workflows.workflow_base - INFO - Saving grid image to: C:/Z/_Blaise_Tools/_Notes\Grids\MagGridWorkflow_Solder_20250318-120802.png
2025-03-18 12:08:03,101 - workflows.workflow_base - INFO - Saving caption to: C:/Z/_Blaise_Tools/_Notes\Grids\MagGridWorkflow_Solder_20250318-120802.txt
2025-03-18 12:08:03,103 - workflows.workflow_base - INFO - Saving collection data to: C:/Z/_Blaise_Tools/_Notes\Grids\MagGridWorkflow_Solder_20250318-120802.json
2025-03-18 12:08:03,106 - workflows.workflow_base - INFO - Export completed successfully
2025-03-18 12:08:14,740 - workflows.workflow_base - INFO - Saving grid image to: C:/Z/_Blaise_Tools/_Notes\Grids\MagGridWorkflow_Solder_20250318-120814.png
2025-03-18 12:08:15,324 - workflows.workflow_base - INFO - Saving caption to: C:/Z/_Blaise_Tools/_Notes\Grids\MagGridWorkflow_Solder_20250318-120814.txt
2025-03-18 12:08:15,326 - workflows.workflow_base - INFO - Saving collection data to: C:/Z/_Blaise_Tools/_Notes\Grids\MagGridWorkflow_Solder_20250318-120814.json
2025-03-18 12:08:15,329 - workflows.workflow_base - INFO - Export completed successfully
2025-03-18 12:08:20,802 - workflows.workflow_base - INFO - Saving grid image to: C:/Z/_Blaise_Tools/_Notes\Grids\MagGridWorkflow_Solder_20250318-120820.png
2025-03-18 12:08:21,443 - workflows.workflow_base - INFO - Saving caption to: C:/Z/_Blaise_Tools/_Notes\Grids\MagGridWorkflow_Solder_20250318-120820.txt
2025-03-18 12:08:21,445 - workflows.workflow_base - INFO - Saving collection data to: C:/Z/_Blaise_Tools/_Notes\Grids\MagGridWorkflow_Solder_20250318-120820.json
2025-03-18 12:08:21,448 - workflows.workflow_base - INFO - Export completed successfully
2025-03-18 12:08:35,196 - workflows.workflow_base - INFO - Saving grid image to: C:/Z/_Blaise_Tools/_Notes\Grids\MagGridWorkflow_Solder_20250318-120835.png
2025-03-18 12:08:35,423 - workflows.workflow_base - INFO - Saving caption to: C:/Z/_Blaise_Tools/_Notes\Grids\MagGridWorkflow_Solder_20250318-120835.txt
2025-03-18 12:08:35,425 - workflows.workflow_base - INFO - Saving collection data to: C:/Z/_Blaise_Tools/_Notes\Grids\MagGridWorkflow_Solder_20250318-120835.json
2025-03-18 12:08:35,429 - workflows.workflow_base - INFO - Export completed successfully
2025-03-18 12:08:41,877 - workflows.workflow_base - INFO - Saving grid image to: C:/Z/_Blaise_Tools/_Notes\Grids\MagGridWorkflow_Solder_20250318-120841.png
2025-03-18 12:08:41,960 - workflows.workflow_base - INFO - Saving caption to: C:/Z/_Blaise_Tools/_Notes\Grids\MagGridWorkflow_Solder_20250318-120841.txt
2025-03-18 12:08:41,963 - workflows.workflow_base - INFO - Saving collection data to: C:/Z/_Blaise_Tools/_Notes\Grids\MagGridWorkflow_Solder_20250318-120841.json
2025-03-18 12:08:41,965 - workflows.workflow_base - INFO - Export completed successfully
2025-03-18 12:08:45,723 - workflows.workflow_base - INFO - Saving grid image to: C:/Z/_Blaise_Tools/_Notes\Grids\MagGridWorkflow_Solder_20250318-120845.png
2025-03-18 12:08:45,805 - workflows.workflow_base - INFO - Saving caption to: C:/Z/_Blaise_Tools/_Notes\Grids\MagGridWorkflow_Solder_20250318-120845.txt
2025-03-18 12:08:45,807 - workflows.workflow_base - INFO - Saving collection data to: C:/Z/_Blaise_Tools/_Notes\Grids\MagGridWorkflow_Solder_20250318-120845.json
2025-03-18 12:08:45,809 - workflows.workflow_base - INFO - Export completed successfully
2025-03-18 12:09:03,730 - workflows.workflow_base - INFO - Saving grid image to: C:/Z/_Blaise_Tools/_Notes\Grids\MagGridWorkflow_Solder_20250318-120903.png
2025-03-18 12:09:03,963 - workflows.workflow_base - INFO - Saving caption to: C:/Z/_Blaise_Tools/_Notes\Grids\MagGridWorkflow_Solder_20250318-120903.txt
2025-03-18 12:09:03,965 - workflows.workflow_base - INFO - Saving collection data to: C:/Z/_Blaise_Tools/_Notes\Grids\MagGridWorkflow_Solder_20250318-120903.json
2025-03-18 12:09:03,968 - workflows.workflow_base - INFO - Export completed successfully
2025-03-18 12:09:22,331 - workflows.workflow_base - INFO - Saving grid image to: C:/Z/_Blaise_Tools/_Notes\Grids\MagGridWorkflow_Solder_20250318-120922.png
2025-03-18 12:09:22,552 - workflows.workflow_base - INFO - Saving caption to: C:/Z/_Blaise_Tools/_Notes\Grids\MagGridWorkflow_Solder_20250318-120922.txt
2025-03-18 12:09:22,554 - workflows.workflow_base - INFO - Saving collection data to: C:/Z/_Blaise_Tools/_Notes\Grids\MagGridWorkflow_Solder_20250318-120922.json
2025-03-18 12:09:22,556 - workflows.workflow_base - INFO - Export completed successfully
2025-03-18 12:09:40,596 - workflows.workflow_base - INFO - Saving grid image to: C:/Z/_Blaise_Tools/_Notes\Grids\MagGridWorkflow_Solder_20250318-120940.png
2025-03-18 12:09:41,142 - workflows.workflow_base - INFO - Saving caption to: C:/Z/_Blaise_Tools/_Notes\Grids\MagGridWorkflow_Solder_20250318-120940.txt
2025-03-18 12:09:41,144 - workflows.workflow_base - INFO - Saving collection data to: C:/Z/_Blaise_Tools/_Notes\Grids\MagGridWorkflow_Solder_20250318-120940.json
2025-03-18 12:09:41,147 - workflows.workflow_base - INFO - Export completed successfully
2025-03-18 12:23:20,599 - workflows.workflow_base - INFO - Saved collection: C:/Z/_Blaise_Tools/_Notes/SEM1-436\ModeGridWorkflow\collection_mode_grid_-0.000342155_0.0141753.json
2025-03-18 12:23:20,602 - workflows.workflow_base - INFO - Saved collection: C:/Z/_Blaise_Tools/_Notes/SEM1-436\ModeGridWorkflow\collection_mode_grid_-0.00111016_0.0148667.json
2025-03-18 12:23:20,606 - workflows.workflow_base - INFO - Saved collection: C:/Z/_Blaise_Tools/_Notes/SEM1-436\ModeGridWorkflow\collection_mode_grid_-0.00236123_0.0154065.json
2025-03-18 12:23:20,608 - workflows.workflow_base - INFO - Saved collection: C:/Z/_Blaise_Tools/_Notes/SEM1-436\ModeGridWorkflow\collection_mode_grid_-0.00236599_0.0154019.json
2025-03-18 12:23:20,611 - workflows.workflow_base - INFO - Saved collection: C:/Z/_Blaise_Tools/_Notes/SEM1-436\ModeGridWorkflow\collection_mode_grid_-0.00233817_0.0153873.json
2025-03-18 12:23:20,614 - workflows.workflow_base - INFO - Saved collection: C:/Z/_Blaise_Tools/_Notes/SEM1-436\ModeGridWorkflow\collection_mode_grid_-0.00281709_0.015758.json
2025-03-18 12:23:53,055 - workflows.workflow_base - INFO - Created workflow folder: C:/Z/_Blaise_Tools/_Notes/SEM1-436\MagGridWorkflow
2025-03-18 12:23:53,058 - workflows.workflow_base - INFO - Saved collection: C:/Z/_Blaise_Tools/_Notes/SEM1-436\MagGridWorkflow\collection_28fe9051-0e54-4525-b6b8-2248a4a0f35e.json
2025-03-18 12:23:53,398 - workflows.workflow_base - INFO - Saved collection: C:/Z/_Blaise_Tools/_Notes/SEM1-436\MagGridWorkflow\collection_97a8791e-7c06-4a2a-98a9-ab12d01f213c.json
2025-03-18 12:23:53,687 - workflows.workflow_base - INFO - Saved collection: C:/Z/_Blaise_Tools/_Notes/SEM1-436\MagGridWorkflow\collection_89d9cfe2-c031-4e48-9f7a-1ca065777877.json
2025-03-18 12:23:53,895 - workflows.workflow_base - INFO - Saved collection: C:/Z/_Blaise_Tools/_Notes/SEM1-436\MagGridWorkflow\collection_baa62d89-ed31-40b8-88e5-4416fcdb0a76.json
2025-03-18 12:23:54,078 - workflows.workflow_base - INFO - Saved collection: C:/Z/_Blaise_Tools/_Notes/SEM1-436\MagGridWorkflow\collection_9e788778-ae66-4a70-ae6b-7357525ee827.json
2025-03-18 12:23:54,191 - workflows.workflow_base - INFO - Saved collection: C:/Z/_Blaise_Tools/_Notes/SEM1-436\MagGridWorkflow\collection_a9c787ef-a7b1-47a9-9e76-e37bae599348.json
2025-03-18 12:23:54,248 - workflows.workflow_base - INFO - Saved collection: C:/Z/_Blaise_Tools/_Notes/SEM1-436\MagGridWorkflow\collection_8ce32675-ea38-49f1-b809-b8dbcfc37069.json
2025-03-18 12:23:54,678 - workflows.workflow_base - INFO - Saved collection: C:/Z/_Blaise_Tools/_Notes/SEM1-436\MagGridWorkflow\collection_cf08f4eb-e784-4acb-9487-a17a5da2c840.json
2025-03-18 12:23:55,257 - workflows.workflow_base - INFO - Saved collection: C:/Z/_Blaise_Tools/_Notes/SEM1-436\MagGridWorkflow\collection_638e606c-4c3e-43ad-b24d-4426691906d2.json
2025-03-18 12:23:55,715 - workflows.workflow_base - INFO - Saved collection: C:/Z/_Blaise_Tools/_Notes/SEM1-436\MagGridWorkflow\collection_56a65dd2-1bd6-47ce-bf87-829e960dee9d.json
2025-03-18 12:23:56,172 - workflows.workflow_base - INFO - Saved collection: C:/Z/_Blaise_Tools/_Notes/SEM1-436\MagGridWorkflow\collection_1f3b0300-1cb7-4204-b773-b0ed9a504eb4.json
2025-03-18 12:23:56,629 - workflows.workflow_base - INFO - Saved collection: C:/Z/_Blaise_Tools/_Notes/SEM1-436\MagGridWorkflow\collection_b109984d-957c-4171-9a99-97567fad13b5.json
2025-03-18 12:23:57,085 - workflows.workflow_base - INFO - Saved collection: C:/Z/_Blaise_Tools/_Notes/SEM1-436\MagGridWorkflow\collection_c621c6c2-0b22-43f8-bb80-f84708c58461.json
2025-03-18 12:23:57,540 - workflows.workflow_base - INFO - Saved collection: C:/Z/_Blaise_Tools/_Notes/SEM1-436\MagGridWorkflow\collection_e3e5f0ed-11d7-4162-a059-3ad7767f2489.json
2025-03-18 12:23:57,995 - workflows.workflow_base - INFO - Saved collection: C:/Z/_Blaise_Tools/_Notes/SEM1-436\MagGridWorkflow\collection_53b86d86-b433-4a49-8ecb-66e0923d51cf.json
2025-03-18 12:23:58,455 - workflows.workflow_base - INFO - Saved collection: C:/Z/_Blaise_Tools/_Notes/SEM1-436\MagGridWorkflow\collection_39a8b9e9-14a3-4d30-9d63-8c764d29c2ff.json
2025-03-18 12:23:58,909 - workflows.workflow_base - INFO - Saved collection: C:/Z/_Blaise_Tools/_Notes/SEM1-436\MagGridWorkflow\collection_8b5a3ecb-9c5c-45b6-b37e-653581c98648.json
2025-03-18 12:23:59,242 - workflows.workflow_base - INFO - Saved collection: C:/Z/_Blaise_Tools/_Notes/SEM1-436\MagGridWorkflow\collection_6d4bf99e-1ef4-4e6a-b15d-4f4d3b74c074.json
2025-03-18 12:23:59,577 - workflows.workflow_base - INFO - Saved collection: C:/Z/_Blaise_Tools/_Notes/SEM1-436\MagGridWorkflow\collection_3c8d2e94-79c0-463b-b9fa-3d6f18ba2871.json
2025-03-18 12:23:59,836 - workflows.workflow_base - INFO - Saved collection: C:/Z/_Blaise_Tools/_Notes/SEM1-436\MagGridWorkflow\collection_1057fa34-a2eb-4b64-887a-c42bbeb8bedc.json
2025-03-18 12:24:00,042 - workflows.workflow_base - INFO - Saved collection: C:/Z/_Blaise_Tools/_Notes/SEM1-436\MagGridWorkflow\collection_b9721fde-f950-40cd-8995-26d574a65fb1.json
2025-03-18 12:24:00,191 - workflows.workflow_base - INFO - Saved collection: C:/Z/_Blaise_Tools/_Notes/SEM1-436\MagGridWorkflow\collection_258517f0-daa7-46e0-8f0a-1059d1821b27.json
2025-03-18 12:24:00,263 - workflows.workflow_base - INFO - Saved collection: C:/Z/_Blaise_Tools/_Notes/SEM1-436\MagGridWorkflow\collection_471b1584-318b-45fb-b252-66f5c4b403dd.json
2025-03-18 12:24:00,809 - workflows.workflow_base - INFO - Saved collection: C:/Z/_Blaise_Tools/_Notes/SEM1-436\MagGridWorkflow\collection_94855a32-b5a4-466a-a6ad-3f168f7e769a.json
2025-03-18 12:24:00,881 - workflows.workflow_base - INFO - Saved collection: C:/Z/_Blaise_Tools/_Notes/SEM1-436\MagGridWorkflow\collection_f8d3ef4b-cadd-4f98-be2f-7e47e5dab258.json
2025-03-18 12:24:00,953 - workflows.workflow_base - INFO - Saved collection: C:/Z/_Blaise_Tools/_Notes/SEM1-436\MagGridWorkflow\collection_8710721c-aede-4930-9af5-9547701baf76.json
2025-03-18 12:24:01,023 - workflows.workflow_base - INFO - Saved collection: C:/Z/_Blaise_Tools/_Notes/SEM1-436\MagGridWorkflow\collection_57eb5e77-3608-4412-a35c-202fd0ceb6f7.json
2025-03-18 12:24:01,094 - workflows.workflow_base - INFO - Saved collection: C:/Z/_Blaise_Tools/_Notes/SEM1-436\MagGridWorkflow\collection_fff72363-2434-451c-aa05-e60c1f37313a.json
2025-03-18 12:24:01,179 - workflows.workflow_base - INFO - Saved collection: C:/Z/_Blaise_Tools/_Notes/SEM1-436\MagGridWorkflow\collection_cb0b0d6f-936b-4082-8cf5-54c3cebeefaa.json
2025-03-18 12:24:01,263 - workflows.workflow_base - INFO - Saved collection: C:/Z/_Blaise_Tools/_Notes/SEM1-436\MagGridWorkflow\collection_d7f29950-2bc2-450c-8648-b299ab638af1.json
2025-03-18 12:24:01,330 - workflows.workflow_base - INFO - Saved collection: C:/Z/_Blaise_Tools/_Notes/SEM1-436\MagGridWorkflow\collection_bf2dbfe7-9fdc-40cc-a207-8bb229122f32.json
2025-03-18 12:26:42,807 - workflows.workflow_base - INFO - Saved collection: C:/Z/_Blaise_Tools/_Notes/SEM1-436\MagGridWorkflow\collection_d19ca36c-1f4b-4a0b-98e4-20d66525ce6d.json
2025-03-18 12:26:43,146 - workflows.workflow_base - INFO - Saved collection: C:/Z/_Blaise_Tools/_Notes/SEM1-436\MagGridWorkflow\collection_91b5d77b-644f-4fe1-821c-ef21b5ac9e00.json
2025-03-18 12:26:43,427 - workflows.workflow_base - INFO - Saved collection: C:/Z/_Blaise_Tools/_Notes/SEM1-436\MagGridWorkflow\collection_bd943956-3954-41ed-8214-51173e228813.json
2025-03-18 12:26:43,634 - workflows.workflow_base - INFO - Saved collection: C:/Z/_Blaise_Tools/_Notes/SEM1-436\MagGridWorkflow\collection_6159fe82-b7b2-4de3-9111-b393fc6c35ff.json
2025-03-18 12:26:43,820 - workflows.workflow_base - INFO - Saved collection: C:/Z/_Blaise_Tools/_Notes/SEM1-436\MagGridWorkflow\collection_8b42e9f5-7e1f-4b87-85dd-6bdf4a9fe077.json
2025-03-18 12:26:43,941 - workflows.workflow_base - INFO - Saved collection: C:/Z/_Blaise_Tools/_Notes/SEM1-436\MagGridWorkflow\collection_ddc9f411-81ab-45ff-827c-64fff7469641.json
2025-03-18 12:26:43,999 - workflows.workflow_base - INFO - Saved collection: C:/Z/_Blaise_Tools/_Notes/SEM1-436\MagGridWorkflow\collection_b2d6f990-dbbd-43c3-a0cf-66b520d1dc8f.json
2025-03-18 12:26:44,413 - workflows.workflow_base - INFO - Saved collection: C:/Z/_Blaise_Tools/_Notes/SEM1-436\MagGridWorkflow\collection_4c38a5c8-e021-41c4-ab5b-afb10bd154c2.json
2025-03-18 12:26:44,977 - workflows.workflow_base - INFO - Saved collection: C:/Z/_Blaise_Tools/_Notes/SEM1-436\MagGridWorkflow\collection_f1b59b7e-617d-4ccd-8ea4-5c748d7a1886.json
2025-03-18 12:26:45,424 - workflows.workflow_base - INFO - Saved collection: C:/Z/_Blaise_Tools/_Notes/SEM1-436\MagGridWorkflow\collection_2f668e54-8ecb-4de2-9405-650601647928.json
2025-03-18 12:26:45,900 - workflows.workflow_base - INFO - Saved collection: C:/Z/_Blaise_Tools/_Notes/SEM1-436\MagGridWorkflow\collection_836680eb-a121-49d8-a077-a7d8d95e9b13.json
2025-03-18 12:26:46,372 - workflows.workflow_base - INFO - Saved collection: C:/Z/_Blaise_Tools/_Notes/SEM1-436\MagGridWorkflow\collection_726a875f-70c1-46f0-9b03-64b2ff0e494c.json
2025-03-18 12:26:46,844 - workflows.workflow_base - INFO - Saved collection: C:/Z/_Blaise_Tools/_Notes/SEM1-436\MagGridWorkflow\collection_7eceeb89-f3d3-4b51-91b0-58c338a4697e.json
2025-03-18 12:26:47,304 - workflows.workflow_base - INFO - Saved collection: C:/Z/_Blaise_Tools/_Notes/SEM1-436\MagGridWorkflow\collection_acc6ede6-f994-46e0-af39-3c46df6da4ea.json
2025-03-18 12:26:47,809 - workflows.workflow_base - INFO - Saved collection: C:/Z/_Blaise_Tools/_Notes/SEM1-436\MagGridWorkflow\collection_7d0a2b0b-d066-4eda-842c-5bf06e089560.json
2025-03-18 12:26:48,272 - workflows.workflow_base - INFO - Saved collection: C:/Z/_Blaise_Tools/_Notes/SEM1-436\MagGridWorkflow\collection_8b578d00-cbf3-4ec7-a486-c0ca17f0dcd5.json
2025-03-18 12:26:48,735 - workflows.workflow_base - INFO - Saved collection: C:/Z/_Blaise_Tools/_Notes/SEM1-436\MagGridWorkflow\collection_589ccdda-cd4e-4b8b-9657-f10abd0e3789.json
2025-03-18 12:26:49,077 - workflows.workflow_base - INFO - Saved collection: C:/Z/_Blaise_Tools/_Notes/SEM1-436\MagGridWorkflow\collection_26c9a44d-2daf-468a-93bb-737772844000.json
2025-03-18 12:26:49,416 - workflows.workflow_base - INFO - Saved collection: C:/Z/_Blaise_Tools/_Notes/SEM1-436\MagGridWorkflow\collection_3c2def97-9f2c-469e-a83e-bd8dc24f566c.json
2025-03-18 12:26:49,676 - workflows.workflow_base - INFO - Saved collection: C:/Z/_Blaise_Tools/_Notes/SEM1-436\MagGridWorkflow\collection_728dd890-e94e-483c-8d68-beeca679d9ce.json
2025-03-18 12:26:49,876 - workflows.workflow_base - INFO - Saved collection: C:/Z/_Blaise_Tools/_Notes/SEM1-436\MagGridWorkflow\collection_778fcb08-7974-4b60-9a98-ce0c02f09eb1.json
2025-03-18 12:26:50,015 - workflows.workflow_base - INFO - Saved collection: C:/Z/_Blaise_Tools/_Notes/SEM1-436\MagGridWorkflow\collection_2580a12f-8807-4e07-910b-68a516ff9be7.json
2025-03-18 12:26:50,085 - workflows.workflow_base - INFO - Saved collection: C:/Z/_Blaise_Tools/_Notes/SEM1-436\MagGridWorkflow\collection_e79f80d6-c23a-4124-b860-726adadadc8d.json
2025-03-18 12:26:50,636 - workflows.workflow_base - INFO - Saved collection: C:/Z/_Blaise_Tools/_Notes/SEM1-436\MagGridWorkflow\collection_fa862407-0731-434c-a7e7-3931ae9ee7b0.json
2025-03-18 12:26:50,709 - workflows.workflow_base - INFO - Saved collection: C:/Z/_Blaise_Tools/_Notes/SEM1-436\MagGridWorkflow\collection_1ee3ab7d-831d-4b96-9d46-fb63b41c1785.json
2025-03-18 12:26:50,779 - workflows.workflow_base - INFO - Saved collection: C:/Z/_Blaise_Tools/_Notes/SEM1-436\MagGridWorkflow\collection_013b40bf-6866-4f0f-b699-d00a3442e96e.json
2025-03-18 12:26:50,851 - workflows.workflow_base - INFO - Saved collection: C:/Z/_Blaise_Tools/_Notes/SEM1-436\MagGridWorkflow\collection_01890c0d-8990-4112-b339-1abeb00bc716.json
2025-03-18 12:26:50,923 - workflows.workflow_base - INFO - Saved collection: C:/Z/_Blaise_Tools/_Notes/SEM1-436\MagGridWorkflow\collection_7919bc4a-8a6a-4403-8fca-97a22888da4a.json
2025-03-18 12:26:51,011 - workflows.workflow_base - INFO - Saved collection: C:/Z/_Blaise_Tools/_Notes/SEM1-436\MagGridWorkflow\collection_46bdbb13-0549-4f81-8d2c-a30b34a3f103.json
2025-03-18 12:26:51,096 - workflows.workflow_base - INFO - Saved collection: C:/Z/_Blaise_Tools/_Notes/SEM1-436\MagGridWorkflow\collection_dadbd890-a9a8-4a6d-9842-b1adebc5c283.json
2025-03-18 12:26:51,163 - workflows.workflow_base - INFO - Saved collection: C:/Z/_Blaise_Tools/_Notes/SEM1-436\MagGridWorkflow\collection_e7aa945f-5bc2-48e0-bfc0-bef2084fd815.json
2025-03-18 12:26:59,366 - workflows.workflow_base - INFO - Created workflow folder: C:/Z/_Blaise_Tools/_Notes/SEM1-436\ModeGridWorkflow
2025-03-18 12:26:59,369 - workflows.workflow_base - INFO - Saved collection: C:/Z/_Blaise_Tools/_Notes/SEM1-436\ModeGridWorkflow\collection_mode_grid_-0.000342155_0.0141753.json
2025-03-18 12:26:59,373 - workflows.workflow_base - INFO - Saved collection: C:/Z/_Blaise_Tools/_Notes/SEM1-436\ModeGridWorkflow\collection_mode_grid_-0.00111016_0.0148667.json
2025-03-18 12:26:59,376 - workflows.workflow_base - INFO - Saved collection: C:/Z/_Blaise_Tools/_Notes/SEM1-436\ModeGridWorkflow\collection_mode_grid_-0.00236123_0.0154065.json
2025-03-18 12:26:59,380 - workflows.workflow_base - INFO - Saved collection: C:/Z/_Blaise_Tools/_Notes/SEM1-436\ModeGridWorkflow\collection_mode_grid_-0.00236599_0.0154019.json
2025-03-18 12:26:59,384 - workflows.workflow_base - INFO - Saved collection: C:/Z/_Blaise_Tools/_Notes/SEM1-436\ModeGridWorkflow\collection_mode_grid_-0.00233817_0.0153873.json
2025-03-18 12:26:59,387 - workflows.workflow_base - INFO - Saved collection: C:/Z/_Blaise_Tools/_Notes/SEM1-436\ModeGridWorkflow\collection_mode_grid_-0.00281709_0.015758.json
2025-03-18 12:27:01,974 - workflows.workflow_base - INFO - Saved collection: C:/Z/_Blaise_Tools/_Notes/SEM1-436\ModeGridWorkflow\collection_mode_grid_-0.000342155_0.0141753.json
2025-03-18 12:27:01,978 - workflows.workflow_base - INFO - Saved collection: C:/Z/_Blaise_Tools/_Notes/SEM1-436\ModeGridWorkflow\collection_mode_grid_-0.00111016_0.0148667.json
2025-03-18 12:27:01,982 - workflows.workflow_base - INFO - Saved collection: C:/Z/_Blaise_Tools/_Notes/SEM1-436\ModeGridWorkflow\collection_mode_grid_-0.00236123_0.0154065.json
2025-03-18 12:27:01,985 - workflows.workflow_base - INFO - Saved collection: C:/Z/_Blaise_Tools/_Notes/SEM1-436\ModeGridWorkflow\collection_mode_grid_-0.00236599_0.0154019.json
2025-03-18 12:27:01,988 - workflows.workflow_base - INFO - Saved collection: C:/Z/_Blaise_Tools/_Notes/SEM1-436\ModeGridWorkflow\collection_mode_grid_-0.00233817_0.0153873.json
2025-03-18 12:27:01,991 - workflows.workflow_base - INFO - Saved collection: C:/Z/_Blaise_Tools/_Notes/SEM1-436\ModeGridWorkflow\collection_mode_grid_-0.00281709_0.015758.json
2025-03-18 12:27:26,202 - workflows.workflow_base - INFO - Created Grids folder: C:/Z/_Blaise_Tools/_Notes\Grids
2025-03-18 12:27:26,203 - workflows.workflow_base - INFO - Saving grid image to: C:/Z/_Blaise_Tools/_Notes\Grids\SEM1-436_ModeGrid-1.png
2025-03-18 12:27:26,777 - workflows.workflow_base - INFO - Saving caption to: C:/Z/_Blaise_Tools/_Notes\Grids\SEM1-436_ModeGrid-1.txt
2025-03-18 12:27:26,778 - workflows.workflow_base - ERROR - Error during export: 'charmap' codec can't encode character '\u03bc' in position 71: character maps to <undefined>
Traceback (most recent call last):
  File "c:\Z\_Blaise_Tools\SEM_Workflow_Manager\workflows\workflow_base.py", line 336, in export_grid
    f.write(self._generate_caption(collection))
    ~~~~~~~^^^^^^^^^^^^^^^^^^^^^^^^^^^^^^^^^^^^
  File "C:\Users\bmibeck\AppData\Local\Programs\Python\Python313\Lib\encodings\cp1252.py", line 19, in encode
    return codecs.charmap_encode(input,self.errors,encoding_table)[0]
           ~~~~~~~~~~~~~~~~~~~~~^^^^^^^^^^^^^^^^^^^^^^^^^^^^^^^^^^
UnicodeEncodeError: 'charmap' codec can't encode character '\u03bc' in position 71: character maps to <undefined>
