2025-03-18 10:23:04,684 - workflows.mag_grid - INFO - Starting MagGrid collection discovery
2025-03-18 10:23:05,121 - workflows.mag_grid - INFO - Found MagGrid pyramid with 6 levels: Magnifications: [100, 250, 499, 1000, 2000, 3999]
2025-03-18 10:23:05,468 - workflows.mag_grid - INFO - Found MagGrid pyramid with 3 levels: Magnifications: [100, 499, 3999]
2025-03-18 10:23:05,751 - workflows.mag_grid - INFO - Found MagGrid pyramid with 5 levels: Magnifications: [250, 499, 1000, 2000, 3999]
2025-03-18 10:23:05,959 - workflows.mag_grid - INFO - Found MagGrid pyramid with 2 levels: Magnifications: [499, 3999]
2025-03-18 10:23:06,140 - workflows.mag_grid - INFO - Found MagGrid pyramid with 4 levels: Magnifications: [499, 1000, 2000, 3999]
2025-03-18 10:23:06,256 - workflows.mag_grid - INFO - Found MagGrid pyramid with 3 levels: Magnifications: [1000, 2000, 3999]
2025-03-18 10:23:06,319 - workflows.mag_grid - INFO - Found MagGrid pyramid with 2 levels: Magnifications: [2000, 3999]
2025-03-18 10:23:06,429 - workflows.mag_grid - WARNING - Unusual scale factor: 0.0010000030236235714, using default 0.5
2025-03-18 10:23:06,568 - workflows.mag_grid - WARNING - Unusual scale factor: 0.0010000030236235714, using default 0.5
2025-03-18 10:23:06,708 - workflows.mag_grid - WARNING - Unusual scale factor: 0.005, using default 0.5
2025-03-18 10:23:06,750 - workflows.mag_grid - INFO - Found MagGrid pyramid with 2 levels: Magnifications: [100, 499]
2025-03-18 10:23:06,781 - workflows.mag_grid - WARNING - Unusual scale factor: 0.005, using default 0.5
2025-03-18 10:23:07,359 - workflows.mag_grid - INFO - Found MagGrid pyramid with 7 levels: Magnifications: [150, 250, 499, 2000, 3999, 7999, 16000]
2025-03-18 10:23:07,827 - workflows.mag_grid - INFO - Found MagGrid pyramid with 5 levels: Magnifications: [200, 2000, 3999, 7999, 16000]
2025-03-18 10:23:08,298 - workflows.mag_grid - INFO - Found MagGrid pyramid with 5 levels: Magnifications: [200, 2000, 3999, 7999, 16000]
2025-03-18 10:23:08,766 - workflows.mag_grid - INFO - Found MagGrid pyramid with 5 levels: Magnifications: [200, 2000, 3999, 7999, 16000]
2025-03-18 10:23:09,243 - workflows.mag_grid - INFO - Found MagGrid pyramid with 5 levels: Magnifications: [200, 2000, 3999, 7999, 16000]
2025-03-18 10:23:09,700 - workflows.mag_grid - INFO - Found MagGrid pyramid with 5 levels: Magnifications: [200, 2000, 3999, 7999, 16000]
2025-03-18 10:23:10,164 - workflows.mag_grid - INFO - Found MagGrid pyramid with 4 levels: Magnifications: [200, 3999, 7999, 16000]
2025-03-18 10:23:10,617 - workflows.mag_grid - INFO - Found MagGrid pyramid with 5 levels: Magnifications: [200, 2000, 3999, 7999, 16000]
2025-03-18 10:23:11,058 - workflows.mag_grid - INFO - Found MagGrid pyramid with 6 levels: Magnifications: [250, 499, 2000, 3999, 7999, 16000]
2025-03-18 10:23:11,395 - workflows.mag_grid - INFO - Found MagGrid pyramid with 5 levels: Magnifications: [499, 2000, 3999, 7999, 16000]
2025-03-18 10:23:11,720 - workflows.mag_grid - INFO - Found MagGrid pyramid with 5 levels: Magnifications: [499, 2000, 3999, 7999, 16000]
2025-03-18 10:23:11,987 - workflows.mag_grid - INFO - Found MagGrid pyramid with 4 levels: Magnifications: [1000, 3999, 7999, 16000]
2025-03-18 10:23:12,191 - workflows.mag_grid - INFO - Found MagGrid pyramid with 4 levels: Magnifications: [2000, 3999, 7999, 16000]
2025-03-18 10:23:12,333 - workflows.mag_grid - INFO - Found MagGrid pyramid with 3 levels: Magnifications: [3999, 7999, 16000]
2025-03-18 10:23:12,408 - workflows.mag_grid - INFO - Found MagGrid pyramid with 2 levels: Magnifications: [7999, 16000]
2025-03-18 10:23:12,977 - workflows.mag_grid - INFO - Found MagGrid pyramid with 2 levels: Magnifications: [203, 3701]
2025-03-18 10:23:13,047 - workflows.mag_grid - INFO - Found MagGrid pyramid with 2 levels: Magnifications: [499, 3701]
2025-03-18 10:23:13,117 - workflows.mag_grid - INFO - Found MagGrid pyramid with 2 levels: Magnifications: [499, 3701]
2025-03-18 10:23:13,189 - workflows.mag_grid - INFO - Found MagGrid pyramid with 2 levels: Magnifications: [499, 3701]
2025-03-18 10:23:13,262 - workflows.mag_grid - INFO - Found MagGrid pyramid with 2 levels: Magnifications: [499, 3701]
2025-03-18 10:23:13,351 - workflows.mag_grid - INFO - Found MagGrid pyramid with 2 levels: Magnifications: [500, 3701]
2025-03-18 10:23:13,438 - workflows.mag_grid - INFO - Found MagGrid pyramid with 2 levels: Magnifications: [500, 3701]
2025-03-18 10:23:13,525 - workflows.mag_grid - INFO - Found MagGrid pyramid with 2 levels: Magnifications: [714, 3701]
2025-03-18 10:23:13,525 - workflows.mag_grid - INFO - Discovered 31 MagGrid collections
2025-03-18 10:23:14,756 - workflows.mag_grid - INFO - Creating MagGrid with layout 3x2 for 6 images
2025-03-18 10:23:14,855 - workflows.mag_grid - INFO - Created MagGrid visualization with 6 images
2025-03-18 10:23:28,994 - workflows.mag_grid - INFO - Creating MagGrid with layout 3x2 for 6 images
2025-03-18 10:23:29,095 - workflows.mag_grid - INFO - Created MagGrid visualization with 6 images
2025-03-18 10:23:37,300 - workflows.mag_grid - INFO - Creating MagGrid with layout 2x1 for 2 images
2025-03-18 10:23:37,340 - workflows.mag_grid - INFO - Created MagGrid visualization with 2 images
2025-03-18 10:23:41,446 - workflows.mag_grid - INFO - Creating MagGrid with layout 2x1 for 2 images
2025-03-18 10:23:41,483 - workflows.mag_grid - INFO - Created MagGrid visualization with 2 images
2025-03-18 10:23:44,776 - workflows.mag_grid - INFO - Creating MagGrid with layout 3x2 for 7 images
2025-03-18 10:23:44,888 - workflows.mag_grid - INFO - Created MagGrid visualization with 7 images
2025-03-18 10:27:25,628 - workflows.mag_grid - INFO - Starting MagGrid collection discovery
2025-03-18 10:27:25,993 - workflows.mag_grid - INFO - Found MagGrid pyramid with 6 levels: Magnifications: [100, 250, 499, 1000, 2000, 3999]
2025-03-18 10:27:26,334 - workflows.mag_grid - INFO - Found MagGrid pyramid with 3 levels: Magnifications: [100, 499, 3999]
2025-03-18 10:27:26,624 - workflows.mag_grid - INFO - Found MagGrid pyramid with 5 levels: Magnifications: [250, 499, 1000, 2000, 3999]
2025-03-18 10:27:26,831 - workflows.mag_grid - INFO - Found MagGrid pyramid with 2 levels: Magnifications: [499, 3999]
2025-03-18 10:27:27,015 - workflows.mag_grid - INFO - Found MagGrid pyramid with 4 levels: Magnifications: [499, 1000, 2000, 3999]
2025-03-18 10:27:27,129 - workflows.mag_grid - INFO - Found MagGrid pyramid with 3 levels: Magnifications: [1000, 2000, 3999]
2025-03-18 10:27:27,188 - workflows.mag_grid - INFO - Found MagGrid pyramid with 2 levels: Magnifications: [2000, 3999]
2025-03-18 10:27:27,289 - workflows.mag_grid - WARNING - Unusual scale factor: 0.0010000030236235714, using default 0.5
2025-03-18 10:27:27,433 - workflows.mag_grid - WARNING - Unusual scale factor: 0.0010000030236235714, using default 0.5
2025-03-18 10:27:27,573 - workflows.mag_grid - WARNING - Unusual scale factor: 0.005, using default 0.5
2025-03-18 10:27:27,617 - workflows.mag_grid - INFO - Found MagGrid pyramid with 2 levels: Magnifications: [100, 499]
2025-03-18 10:27:27,649 - workflows.mag_grid - WARNING - Unusual scale factor: 0.005, using default 0.5
2025-03-18 10:27:28,193 - workflows.mag_grid - INFO - Found MagGrid pyramid with 7 levels: Magnifications: [150, 250, 499, 2000, 3999, 7999, 16000]
2025-03-18 10:27:28,663 - workflows.mag_grid - INFO - Found MagGrid pyramid with 5 levels: Magnifications: [200, 2000, 3999, 7999, 16000]
2025-03-18 10:27:29,123 - workflows.mag_grid - INFO - Found MagGrid pyramid with 5 levels: Magnifications: [200, 2000, 3999, 7999, 16000]
2025-03-18 10:27:29,597 - workflows.mag_grid - INFO - Found MagGrid pyramid with 5 levels: Magnifications: [200, 2000, 3999, 7999, 16000]
2025-03-18 10:27:30,052 - workflows.mag_grid - INFO - Found MagGrid pyramid with 5 levels: Magnifications: [200, 2000, 3999, 7999, 16000]
2025-03-18 10:27:30,506 - workflows.mag_grid - INFO - Found MagGrid pyramid with 5 levels: Magnifications: [200, 2000, 3999, 7999, 16000]
2025-03-18 10:27:30,968 - workflows.mag_grid - INFO - Found MagGrid pyramid with 4 levels: Magnifications: [200, 3999, 7999, 16000]
2025-03-18 10:27:31,418 - workflows.mag_grid - INFO - Found MagGrid pyramid with 5 levels: Magnifications: [200, 2000, 3999, 7999, 16000]
2025-03-18 10:27:31,870 - workflows.mag_grid - INFO - Found MagGrid pyramid with 6 levels: Magnifications: [250, 499, 2000, 3999, 7999, 16000]
2025-03-18 10:27:32,195 - workflows.mag_grid - INFO - Found MagGrid pyramid with 5 levels: Magnifications: [499, 2000, 3999, 7999, 16000]
2025-03-18 10:27:32,526 - workflows.mag_grid - INFO - Found MagGrid pyramid with 5 levels: Magnifications: [499, 2000, 3999, 7999, 16000]
2025-03-18 10:27:32,787 - workflows.mag_grid - INFO - Found MagGrid pyramid with 4 levels: Magnifications: [1000, 3999, 7999, 16000]
2025-03-18 10:27:32,981 - workflows.mag_grid - INFO - Found MagGrid pyramid with 4 levels: Magnifications: [2000, 3999, 7999, 16000]
2025-03-18 10:27:33,122 - workflows.mag_grid - INFO - Found MagGrid pyramid with 3 levels: Magnifications: [3999, 7999, 16000]
2025-03-18 10:27:33,196 - workflows.mag_grid - INFO - Found MagGrid pyramid with 2 levels: Magnifications: [7999, 16000]
2025-03-18 10:27:33,765 - workflows.mag_grid - INFO - Found MagGrid pyramid with 2 levels: Magnifications: [203, 3701]
2025-03-18 10:27:33,838 - workflows.mag_grid - INFO - Found MagGrid pyramid with 2 levels: Magnifications: [499, 3701]
2025-03-18 10:27:33,913 - workflows.mag_grid - INFO - Found MagGrid pyramid with 2 levels: Magnifications: [499, 3701]
2025-03-18 10:27:33,982 - workflows.mag_grid - INFO - Found MagGrid pyramid with 2 levels: Magnifications: [499, 3701]
2025-03-18 10:27:34,051 - workflows.mag_grid - INFO - Found MagGrid pyramid with 2 levels: Magnifications: [499, 3701]
2025-03-18 10:27:34,136 - workflows.mag_grid - INFO - Found MagGrid pyramid with 2 levels: Magnifications: [500, 3701]
2025-03-18 10:27:34,220 - workflows.mag_grid - INFO - Found MagGrid pyramid with 2 levels: Magnifications: [500, 3701]
2025-03-18 10:27:34,287 - workflows.mag_grid - INFO - Found MagGrid pyramid with 2 levels: Magnifications: [714, 3701]
2025-03-18 10:27:34,287 - workflows.mag_grid - INFO - Discovered 31 MagGrid collections
2025-03-18 10:27:50,194 - workflows.mag_grid - INFO - Creating MagGrid with layout 3x2 for 6 images
2025-03-18 10:27:50,324 - workflows.mag_grid - INFO - Created MagGrid visualization with 6 images
2025-03-18 10:28:01,444 - workflows.mag_grid - INFO - Creating MagGrid with layout 3x2 for 6 images
2025-03-18 10:28:01,537 - workflows.mag_grid - INFO - Created MagGrid visualization with 6 images
2025-03-18 10:28:27,011 - workflows.mag_grid - INFO - Creating MagGrid with layout 2x2 for 3 images
2025-03-18 10:28:27,067 - workflows.mag_grid - INFO - Created MagGrid visualization with 3 images
2025-03-18 10:28:31,125 - workflows.mag_grid - INFO - Creating MagGrid with layout 2x2 for 3 images
2025-03-18 10:28:31,181 - workflows.mag_grid - INFO - Created MagGrid visualization with 3 images
2025-03-18 10:29:13,181 - workflows.mag_grid - INFO - Creating MagGrid with layout 2x2 for 3 images
2025-03-18 10:29:13,235 - workflows.mag_grid - INFO - Created MagGrid visualization with 3 images
2025-03-18 10:29:18,499 - workflows.mag_grid - INFO - Creating MagGrid with layout 2x2 for 3 images
2025-03-18 10:29:18,553 - workflows.mag_grid - INFO - Created MagGrid visualization with 3 images
2025-03-18 10:33:01,892 - workflows.mag_grid - INFO - Creating MagGrid with layout 2x1 for 2 images
2025-03-18 10:33:01,926 - workflows.mag_grid - INFO - Created MagGrid visualization with 2 images
2025-03-18 10:33:06,577 - workflows.mag_grid - INFO - Creating MagGrid with layout 2x1 for 2 images
2025-03-18 10:33:06,610 - workflows.mag_grid - INFO - Created MagGrid visualization with 2 images
2025-03-18 11:22:26,496 - workflows.mag_grid - INFO - Creating MagGrid with layout 3x2 for 7 images
2025-03-18 11:22:26,638 - workflows.mag_grid - INFO - Created MagGrid visualization with 7 images
2025-03-18 11:23:39,521 - workflows.mag_grid - INFO - Creating MagGrid with layout 3x2 for 5 images
2025-03-18 11:23:39,619 - workflows.mag_grid - INFO - Created MagGrid visualization with 5 images
2025-03-18 11:23:40,337 - workflows.mag_grid - INFO - Creating MagGrid with layout 3x2 for 5 images
2025-03-18 11:23:40,434 - workflows.mag_grid - INFO - Created MagGrid visualization with 5 images
2025-03-18 11:23:41,293 - workflows.mag_grid - INFO - Creating MagGrid with layout 2x1 for 2 images
2025-03-18 11:23:41,335 - workflows.mag_grid - INFO - Created MagGrid visualization with 2 images
2025-03-18 11:23:42,271 - workflows.mag_grid - INFO - Creating MagGrid with layout 3x2 for 5 images
2025-03-18 11:23:42,359 - workflows.mag_grid - INFO - Created MagGrid visualization with 5 images
2025-03-18 11:27:51,156 - workflows.mag_grid - INFO - Starting MagGrid collection discovery
2025-03-18 11:27:51,543 - workflows.mag_grid - INFO - Found MagGrid pyramid with 6 levels: Magnifications: [100, 250, 499, 1000, 2000, 3999]
2025-03-18 11:27:51,890 - workflows.mag_grid - INFO - Found MagGrid pyramid with 3 levels: Magnifications: [100, 499, 3999]
2025-03-18 11:27:52,187 - workflows.mag_grid - INFO - Found MagGrid pyramid with 5 levels: Magnifications: [250, 499, 1000, 2000, 3999]
2025-03-18 11:27:52,404 - workflows.mag_grid - INFO - Found MagGrid pyramid with 2 levels: Magnifications: [499, 3999]
2025-03-18 11:27:52,613 - workflows.mag_grid - INFO - Found MagGrid pyramid with 4 levels: Magnifications: [499, 1000, 2000, 3999]
2025-03-18 11:27:52,732 - workflows.mag_grid - INFO - Found MagGrid pyramid with 3 levels: Magnifications: [1000, 2000, 3999]
2025-03-18 11:27:52,794 - workflows.mag_grid - INFO - Found MagGrid pyramid with 2 levels: Magnifications: [2000, 3999]
2025-03-18 11:27:52,905 - workflows.mag_grid - WARNING - Unusual scale factor: 0.0010000030236235714, using default 0.5
2025-03-18 11:27:53,050 - workflows.mag_grid - WARNING - Unusual scale factor: 0.0010000030236235714, using default 0.5
2025-03-18 11:27:53,197 - workflows.mag_grid - WARNING - Unusual scale factor: 0.005, using default 0.5
2025-03-18 11:27:53,245 - workflows.mag_grid - INFO - Found MagGrid pyramid with 2 levels: Magnifications: [100, 499]
2025-03-18 11:27:53,276 - workflows.mag_grid - WARNING - Unusual scale factor: 0.005, using default 0.5
2025-03-18 11:27:53,818 - workflows.mag_grid - INFO - Found MagGrid pyramid with 7 levels: Magnifications: [150, 250, 499, 2000, 3999, 7999, 16000]
2025-03-18 11:27:54,292 - workflows.mag_grid - INFO - Found MagGrid pyramid with 5 levels: Magnifications: [200, 2000, 3999, 7999, 16000]
2025-03-18 11:27:54,771 - workflows.mag_grid - INFO - Found MagGrid pyramid with 5 levels: Magnifications: [200, 2000, 3999, 7999, 16000]
2025-03-18 11:27:55,257 - workflows.mag_grid - INFO - Found MagGrid pyramid with 5 levels: Magnifications: [200, 2000, 3999, 7999, 16000]
2025-03-18 11:27:55,723 - workflows.mag_grid - INFO - Found MagGrid pyramid with 5 levels: Magnifications: [200, 2000, 3999, 7999, 16000]
2025-03-18 11:27:56,189 - workflows.mag_grid - INFO - Found MagGrid pyramid with 5 levels: Magnifications: [200, 2000, 3999, 7999, 16000]
2025-03-18 11:27:56,658 - workflows.mag_grid - INFO - Found MagGrid pyramid with 4 levels: Magnifications: [200, 3999, 7999, 16000]
2025-03-18 11:27:57,123 - workflows.mag_grid - INFO - Found MagGrid pyramid with 5 levels: Magnifications: [200, 2000, 3999, 7999, 16000]
2025-03-18 11:27:57,564 - workflows.mag_grid - INFO - Found MagGrid pyramid with 6 levels: Magnifications: [250, 499, 2000, 3999, 7999, 16000]
2025-03-18 11:27:57,892 - workflows.mag_grid - INFO - Found MagGrid pyramid with 5 levels: Magnifications: [499, 2000, 3999, 7999, 16000]
2025-03-18 11:27:58,222 - workflows.mag_grid - INFO - Found MagGrid pyramid with 5 levels: Magnifications: [499, 2000, 3999, 7999, 16000]
2025-03-18 11:27:58,480 - workflows.mag_grid - INFO - Found MagGrid pyramid with 4 levels: Magnifications: [1000, 3999, 7999, 16000]
2025-03-18 11:27:58,683 - workflows.mag_grid - INFO - Found MagGrid pyramid with 4 levels: Magnifications: [2000, 3999, 7999, 16000]
2025-03-18 11:27:58,839 - workflows.mag_grid - INFO - Found MagGrid pyramid with 3 levels: Magnifications: [3999, 7999, 16000]
2025-03-18 11:27:58,913 - workflows.mag_grid - INFO - Found MagGrid pyramid with 2 levels: Magnifications: [7999, 16000]
2025-03-18 11:27:59,486 - workflows.mag_grid - INFO - Found MagGrid pyramid with 2 levels: Magnifications: [203, 3701]
2025-03-18 11:27:59,556 - workflows.mag_grid - INFO - Found MagGrid pyramid with 2 levels: Magnifications: [499, 3701]
2025-03-18 11:27:59,625 - workflows.mag_grid - INFO - Found MagGrid pyramid with 2 levels: Magnifications: [499, 3701]
2025-03-18 11:27:59,694 - workflows.mag_grid - INFO - Found MagGrid pyramid with 2 levels: Magnifications: [499, 3701]
2025-03-18 11:27:59,763 - workflows.mag_grid - INFO - Found MagGrid pyramid with 2 levels: Magnifications: [499, 3701]
2025-03-18 11:27:59,850 - workflows.mag_grid - INFO - Found MagGrid pyramid with 2 levels: Magnifications: [500, 3701]
2025-03-18 11:27:59,933 - workflows.mag_grid - INFO - Found MagGrid pyramid with 2 levels: Magnifications: [500, 3701]
2025-03-18 11:28:00,001 - workflows.mag_grid - INFO - Found MagGrid pyramid with 2 levels: Magnifications: [714, 3701]
2025-03-18 11:28:00,001 - workflows.mag_grid - INFO - Discovered 31 MagGrid collections
2025-03-18 11:28:06,406 - workflows.mag_grid - INFO - Creating MagGrid with layout 2x2 for 3 images
2025-03-18 11:28:06,460 - workflows.mag_grid - INFO - Created MagGrid visualization with 3 images
2025-03-18 11:28:15,492 - workflows.mag_grid - INFO - Creating MagGrid with layout 3x2 for 6 images
2025-03-18 11:28:15,584 - workflows.mag_grid - INFO - Created MagGrid visualization with 6 images
2025-03-18 11:28:17,762 - workflows.mag_grid - INFO - Creating MagGrid with layout 2x2 for 3 images
2025-03-18 11:28:17,818 - workflows.mag_grid - INFO - Created MagGrid visualization with 3 images
2025-03-18 11:28:18,922 - workflows.mag_grid - INFO - Creating MagGrid with layout 3x2 for 5 images
2025-03-18 11:28:19,004 - workflows.mag_grid - INFO - Created MagGrid visualization with 5 images
2025-03-18 11:37:15,021 - workflows.mag_grid - INFO - Creating MagGrid with layout 2x1 for 2 images
2025-03-18 11:37:15,055 - workflows.mag_grid - INFO - Created MagGrid visualization with 2 images
2025-03-18 11:37:15,921 - workflows.mag_grid - INFO - Creating MagGrid with layout 2x2 for 3 images
2025-03-18 11:37:15,976 - workflows.mag_grid - INFO - Created MagGrid visualization with 3 images
2025-03-18 11:37:19,831 - workflows.mag_grid - INFO - Creating MagGrid with layout 2x2 for 3 images
2025-03-18 11:37:19,886 - workflows.mag_grid - INFO - Created MagGrid visualization with 3 images
2025-03-18 11:37:23,981 - workflows.mag_grid - INFO - Creating MagGrid with layout 2x1 for 2 images
2025-03-18 11:37:24,016 - workflows.mag_grid - INFO - Created MagGrid visualization with 2 images
2025-03-18 11:37:26,652 - workflows.mag_grid - INFO - Creating MagGrid with layout 2x2 for 3 images
2025-03-18 11:37:26,703 - workflows.mag_grid - INFO - Created MagGrid visualization with 3 images
2025-03-18 11:37:28,665 - workflows.mag_grid - INFO - Creating MagGrid with layout 3x2 for 6 images
2025-03-18 11:37:28,755 - workflows.mag_grid - INFO - Created MagGrid visualization with 6 images
2025-03-18 11:39:25,378 - workflows.mag_grid - INFO - Starting MagGrid collection discovery
2025-03-18 11:39:25,735 - workflows.mag_grid - INFO - Found MagGrid pyramid with 6 levels: Magnifications: [100, 250, 499, 1000, 2000, 3999]
2025-03-18 11:39:26,074 - workflows.mag_grid - INFO - Found MagGrid pyramid with 3 levels: Magnifications: [100, 499, 3999]
2025-03-18 11:39:26,364 - workflows.mag_grid - INFO - Found MagGrid pyramid with 5 levels: Magnifications: [250, 499, 1000, 2000, 3999]
2025-03-18 11:39:26,582 - workflows.mag_grid - INFO - Found MagGrid pyramid with 2 levels: Magnifications: [499, 3999]
2025-03-18 11:39:26,767 - workflows.mag_grid - INFO - Found MagGrid pyramid with 4 levels: Magnifications: [499, 1000, 2000, 3999]
2025-03-18 11:39:26,889 - workflows.mag_grid - INFO - Found MagGrid pyramid with 3 levels: Magnifications: [1000, 2000, 3999]
2025-03-18 11:39:26,947 - workflows.mag_grid - INFO - Found MagGrid pyramid with 2 levels: Magnifications: [2000, 3999]
2025-03-18 11:39:27,047 - workflows.mag_grid - WARNING - Unusual scale factor: 0.0010000030236235714, using default 0.5
2025-03-18 11:39:27,190 - workflows.mag_grid - WARNING - Unusual scale factor: 0.0010000030236235714, using default 0.5
2025-03-18 11:39:27,332 - workflows.mag_grid - WARNING - Unusual scale factor: 0.005, using default 0.5
2025-03-18 11:39:27,378 - workflows.mag_grid - INFO - Found MagGrid pyramid with 2 levels: Magnifications: [100, 499]
2025-03-18 11:39:27,410 - workflows.mag_grid - WARNING - Unusual scale factor: 0.005, using default 0.5
2025-03-18 11:39:27,954 - workflows.mag_grid - INFO - Found MagGrid pyramid with 7 levels: Magnifications: [150, 250, 499, 2000, 3999, 7999, 16000]
2025-03-18 11:39:28,465 - workflows.mag_grid - INFO - Found MagGrid pyramid with 5 levels: Magnifications: [200, 2000, 3999, 7999, 16000]
2025-03-18 11:39:28,951 - workflows.mag_grid - INFO - Found MagGrid pyramid with 5 levels: Magnifications: [200, 2000, 3999, 7999, 16000]
2025-03-18 11:39:29,419 - workflows.mag_grid - INFO - Found MagGrid pyramid with 5 levels: Magnifications: [200, 2000, 3999, 7999, 16000]
2025-03-18 11:39:29,887 - workflows.mag_grid - INFO - Found MagGrid pyramid with 5 levels: Magnifications: [200, 2000, 3999, 7999, 16000]
2025-03-18 11:39:30,380 - workflows.mag_grid - INFO - Found MagGrid pyramid with 5 levels: Magnifications: [200, 2000, 3999, 7999, 16000]
2025-03-18 11:39:30,873 - workflows.mag_grid - INFO - Found MagGrid pyramid with 4 levels: Magnifications: [200, 3999, 7999, 16000]
2025-03-18 11:39:31,342 - workflows.mag_grid - INFO - Found MagGrid pyramid with 5 levels: Magnifications: [200, 2000, 3999, 7999, 16000]
2025-03-18 11:39:31,798 - workflows.mag_grid - INFO - Found MagGrid pyramid with 6 levels: Magnifications: [250, 499, 2000, 3999, 7999, 16000]
2025-03-18 11:39:32,136 - workflows.mag_grid - INFO - Found MagGrid pyramid with 5 levels: Magnifications: [499, 2000, 3999, 7999, 16000]
2025-03-18 11:39:32,483 - workflows.mag_grid - INFO - Found MagGrid pyramid with 5 levels: Magnifications: [499, 2000, 3999, 7999, 16000]
2025-03-18 11:39:32,750 - workflows.mag_grid - INFO - Found MagGrid pyramid with 4 levels: Magnifications: [1000, 3999, 7999, 16000]
2025-03-18 11:39:32,954 - workflows.mag_grid - INFO - Found MagGrid pyramid with 4 levels: Magnifications: [2000, 3999, 7999, 16000]
2025-03-18 11:39:33,103 - workflows.mag_grid - INFO - Found MagGrid pyramid with 3 levels: Magnifications: [3999, 7999, 16000]
2025-03-18 11:39:33,180 - workflows.mag_grid - INFO - Found MagGrid pyramid with 2 levels: Magnifications: [7999, 16000]
2025-03-18 11:39:33,748 - workflows.mag_grid - INFO - Found MagGrid pyramid with 2 levels: Magnifications: [203, 3701]
2025-03-18 11:39:33,820 - workflows.mag_grid - INFO - Found MagGrid pyramid with 2 levels: Magnifications: [499, 3701]
2025-03-18 11:39:33,894 - workflows.mag_grid - INFO - Found MagGrid pyramid with 2 levels: Magnifications: [499, 3701]
2025-03-18 11:39:33,963 - workflows.mag_grid - INFO - Found MagGrid pyramid with 2 levels: Magnifications: [499, 3701]
2025-03-18 11:39:34,034 - workflows.mag_grid - INFO - Found MagGrid pyramid with 2 levels: Magnifications: [499, 3701]
2025-03-18 11:39:34,117 - workflows.mag_grid - INFO - Found MagGrid pyramid with 2 levels: Magnifications: [500, 3701]
2025-03-18 11:39:34,200 - workflows.mag_grid - INFO - Found MagGrid pyramid with 2 levels: Magnifications: [500, 3701]
2025-03-18 11:39:34,267 - workflows.mag_grid - INFO - Found MagGrid pyramid with 2 levels: Magnifications: [714, 3701]
2025-03-18 11:39:34,267 - workflows.mag_grid - INFO - Discovered 31 MagGrid collections
2025-03-18 12:07:15,733 - workflows.mag_grid - INFO - Starting MagGrid collection discovery
2025-03-18 12:07:16,153 - workflows.mag_grid - INFO - Found MagGrid pyramid with 6 levels: Magnifications: [100, 250, 499, 1000, 2000, 3999]
2025-03-18 12:07:16,500 - workflows.mag_grid - INFO - Found MagGrid pyramid with 3 levels: Magnifications: [100, 499, 3999]
2025-03-18 12:07:16,796 - workflows.mag_grid - INFO - Found MagGrid pyramid with 5 levels: Magnifications: [250, 499, 1000, 2000, 3999]
2025-03-18 12:07:17,002 - workflows.mag_grid - INFO - Found MagGrid pyramid with 2 levels: Magnifications: [499, 3999]
2025-03-18 12:07:17,179 - workflows.mag_grid - INFO - Found MagGrid pyramid with 4 levels: Magnifications: [499, 1000, 2000, 3999]
2025-03-18 12:07:17,298 - workflows.mag_grid - INFO - Found MagGrid pyramid with 3 levels: Magnifications: [1000, 2000, 3999]
2025-03-18 12:07:17,359 - workflows.mag_grid - INFO - Found MagGrid pyramid with 2 levels: Magnifications: [2000, 3999]
2025-03-18 12:07:17,464 - workflows.mag_grid - WARNING - Unusual scale factor: 0.0010000030236235714, using default 0.5
2025-03-18 12:07:17,607 - workflows.mag_grid - WARNING - Unusual scale factor: 0.0010000030236235714, using default 0.5
2025-03-18 12:07:17,752 - workflows.mag_grid - WARNING - Unusual scale factor: 0.005, using default 0.5
2025-03-18 12:07:17,797 - workflows.mag_grid - INFO - Found MagGrid pyramid with 2 levels: Magnifications: [100, 499]
2025-03-18 12:07:17,828 - workflows.mag_grid - WARNING - Unusual scale factor: 0.005, using default 0.5
2025-03-18 12:07:18,394 - workflows.mag_grid - INFO - Found MagGrid pyramid with 7 levels: Magnifications: [150, 250, 499, 2000, 3999, 7999, 16000]
2025-03-18 12:07:18,873 - workflows.mag_grid - INFO - Found MagGrid pyramid with 5 levels: Magnifications: [200, 2000, 3999, 7999, 16000]
2025-03-18 12:07:19,364 - workflows.mag_grid - INFO - Found MagGrid pyramid with 5 levels: Magnifications: [200, 2000, 3999, 7999, 16000]
2025-03-18 12:07:19,848 - workflows.mag_grid - INFO - Found MagGrid pyramid with 5 levels: Magnifications: [200, 2000, 3999, 7999, 16000]
2025-03-18 12:07:20,321 - workflows.mag_grid - INFO - Found MagGrid pyramid with 5 levels: Magnifications: [200, 2000, 3999, 7999, 16000]
2025-03-18 12:07:20,788 - workflows.mag_grid - INFO - Found MagGrid pyramid with 5 levels: Magnifications: [200, 2000, 3999, 7999, 16000]
2025-03-18 12:07:21,255 - workflows.mag_grid - INFO - Found MagGrid pyramid with 4 levels: Magnifications: [200, 3999, 7999, 16000]
2025-03-18 12:07:21,728 - workflows.mag_grid - INFO - Found MagGrid pyramid with 5 levels: Magnifications: [200, 2000, 3999, 7999, 16000]
2025-03-18 12:07:22,188 - workflows.mag_grid - INFO - Found MagGrid pyramid with 6 levels: Magnifications: [250, 499, 2000, 3999, 7999, 16000]
2025-03-18 12:07:22,517 - workflows.mag_grid - INFO - Found MagGrid pyramid with 5 levels: Magnifications: [499, 2000, 3999, 7999, 16000]
2025-03-18 12:07:22,851 - workflows.mag_grid - INFO - Found MagGrid pyramid with 5 levels: Magnifications: [499, 2000, 3999, 7999, 16000]
2025-03-18 12:07:23,108 - workflows.mag_grid - INFO - Found MagGrid pyramid with 4 levels: Magnifications: [1000, 3999, 7999, 16000]
2025-03-18 12:07:23,313 - workflows.mag_grid - INFO - Found MagGrid pyramid with 4 levels: Magnifications: [2000, 3999, 7999, 16000]
2025-03-18 12:07:23,454 - workflows.mag_grid - INFO - Found MagGrid pyramid with 3 levels: Magnifications: [3999, 7999, 16000]
2025-03-18 12:07:23,528 - workflows.mag_grid - INFO - Found MagGrid pyramid with 2 levels: Magnifications: [7999, 16000]
2025-03-18 12:07:24,087 - workflows.mag_grid - INFO - Found MagGrid pyramid with 2 levels: Magnifications: [203, 3701]
2025-03-18 12:07:24,156 - workflows.mag_grid - INFO - Found MagGrid pyramid with 2 levels: Magnifications: [499, 3701]
2025-03-18 12:07:24,228 - workflows.mag_grid - INFO - Found MagGrid pyramid with 2 levels: Magnifications: [499, 3701]
2025-03-18 12:07:24,298 - workflows.mag_grid - INFO - Found MagGrid pyramid with 2 levels: Magnifications: [499, 3701]
2025-03-18 12:07:24,370 - workflows.mag_grid - INFO - Found MagGrid pyramid with 2 levels: Magnifications: [499, 3701]
2025-03-18 12:07:24,454 - workflows.mag_grid - INFO - Found MagGrid pyramid with 2 levels: Magnifications: [500, 3701]
2025-03-18 12:07:24,537 - workflows.mag_grid - INFO - Found MagGrid pyramid with 2 levels: Magnifications: [500, 3701]
2025-03-18 12:07:24,605 - workflows.mag_grid - INFO - Found MagGrid pyramid with 2 levels: Magnifications: [714, 3701]
2025-03-18 12:07:24,605 - workflows.mag_grid - INFO - Discovered 31 MagGrid collections
2025-03-18 12:07:27,531 - workflows.mag_grid - INFO - Creating MagGrid with layout 3x2 for 6 images
2025-03-18 12:07:27,621 - workflows.mag_grid - INFO - Created MagGrid visualization with 6 images
2025-03-18 12:07:33,680 - workflows.mag_grid - INFO - Creating MagGrid with layout 3x2 for 6 images
2025-03-18 12:07:33,787 - workflows.mag_grid - INFO - Created MagGrid visualization with 6 images
2025-03-18 12:07:39,001 - workflows.mag_grid - INFO - Creating MagGrid with layout 3x2 for 7 images
2025-03-18 12:07:39,111 - workflows.mag_grid - INFO - Created MagGrid visualization with 7 images
2025-03-18 12:07:59,860 - workflows.mag_grid - INFO - Creating MagGrid with layout 3x2 for 6 images
2025-03-18 12:07:59,956 - workflows.mag_grid - INFO - Created MagGrid visualization with 6 images
2025-03-18 12:08:05,379 - workflows.mag_grid - INFO - Creating MagGrid with layout 2x1 for 2 images
2025-03-18 12:08:05,416 - workflows.mag_grid - INFO - Created MagGrid visualization with 2 images
2025-03-18 12:08:08,027 - workflows.mag_grid - INFO - Creating MagGrid with layout 2x2 for 4 images
2025-03-18 12:08:08,090 - workflows.mag_grid - INFO - Created MagGrid visualization with 4 images
2025-03-18 12:08:16,942 - workflows.mag_grid - INFO - Creating MagGrid with layout 3x2 for 5 images
2025-03-18 12:08:17,027 - workflows.mag_grid - INFO - Created MagGrid visualization with 5 images
2025-03-18 12:08:24,743 - workflows.mag_grid - INFO - Creating MagGrid with layout 3x2 for 5 images
2025-03-18 12:08:24,829 - workflows.mag_grid - INFO - Created MagGrid visualization with 5 images
2025-03-18 12:08:27,670 - workflows.mag_grid - INFO - Creating MagGrid with layout 2x2 for 4 images
2025-03-18 12:08:27,736 - workflows.mag_grid - INFO - Created MagGrid visualization with 4 images
2025-03-18 12:08:28,312 - workflows.mag_grid - INFO - Creating MagGrid with layout 3x2 for 5 images
2025-03-18 12:08:28,395 - workflows.mag_grid - INFO - Created MagGrid visualization with 5 images
2025-03-18 12:08:30,265 - workflows.mag_grid - INFO - Creating MagGrid with layout 3x2 for 5 images
2025-03-18 12:08:30,348 - workflows.mag_grid - INFO - Created MagGrid visualization with 5 images
2025-03-18 12:08:31,893 - workflows.mag_grid - INFO - Creating MagGrid with layout 2x1 for 2 images
2025-03-18 12:08:31,925 - workflows.mag_grid - INFO - Created MagGrid visualization with 2 images
2025-03-18 12:08:38,394 - workflows.mag_grid - INFO - Creating MagGrid with layout 2x1 for 2 images
2025-03-18 12:08:38,417 - workflows.mag_grid - INFO - Created MagGrid visualization with 2 images
2025-03-18 12:08:43,907 - workflows.mag_grid - INFO - Creating MagGrid with layout 2x1 for 2 images
2025-03-18 12:08:43,925 - workflows.mag_grid - INFO - Created MagGrid visualization with 2 images
2025-03-18 12:08:49,091 - workflows.mag_grid - INFO - Creating MagGrid with layout 2x1 for 2 images
2025-03-18 12:08:49,107 - workflows.mag_grid - INFO - Created MagGrid visualization with 2 images
2025-03-18 12:08:55,905 - workflows.mag_grid - INFO - Creating MagGrid with layout 2x1 for 2 images
2025-03-18 12:08:55,922 - workflows.mag_grid - INFO - Created MagGrid visualization with 2 images
2025-03-18 12:08:58,012 - workflows.mag_grid - INFO - Creating MagGrid with layout 2x1 for 2 images
2025-03-18 12:08:58,044 - workflows.mag_grid - INFO - Created MagGrid visualization with 2 images
2025-03-18 12:09:07,012 - workflows.mag_grid - INFO - Creating MagGrid with layout 2x1 for 2 images
2025-03-18 12:09:07,042 - workflows.mag_grid - INFO - Created MagGrid visualization with 2 images
2025-03-18 12:09:08,554 - workflows.mag_grid - INFO - Creating MagGrid with layout 2x1 for 2 images
2025-03-18 12:09:08,593 - workflows.mag_grid - INFO - Created MagGrid visualization with 2 images
2025-03-18 12:09:09,564 - workflows.mag_grid - INFO - Creating MagGrid with layout 2x1 for 2 images
2025-03-18 12:09:09,602 - workflows.mag_grid - INFO - Created MagGrid visualization with 2 images
2025-03-18 12:09:11,710 - workflows.mag_grid - INFO - Creating MagGrid with layout 2x1 for 2 images
2025-03-18 12:09:11,745 - workflows.mag_grid - INFO - Created MagGrid visualization with 2 images
2025-03-18 12:09:13,332 - workflows.mag_grid - INFO - Creating MagGrid with layout 2x1 for 2 images
2025-03-18 12:09:13,363 - workflows.mag_grid - INFO - Created MagGrid visualization with 2 images
2025-03-18 12:09:14,780 - workflows.mag_grid - INFO - Creating MagGrid with layout 2x1 for 2 images
2025-03-18 12:09:14,812 - workflows.mag_grid - INFO - Created MagGrid visualization with 2 images
2025-03-18 12:09:16,068 - workflows.mag_grid - INFO - Creating MagGrid with layout 2x1 for 2 images
2025-03-18 12:09:16,104 - workflows.mag_grid - INFO - Created MagGrid visualization with 2 images
2025-03-18 12:09:18,586 - workflows.mag_grid - INFO - Creating MagGrid with layout 2x1 for 2 images
2025-03-18 12:09:18,617 - workflows.mag_grid - INFO - Created MagGrid visualization with 2 images
2025-03-18 12:09:25,817 - workflows.mag_grid - INFO - Creating MagGrid with layout 2x1 for 2 images
2025-03-18 12:09:25,846 - workflows.mag_grid - INFO - Created MagGrid visualization with 2 images
2025-03-18 12:09:30,672 - workflows.mag_grid - INFO - Creating MagGrid with layout 2x1 for 2 images
2025-03-18 12:09:30,689 - workflows.mag_grid - INFO - Created MagGrid visualization with 2 images
2025-03-18 12:09:31,487 - workflows.mag_grid - INFO - Creating MagGrid with layout 2x1 for 2 images
2025-03-18 12:09:31,503 - workflows.mag_grid - INFO - Created MagGrid visualization with 2 images
2025-03-18 12:09:32,247 - workflows.mag_grid - INFO - Creating MagGrid with layout 2x1 for 2 images
2025-03-18 12:09:32,282 - workflows.mag_grid - INFO - Created MagGrid visualization with 2 images
2025-03-18 12:09:32,733 - workflows.mag_grid - INFO - Creating MagGrid with layout 2x1 for 2 images
2025-03-18 12:09:32,767 - workflows.mag_grid - INFO - Created MagGrid visualization with 2 images
2025-03-18 12:09:33,861 - workflows.mag_grid - INFO - Creating MagGrid with layout 2x1 for 2 images
2025-03-18 12:09:33,899 - workflows.mag_grid - INFO - Created MagGrid visualization with 2 images
2025-03-18 12:09:34,284 - workflows.mag_grid - INFO - Creating MagGrid with layout 2x2 for 3 images
2025-03-18 12:09:34,338 - workflows.mag_grid - INFO - Created MagGrid visualization with 3 images
2025-03-18 12:09:35,380 - workflows.mag_grid - INFO - Creating MagGrid with layout 2x2 for 4 images
2025-03-18 12:09:35,442 - workflows.mag_grid - INFO - Created MagGrid visualization with 4 images
2025-03-18 12:09:45,201 - workflows.mag_grid - INFO - Creating MagGrid with layout 2x2 for 3 images
2025-03-18 12:09:45,252 - workflows.mag_grid - INFO - Created MagGrid visualization with 3 images
2025-03-18 12:09:48,546 - workflows.mag_grid - INFO - Creating MagGrid with layout 3x2 for 6 images
2025-03-18 12:09:48,639 - workflows.mag_grid - INFO - Created MagGrid visualization with 6 images
2025-03-18 12:09:55,376 - workflows.mag_grid - INFO - Creating MagGrid with layout 2x2 for 3 images
2025-03-18 12:09:55,433 - workflows.mag_grid - INFO - Created MagGrid visualization with 3 images
2025-03-18 12:10:03,530 - workflows.mag_grid - INFO - Creating MagGrid with layout 3x2 for 5 images
2025-03-18 12:10:03,610 - workflows.mag_grid - INFO - Created MagGrid visualization with 5 images
2025-03-18 12:10:06,506 - workflows.mag_grid - INFO - Creating MagGrid with layout 2x1 for 2 images
2025-03-18 12:10:06,543 - workflows.mag_grid - INFO - Created MagGrid visualization with 2 images
2025-03-18 12:23:52,686 - workflows.mag_grid - INFO - Starting MagGrid collection discovery
2025-03-18 12:23:53,059 - workflows.mag_grid - INFO - Found MagGrid pyramid with 6 levels: Magnifications: [100, 250, 499, 1000, 2000, 3999]
2025-03-18 12:23:53,398 - workflows.mag_grid - INFO - Found MagGrid pyramid with 3 levels: Magnifications: [100, 499, 3999]
2025-03-18 12:23:53,687 - workflows.mag_grid - INFO - Found MagGrid pyramid with 5 levels: Magnifications: [250, 499, 1000, 2000, 3999]
2025-03-18 12:23:53,895 - workflows.mag_grid - INFO - Found MagGrid pyramid with 2 levels: Magnifications: [499, 3999]
2025-03-18 12:23:54,078 - workflows.mag_grid - INFO - Found MagGrid pyramid with 4 levels: Magnifications: [499, 1000, 2000, 3999]
2025-03-18 12:23:54,191 - workflows.mag_grid - INFO - Found MagGrid pyramid with 3 levels: Magnifications: [1000, 2000, 3999]
2025-03-18 12:23:54,249 - workflows.mag_grid - INFO - Found MagGrid pyramid with 2 levels: Magnifications: [2000, 3999]
2025-03-18 12:23:54,347 - workflows.mag_grid - WARNING - Unusual scale factor: 0.0010000030236235714, using default 0.5
2025-03-18 12:23:54,484 - workflows.mag_grid - WARNING - Unusual scale factor: 0.0010000030236235714, using default 0.5
2025-03-18 12:23:54,632 - workflows.mag_grid - WARNING - Unusual scale factor: 0.005, using default 0.5
2025-03-18 12:23:54,679 - workflows.mag_grid - INFO - Found MagGrid pyramid with 2 levels: Magnifications: [100, 499]
2025-03-18 12:23:54,711 - workflows.mag_grid - WARNING - Unusual scale factor: 0.005, using default 0.5
2025-03-18 12:23:55,257 - workflows.mag_grid - INFO - Found MagGrid pyramid with 7 levels: Magnifications: [150, 250, 499, 2000, 3999, 7999, 16000]
2025-03-18 12:23:55,716 - workflows.mag_grid - INFO - Found MagGrid pyramid with 5 levels: Magnifications: [200, 2000, 3999, 7999, 16000]
2025-03-18 12:23:56,173 - workflows.mag_grid - INFO - Found MagGrid pyramid with 5 levels: Magnifications: [200, 2000, 3999, 7999, 16000]
2025-03-18 12:23:56,630 - workflows.mag_grid - INFO - Found MagGrid pyramid with 5 levels: Magnifications: [200, 2000, 3999, 7999, 16000]
2025-03-18 12:23:57,085 - workflows.mag_grid - INFO - Found MagGrid pyramid with 5 levels: Magnifications: [200, 2000, 3999, 7999, 16000]
2025-03-18 12:23:57,540 - workflows.mag_grid - INFO - Found MagGrid pyramid with 5 levels: Magnifications: [200, 2000, 3999, 7999, 16000]
2025-03-18 12:23:57,995 - workflows.mag_grid - INFO - Found MagGrid pyramid with 4 levels: Magnifications: [200, 3999, 7999, 16000]
2025-03-18 12:23:58,455 - workflows.mag_grid - INFO - Found MagGrid pyramid with 5 levels: Magnifications: [200, 2000, 3999, 7999, 16000]
2025-03-18 12:23:58,909 - workflows.mag_grid - INFO - Found MagGrid pyramid with 6 levels: Magnifications: [250, 499, 2000, 3999, 7999, 16000]
2025-03-18 12:23:59,242 - workflows.mag_grid - INFO - Found MagGrid pyramid with 5 levels: Magnifications: [499, 2000, 3999, 7999, 16000]
2025-03-18 12:23:59,577 - workflows.mag_grid - INFO - Found MagGrid pyramid with 5 levels: Magnifications: [499, 2000, 3999, 7999, 16000]
2025-03-18 12:23:59,836 - workflows.mag_grid - INFO - Found MagGrid pyramid with 4 levels: Magnifications: [1000, 3999, 7999, 16000]
2025-03-18 12:24:00,042 - workflows.mag_grid - INFO - Found MagGrid pyramid with 4 levels: Magnifications: [2000, 3999, 7999, 16000]
2025-03-18 12:24:00,192 - workflows.mag_grid - INFO - Found MagGrid pyramid with 3 levels: Magnifications: [3999, 7999, 16000]
2025-03-18 12:24:00,263 - workflows.mag_grid - INFO - Found MagGrid pyramid with 2 levels: Magnifications: [7999, 16000]
2025-03-18 12:24:00,809 - workflows.mag_grid - INFO - Found MagGrid pyramid with 2 levels: Magnifications: [203, 3701]
2025-03-18 12:24:00,881 - workflows.mag_grid - INFO - Found MagGrid pyramid with 2 levels: Magnifications: [499, 3701]
2025-03-18 12:24:00,953 - workflows.mag_grid - INFO - Found MagGrid pyramid with 2 levels: Magnifications: [499, 3701]
2025-03-18 12:24:01,023 - workflows.mag_grid - INFO - Found MagGrid pyramid with 2 levels: Magnifications: [499, 3701]
2025-03-18 12:24:01,094 - workflows.mag_grid - INFO - Found MagGrid pyramid with 2 levels: Magnifications: [499, 3701]
2025-03-18 12:24:01,180 - workflows.mag_grid - INFO - Found MagGrid pyramid with 2 levels: Magnifications: [500, 3701]
2025-03-18 12:24:01,264 - workflows.mag_grid - INFO - Found MagGrid pyramid with 2 levels: Magnifications: [500, 3701]
2025-03-18 12:24:01,330 - workflows.mag_grid - INFO - Found MagGrid pyramid with 2 levels: Magnifications: [714, 3701]
2025-03-18 12:24:01,331 - workflows.mag_grid - INFO - Discovered 31 MagGrid collections
2025-03-18 12:26:42,454 - workflows.mag_grid - INFO - Starting MagGrid collection discovery
2025-03-18 12:26:42,807 - workflows.mag_grid - INFO - Found MagGrid pyramid with 6 levels: Magnifications: [100, 250, 499, 1000, 2000, 3999]
2025-03-18 12:26:43,147 - workflows.mag_grid - INFO - Found MagGrid pyramid with 3 levels: Magnifications: [100, 499, 3999]
2025-03-18 12:26:43,427 - workflows.mag_grid - INFO - Found MagGrid pyramid with 5 levels: Magnifications: [250, 499, 1000, 2000, 3999]
2025-03-18 12:26:43,634 - workflows.mag_grid - INFO - Found MagGrid pyramid with 2 levels: Magnifications: [499, 3999]
2025-03-18 12:26:43,821 - workflows.mag_grid - INFO - Found MagGrid pyramid with 4 levels: Magnifications: [499, 1000, 2000, 3999]
2025-03-18 12:26:43,941 - workflows.mag_grid - INFO - Found MagGrid pyramid with 3 levels: Magnifications: [1000, 2000, 3999]
2025-03-18 12:26:43,999 - workflows.mag_grid - INFO - Found MagGrid pyramid with 2 levels: Magnifications: [2000, 3999]
2025-03-18 12:26:44,099 - workflows.mag_grid - WARNING - Unusual scale factor: 0.0010000030236235714, using default 0.5
2025-03-18 12:26:44,236 - workflows.mag_grid - WARNING - Unusual scale factor: 0.0010000030236235714, using default 0.5
2025-03-18 12:26:44,371 - workflows.mag_grid - WARNING - Unusual scale factor: 0.005, using default 0.5
2025-03-18 12:26:44,414 - workflows.mag_grid - INFO - Found MagGrid pyramid with 2 levels: Magnifications: [100, 499]
2025-03-18 12:26:44,446 - workflows.mag_grid - WARNING - Unusual scale factor: 0.005, using default 0.5
2025-03-18 12:26:44,978 - workflows.mag_grid - INFO - Found MagGrid pyramid with 7 levels: Magnifications: [150, 250, 499, 2000, 3999, 7999, 16000]
2025-03-18 12:26:45,425 - workflows.mag_grid - INFO - Found MagGrid pyramid with 5 levels: Magnifications: [200, 2000, 3999, 7999, 16000]
2025-03-18 12:26:45,900 - workflows.mag_grid - INFO - Found MagGrid pyramid with 5 levels: Magnifications: [200, 2000, 3999, 7999, 16000]
2025-03-18 12:26:46,372 - workflows.mag_grid - INFO - Found MagGrid pyramid with 5 levels: Magnifications: [200, 2000, 3999, 7999, 16000]
2025-03-18 12:26:46,844 - workflows.mag_grid - INFO - Found MagGrid pyramid with 5 levels: Magnifications: [200, 2000, 3999, 7999, 16000]
2025-03-18 12:26:47,304 - workflows.mag_grid - INFO - Found MagGrid pyramid with 5 levels: Magnifications: [200, 2000, 3999, 7999, 16000]
2025-03-18 12:26:47,809 - workflows.mag_grid - INFO - Found MagGrid pyramid with 4 levels: Magnifications: [200, 3999, 7999, 16000]
2025-03-18 12:26:48,272 - workflows.mag_grid - INFO - Found MagGrid pyramid with 5 levels: Magnifications: [200, 2000, 3999, 7999, 16000]
2025-03-18 12:26:48,735 - workflows.mag_grid - INFO - Found MagGrid pyramid with 6 levels: Magnifications: [250, 499, 2000, 3999, 7999, 16000]
2025-03-18 12:26:49,078 - workflows.mag_grid - INFO - Found MagGrid pyramid with 5 levels: Magnifications: [499, 2000, 3999, 7999, 16000]
2025-03-18 12:26:49,416 - workflows.mag_grid - INFO - Found MagGrid pyramid with 5 levels: Magnifications: [499, 2000, 3999, 7999, 16000]
2025-03-18 12:26:49,677 - workflows.mag_grid - INFO - Found MagGrid pyramid with 4 levels: Magnifications: [1000, 3999, 7999, 16000]
2025-03-18 12:26:49,876 - workflows.mag_grid - INFO - Found MagGrid pyramid with 4 levels: Magnifications: [2000, 3999, 7999, 16000]
2025-03-18 12:26:50,015 - workflows.mag_grid - INFO - Found MagGrid pyramid with 3 levels: Magnifications: [3999, 7999, 16000]
2025-03-18 12:26:50,086 - workflows.mag_grid - INFO - Found MagGrid pyramid with 2 levels: Magnifications: [7999, 16000]
2025-03-18 12:26:50,637 - workflows.mag_grid - INFO - Found MagGrid pyramid with 2 levels: Magnifications: [203, 3701]
2025-03-18 12:26:50,709 - workflows.mag_grid - INFO - Found MagGrid pyramid with 2 levels: Magnifications: [499, 3701]
2025-03-18 12:26:50,779 - workflows.mag_grid - INFO - Found MagGrid pyramid with 2 levels: Magnifications: [499, 3701]
2025-03-18 12:26:50,852 - workflows.mag_grid - INFO - Found MagGrid pyramid with 2 levels: Magnifications: [499, 3701]
2025-03-18 12:26:50,923 - workflows.mag_grid - INFO - Found MagGrid pyramid with 2 levels: Magnifications: [499, 3701]
2025-03-18 12:26:51,012 - workflows.mag_grid - INFO - Found MagGrid pyramid with 2 levels: Magnifications: [500, 3701]
2025-03-18 12:26:51,096 - workflows.mag_grid - INFO - Found MagGrid pyramid with 2 levels: Magnifications: [500, 3701]
2025-03-18 12:26:51,163 - workflows.mag_grid - INFO - Found MagGrid pyramid with 2 levels: Magnifications: [714, 3701]
2025-03-18 12:26:51,163 - workflows.mag_grid - INFO - Discovered 31 MagGrid collections
2025-03-18 12:30:15,734 - workflows.mag_grid - INFO - Starting MagGrid collection discovery
2025-03-18 12:30:16,092 - workflows.mag_grid - INFO - Found MagGrid pyramid with 6 levels: Magnifications: [100, 250, 499, 1000, 2000, 3999]
2025-03-18 12:30:16,441 - workflows.mag_grid - INFO - Found MagGrid pyramid with 3 levels: Magnifications: [100, 499, 3999]
2025-03-18 12:30:16,721 - workflows.mag_grid - INFO - Found MagGrid pyramid with 5 levels: Magnifications: [250, 499, 1000, 2000, 3999]
2025-03-18 12:30:16,932 - workflows.mag_grid - INFO - Found MagGrid pyramid with 2 levels: Magnifications: [499, 3999]
2025-03-18 12:30:17,114 - workflows.mag_grid - INFO - Found MagGrid pyramid with 4 levels: Magnifications: [499, 1000, 2000, 3999]
2025-03-18 12:30:17,228 - workflows.mag_grid - INFO - Found MagGrid pyramid with 3 levels: Magnifications: [1000, 2000, 3999]
2025-03-18 12:30:17,287 - workflows.mag_grid - INFO - Found MagGrid pyramid with 2 levels: Magnifications: [2000, 3999]
2025-03-18 12:30:17,387 - workflows.mag_grid - WARNING - Unusual scale factor: 0.0010000030236235714, using default 0.5
2025-03-18 12:30:17,526 - workflows.mag_grid - WARNING - Unusual scale factor: 0.0010000030236235714, using default 0.5
2025-03-18 12:30:17,661 - workflows.mag_grid - WARNING - Unusual scale factor: 0.005, using default 0.5
2025-03-18 12:30:17,704 - workflows.mag_grid - INFO - Found MagGrid pyramid with 2 levels: Magnifications: [100, 499]
2025-03-18 12:30:17,736 - workflows.mag_grid - WARNING - Unusual scale factor: 0.005, using default 0.5
2025-03-18 12:30:18,272 - workflows.mag_grid - INFO - Found MagGrid pyramid with 7 levels: Magnifications: [150, 250, 499, 2000, 3999, 7999, 16000]
2025-03-18 12:30:18,728 - workflows.mag_grid - INFO - Found MagGrid pyramid with 5 levels: Magnifications: [200, 2000, 3999, 7999, 16000]
2025-03-18 12:30:19,186 - workflows.mag_grid - INFO - Found MagGrid pyramid with 5 levels: Magnifications: [200, 2000, 3999, 7999, 16000]
2025-03-18 12:30:19,651 - workflows.mag_grid - INFO - Found MagGrid pyramid with 5 levels: Magnifications: [200, 2000, 3999, 7999, 16000]
2025-03-18 12:30:20,119 - workflows.mag_grid - INFO - Found MagGrid pyramid with 5 levels: Magnifications: [200, 2000, 3999, 7999, 16000]
2025-03-18 12:30:20,577 - workflows.mag_grid - INFO - Found MagGrid pyramid with 5 levels: Magnifications: [200, 2000, 3999, 7999, 16000]
2025-03-18 12:30:21,030 - workflows.mag_grid - INFO - Found MagGrid pyramid with 4 levels: Magnifications: [200, 3999, 7999, 16000]
2025-03-18 12:30:21,499 - workflows.mag_grid - INFO - Found MagGrid pyramid with 5 levels: Magnifications: [200, 2000, 3999, 7999, 16000]
2025-03-18 12:30:21,938 - workflows.mag_grid - INFO - Found MagGrid pyramid with 6 levels: Magnifications: [250, 499, 2000, 3999, 7999, 16000]
2025-03-18 12:30:22,286 - workflows.mag_grid - INFO - Found MagGrid pyramid with 5 levels: Magnifications: [499, 2000, 3999, 7999, 16000]
2025-03-18 12:30:22,620 - workflows.mag_grid - INFO - Found MagGrid pyramid with 5 levels: Magnifications: [499, 2000, 3999, 7999, 16000]
2025-03-18 12:30:22,893 - workflows.mag_grid - INFO - Found MagGrid pyramid with 4 levels: Magnifications: [1000, 3999, 7999, 16000]
2025-03-18 12:30:23,091 - workflows.mag_grid - INFO - Found MagGrid pyramid with 4 levels: Magnifications: [2000, 3999, 7999, 16000]
2025-03-18 12:30:23,233 - workflows.mag_grid - INFO - Found MagGrid pyramid with 3 levels: Magnifications: [3999, 7999, 16000]
2025-03-18 12:30:23,307 - workflows.mag_grid - INFO - Found MagGrid pyramid with 2 levels: Magnifications: [7999, 16000]
2025-03-18 12:30:23,863 - workflows.mag_grid - INFO - Found MagGrid pyramid with 2 levels: Magnifications: [203, 3701]
2025-03-18 12:30:23,934 - workflows.mag_grid - INFO - Found MagGrid pyramid with 2 levels: Magnifications: [499, 3701]
2025-03-18 12:30:24,008 - workflows.mag_grid - INFO - Found MagGrid pyramid with 2 levels: Magnifications: [499, 3701]
2025-03-18 12:30:24,083 - workflows.mag_grid - INFO - Found MagGrid pyramid with 2 levels: Magnifications: [499, 3701]
2025-03-18 12:30:24,158 - workflows.mag_grid - INFO - Found MagGrid pyramid with 2 levels: Magnifications: [499, 3701]
2025-03-18 12:30:24,247 - workflows.mag_grid - INFO - Found MagGrid pyramid with 2 levels: Magnifications: [500, 3701]
2025-03-18 12:30:24,334 - workflows.mag_grid - INFO - Found MagGrid pyramid with 2 levels: Magnifications: [500, 3701]
2025-03-18 12:30:24,409 - workflows.mag_grid - INFO - Found MagGrid pyramid with 2 levels: Magnifications: [714, 3701]
2025-03-18 12:30:24,409 - workflows.mag_grid - INFO - Discovered 31 MagGrid collections
2025-03-18 12:31:37,072 - workflows.mag_grid - INFO - Creating MagGrid with layout 3x2 for 6 images
2025-03-18 12:31:37,169 - workflows.mag_grid - INFO - Created MagGrid visualization with 6 images
2025-03-18 12:31:40,963 - workflows.mag_grid - INFO - Creating MagGrid with layout 3x2 for 6 images
2025-03-18 12:31:41,054 - workflows.mag_grid - INFO - Created MagGrid visualization with 6 images
2025-03-18 12:31:45,544 - workflows.mag_grid - INFO - Creating MagGrid with layout 2x2 for 3 images
2025-03-18 12:31:45,601 - workflows.mag_grid - INFO - Created MagGrid visualization with 3 images
2025-03-18 12:31:50,237 - workflows.mag_grid - INFO - Creating MagGrid with layout 3x2 for 6 images
2025-03-18 12:31:50,333 - workflows.mag_grid - INFO - Created MagGrid visualization with 6 images
2025-03-18 12:32:03,628 - workflows.mag_grid - INFO - Creating MagGrid with layout 2x2 for 4 images
2025-03-18 12:32:03,689 - workflows.mag_grid - INFO - Created MagGrid visualization with 4 images
2025-03-18 12:32:10,802 - workflows.mag_grid - INFO - Creating MagGrid with layout 2x2 for 3 images
2025-03-18 12:32:10,854 - workflows.mag_grid - INFO - Created MagGrid visualization with 3 images
2025-03-18 12:32:12,290 - workflows.mag_grid - INFO - Creating MagGrid with layout 2x1 for 2 images
2025-03-18 12:32:12,324 - workflows.mag_grid - INFO - Created MagGrid visualization with 2 images
2025-03-18 12:32:13,584 - workflows.mag_grid - INFO - Creating MagGrid with layout 2x1 for 2 images
2025-03-18 12:32:13,607 - workflows.mag_grid - INFO - Created MagGrid visualization with 2 images
2025-03-18 12:32:19,183 - workflows.mag_grid - INFO - Creating MagGrid with layout 2x1 for 2 images
2025-03-18 12:32:19,217 - workflows.mag_grid - INFO - Created MagGrid visualization with 2 images
2025-03-18 12:32:29,208 - workflows.mag_grid - INFO - Creating MagGrid with layout 2x1 for 2 images
2025-03-18 12:32:29,224 - workflows.mag_grid - INFO - Created MagGrid visualization with 2 images
2025-03-18 12:32:33,185 - workflows.mag_grid - INFO - Creating MagGrid with layout 2x1 for 2 images
2025-03-18 12:32:33,210 - workflows.mag_grid - INFO - Created MagGrid visualization with 2 images
2025-03-18 12:32:34,290 - workflows.mag_grid - INFO - Creating MagGrid with layout 2x1 for 2 images
2025-03-18 12:32:34,319 - workflows.mag_grid - INFO - Created MagGrid visualization with 2 images
2025-03-18 12:32:37,619 - workflows.mag_grid - INFO - Creating MagGrid with layout 2x1 for 2 images
2025-03-18 12:32:37,653 - workflows.mag_grid - INFO - Created MagGrid visualization with 2 images
2025-03-18 12:32:39,192 - workflows.mag_grid - INFO - Creating MagGrid with layout 2x1 for 2 images
2025-03-18 12:32:39,227 - workflows.mag_grid - INFO - Created MagGrid visualization with 2 images
2025-03-18 12:32:41,603 - workflows.mag_grid - INFO - Creating MagGrid with layout 2x1 for 2 images
2025-03-18 12:32:41,639 - workflows.mag_grid - INFO - Created MagGrid visualization with 2 images
2025-03-18 12:32:42,420 - workflows.mag_grid - INFO - Creating MagGrid with layout 2x1 for 2 images
2025-03-18 12:32:42,454 - workflows.mag_grid - INFO - Created MagGrid visualization with 2 images
2025-03-18 12:32:43,689 - workflows.mag_grid - INFO - Creating MagGrid with layout 2x2 for 4 images
2025-03-18 12:32:43,762 - workflows.mag_grid - INFO - Created MagGrid visualization with 4 images
2025-03-18 12:32:46,312 - workflows.mag_grid - INFO - Creating MagGrid with layout 2x2 for 3 images
2025-03-18 12:32:46,364 - workflows.mag_grid - INFO - Created MagGrid visualization with 3 images
2025-03-18 12:32:46,963 - workflows.mag_grid - INFO - Creating MagGrid with layout 3x2 for 5 images
2025-03-18 12:32:47,044 - workflows.mag_grid - INFO - Created MagGrid visualization with 5 images
2025-03-18 12:32:48,349 - workflows.mag_grid - INFO - Creating MagGrid with layout 2x1 for 2 images
2025-03-18 12:32:48,384 - workflows.mag_grid - INFO - Created MagGrid visualization with 2 images
2025-03-18 12:32:51,027 - workflows.mag_grid - INFO - Creating MagGrid with layout 2x2 for 4 images
2025-03-18 12:32:51,093 - workflows.mag_grid - INFO - Created MagGrid visualization with 4 images
