2025-03-17 18:50:08,302 - workflows.mode_grid - INFO - Starting ModeGrid collection discovery
2025-03-17 18:50:08,308 - workflows.mode_grid - INFO - Found ModeGrid collection with 3 modes at position -0.000346_0.014172
2025-03-17 18:50:08,308 - workflows.mode_grid - INFO - Discovered 1 ModeGrid collections
2025-03-17 18:50:42,230 - workflows.mode_grid - INFO - Starting ModeGrid collection discovery
2025-03-17 18:50:42,235 - workflows.mode_grid - INFO - Found ModeGrid collection with 3 modes at position -0.000346_0.014172
2025-03-17 18:50:42,235 - workflows.mode_grid - INFO - Discovered 1 ModeGrid collections
2025-03-17 18:50:45,807 - workflows.mode_grid - INFO - Creating ModeGrid with layout 2x2 for 3 images
2025-03-17 18:50:45,874 - workflows.mode_grid - INFO - Created ModeGrid visualization with 3 images
2025-03-17 18:50:54,821 - workflows.mode_grid - INFO - Starting ModeGrid collection discovery
2025-03-17 18:50:54,824 - workflows.mode_grid - INFO - Found ModeGrid collection with 3 modes at position -0.000346_0.014172
2025-03-17 18:50:54,825 - workflows.mode_grid - INFO - Discovered 1 ModeGrid collections
2025-03-17 18:51:00,340 - workflows.mode_grid - INFO - Starting ModeGrid collection discovery
2025-03-17 18:51:00,346 - workflows.mode_grid - INFO - Found ModeGrid collection with 3 modes at position -0.000346_0.014172
2025-03-17 18:51:00,346 - workflows.mode_grid - INFO - Discovered 1 ModeGrid collections
2025-03-17 18:51:08,553 - workflows.mode_grid - INFO - Creating ModeGrid with layout 2x2 for 3 images
2025-03-17 18:51:08,604 - workflows.mode_grid - INFO - Created ModeGrid visualization with 3 images
2025-03-17 18:51:53,489 - workflows.mode_grid - INFO - Starting ModeGrid collection discovery
2025-03-17 18:51:53,494 - workflows.mode_grid - INFO - Found ModeGrid collection with 3 modes at position -0.000346_0.014172
2025-03-17 18:51:53,494 - workflows.mode_grid - INFO - Discovered 1 ModeGrid collections
2025-03-17 18:51:59,718 - workflows.mode_grid - INFO - Creating ModeGrid with layout 2x2 for 3 images
2025-03-17 18:51:59,773 - workflows.mode_grid - INFO - Created ModeGrid visualization with 3 images
2025-03-17 19:34:55,116 - workflows.mode_grid - INFO - Starting ModeGrid collection discovery
2025-03-17 19:34:55,116 - workflows.mode_grid - INFO - No manual collections found, using position-based grouping
2025-03-17 19:34:55,120 - workflows.mode_grid - INFO - Found ModeGrid collection with 3 modes at position -0.000346_0.014172
2025-03-17 19:34:55,120 - workflows.mode_grid - INFO - Discovered 1 ModeGrid collections
2025-03-17 19:34:58,239 - workflows.mode_grid - INFO - Creating ModeGrid with layout 2x2 for 3 images
2025-03-17 19:34:58,324 - workflows.mode_grid - INFO - Created ModeGrid visualization with 3 images
2025-03-17 19:35:15,466 - workflows.mode_grid - INFO - Starting ModeGrid collection discovery
2025-03-17 19:35:15,466 - workflows.mode_grid - INFO - No manual collections found, using position-based grouping
2025-03-17 19:35:15,470 - workflows.mode_grid - INFO - Found ModeGrid collection with 3 modes at position -0.000346_0.014172
2025-03-17 19:35:15,470 - workflows.mode_grid - INFO - Discovered 1 ModeGrid collections
