2025-03-17 18:49:55,461 - workflows.workflow_base - INFO - Created workflow folder: C:/Z/_Blaise_Tools/_Notes/SEM1-436\MagGridWorkflow
2025-03-17 18:49:55,466 - workflows.workflow_base - INFO - Saved collection: C:/Z/_Blaise_Tools/_Notes/SEM1-436\MagGridWorkflow\collection_132283d1-ce0c-4f36-bf2d-5ca741f14151.json
2025-03-17 18:49:55,815 - workflows.workflow_base - INFO - Saved collection: C:/Z/_Blaise_Tools/_Notes/SEM1-436\MagGridWorkflow\collection_1717a03f-d24f-424e-a941-cce5c4e74271.json
2025-03-17 18:49:56,097 - workflows.workflow_base - INFO - Saved collection: C:/Z/_Blaise_Tools/_Notes/SEM1-436\MagGridWorkflow\collection_25f4fb49-9d73-4415-a6bc-1d64ea4aab57.json
2025-03-17 18:49:56,300 - workflows.workflow_base - INFO - Saved collection: C:/Z/_Blaise_Tools/_Notes/SEM1-436\MagGridWorkflow\collection_c31460ff-73d4-46ec-8aee-e746bf1da0ed.json
2025-03-17 18:49:56,479 - workflows.workflow_base - INFO - Saved collection: C:/Z/_Blaise_Tools/_Notes/SEM1-436\MagGridWorkflow\collection_0149db03-6233-4bf7-a79b-e3714f17e630.json
2025-03-17 18:49:56,590 - workflows.workflow_base - INFO - Saved collection: C:/Z/_Blaise_Tools/_Notes/SEM1-436\MagGridWorkflow\collection_6eb69698-5ebc-42e3-bcee-27d2e3d10c5f.json
2025-03-17 18:49:56,647 - workflows.workflow_base - INFO - Saved collection: C:/Z/_Blaise_Tools/_Notes/SEM1-436\MagGridWorkflow\collection_8f2b00ab-c5c6-4ef2-b2cd-adb5d6185611.json
2025-03-17 18:49:57,084 - workflows.workflow_base - INFO - Saved collection: C:/Z/_Blaise_Tools/_Notes/SEM1-436\MagGridWorkflow\collection_73543a12-ea83-4128-8e26-740df6fc38d2.json
2025-03-17 18:49:57,674 - workflows.workflow_base - INFO - Saved collection: C:/Z/_Blaise_Tools/_Notes/SEM1-436\MagGridWorkflow\collection_cb905711-4efb-4787-abb9-d1ec513c44f4.json
2025-03-17 18:49:58,145 - workflows.workflow_base - INFO - Saved collection: C:/Z/_Blaise_Tools/_Notes/SEM1-436\MagGridWorkflow\collection_59d3bc1e-1a6c-4ff4-b071-5f4a5c016a23.json
2025-03-17 18:49:58,591 - workflows.workflow_base - INFO - Saved collection: C:/Z/_Blaise_Tools/_Notes/SEM1-436\MagGridWorkflow\collection_46ffec7d-7938-4a63-931c-2aa5fc808091.json
2025-03-17 18:49:59,060 - workflows.workflow_base - INFO - Saved collection: C:/Z/_Blaise_Tools/_Notes/SEM1-436\MagGridWorkflow\collection_f92e7993-5e27-4a15-9333-8d7554dce535.json
2025-03-17 18:49:59,504 - workflows.workflow_base - INFO - Saved collection: C:/Z/_Blaise_Tools/_Notes/SEM1-436\MagGridWorkflow\collection_58858044-bc4b-4b91-8b31-2c2529b0e6aa.json
2025-03-17 18:49:59,963 - workflows.workflow_base - INFO - Saved collection: C:/Z/_Blaise_Tools/_Notes/SEM1-436\MagGridWorkflow\collection_8d625afc-8175-417c-91c2-be7f71ee8914.json
2025-03-17 18:50:00,421 - workflows.workflow_base - INFO - Saved collection: C:/Z/_Blaise_Tools/_Notes/SEM1-436\MagGridWorkflow\collection_840cecab-a7d9-4c84-a3cf-47aae136e3a9.json
2025-03-17 18:50:00,875 - workflows.workflow_base - INFO - Saved collection: C:/Z/_Blaise_Tools/_Notes/SEM1-436\MagGridWorkflow\collection_8067bbb4-3f2e-4558-b1a3-d35f8cd0f062.json
2025-03-17 18:50:01,300 - workflows.workflow_base - INFO - Saved collection: C:/Z/_Blaise_Tools/_Notes/SEM1-436\MagGridWorkflow\collection_7f32e4bd-3108-4da1-b712-e515da41b086.json
2025-03-17 18:50:01,621 - workflows.workflow_base - INFO - Saved collection: C:/Z/_Blaise_Tools/_Notes/SEM1-436\MagGridWorkflow\collection_8099fe02-f1f5-4788-899f-6a3446ad7a26.json
2025-03-17 18:50:01,946 - workflows.workflow_base - INFO - Saved collection: C:/Z/_Blaise_Tools/_Notes/SEM1-436\MagGridWorkflow\collection_9940d7aa-b44c-4e3d-99d6-3a8c2009e2b5.json
2025-03-17 18:50:02,208 - workflows.workflow_base - INFO - Saved collection: C:/Z/_Blaise_Tools/_Notes/SEM1-436\MagGridWorkflow\collection_490760dc-290e-44b9-9380-c438291b60f2.json
2025-03-17 18:50:02,398 - workflows.workflow_base - INFO - Saved collection: C:/Z/_Blaise_Tools/_Notes/SEM1-436\MagGridWorkflow\collection_9ee19c20-169c-4fa1-9dea-667d126923a9.json
2025-03-17 18:50:02,536 - workflows.workflow_base - INFO - Saved collection: C:/Z/_Blaise_Tools/_Notes/SEM1-436\MagGridWorkflow\collection_c55c1af0-39e2-483b-a30f-d01c50e71180.json
2025-03-17 18:50:02,607 - workflows.workflow_base - INFO - Saved collection: C:/Z/_Blaise_Tools/_Notes/SEM1-436\MagGridWorkflow\collection_a7622ab3-d6e7-4507-b203-3aec2021b892.json
2025-03-17 18:50:03,173 - workflows.workflow_base - INFO - Saved collection: C:/Z/_Blaise_Tools/_Notes/SEM1-436\MagGridWorkflow\collection_0d3da9c8-c59a-42e9-a6a7-e0c12ddb9d7a.json
2025-03-17 18:50:03,242 - workflows.workflow_base - INFO - Saved collection: C:/Z/_Blaise_Tools/_Notes/SEM1-436\MagGridWorkflow\collection_37256148-a255-48a6-ab8e-5ab3ec6b5184.json
2025-03-17 18:50:03,311 - workflows.workflow_base - INFO - Saved collection: C:/Z/_Blaise_Tools/_Notes/SEM1-436\MagGridWorkflow\collection_0263fe4c-bc4a-49c1-8d1c-efaac3731353.json
2025-03-17 18:50:03,381 - workflows.workflow_base - INFO - Saved collection: C:/Z/_Blaise_Tools/_Notes/SEM1-436\MagGridWorkflow\collection_3dbbfafa-bb41-42b3-8fe5-589d6c463fee.json
2025-03-17 18:50:03,449 - workflows.workflow_base - INFO - Saved collection: C:/Z/_Blaise_Tools/_Notes/SEM1-436\MagGridWorkflow\collection_3f931f1a-15b9-4ad3-a6b6-347cfd6c365b.json
2025-03-17 18:50:03,534 - workflows.workflow_base - INFO - Saved collection: C:/Z/_Blaise_Tools/_Notes/SEM1-436\MagGridWorkflow\collection_0b35fd4d-6274-4f2b-89b3-8f172858b0a7.json
2025-03-17 18:50:03,618 - workflows.workflow_base - INFO - Saved collection: C:/Z/_Blaise_Tools/_Notes/SEM1-436\MagGridWorkflow\collection_9bf3229e-3457-4231-93be-09f3c92b3c5e.json
2025-03-17 18:50:03,684 - workflows.workflow_base - INFO - Saved collection: C:/Z/_Blaise_Tools/_Notes/SEM1-436\MagGridWorkflow\collection_3b1b0d64-db9e-47d7-8c76-8cea3d71dfa6.json
2025-03-17 18:50:08,303 - workflows.workflow_base - INFO - Created workflow folder: C:/Z/_Blaise_Tools/_Notes/SEM1-436\ModeGridWorkflow
2025-03-17 18:50:08,307 - workflows.workflow_base - INFO - Saved collection: C:/Z/_Blaise_Tools/_Notes/SEM1-436\ModeGridWorkflow\collection_mode_grid_-0.000346_0.014172.json
2025-03-17 18:50:42,234 - workflows.workflow_base - INFO - Saved collection: C:/Z/_Blaise_Tools/_Notes/SEM1-436\ModeGridWorkflow\collection_mode_grid_-0.000346_0.014172.json
2025-03-17 18:50:54,824 - workflows.workflow_base - INFO - Saved collection: C:/Z/_Blaise_Tools/_Notes/SEM1-436\ModeGridWorkflow\collection_mode_grid_-0.000346_0.014172.json
2025-03-17 18:51:00,346 - workflows.workflow_base - INFO - Saved collection: C:/Z/_Blaise_Tools/_Notes/SEM1-436\ModeGridWorkflow\collection_mode_grid_-0.000346_0.014172.json
2025-03-17 18:51:53,493 - workflows.workflow_base - INFO - Saved collection: C:/Z/_Blaise_Tools/_Notes/SEM1-436\ModeGridWorkflow\collection_mode_grid_-0.000346_0.014172.json
2025-03-17 19:34:55,120 - workflows.workflow_base - INFO - Saved collection: C:/Z/_Blaise_Tools/_Notes/SEM1-436\ModeGridWorkflow\collection_mode_grid_-0.000346_0.014172.json
2025-03-17 19:35:15,470 - workflows.workflow_base - INFO - Saved collection: C:/Z/_Blaise_Tools/_Notes/SEM1-436\ModeGridWorkflow\collection_mode_grid_-0.000346_0.014172.json
